{"C:\\Users\\Kevin.Jia\\Documents\\Heroku\\Cooking Buddy\\Ingredient.js":{"path":"C:\\Users\\Kevin.Jia\\Documents\\Heroku\\Cooking Buddy\\Ingredient.js","s":{"1":1,"2":1,"3":1,"4":1,"5":1,"6":1,"7":48,"8":48,"9":48,"10":48,"11":48,"12":48,"13":48,"14":48,"15":48,"16":48,"17":48,"18":48,"19":48,"20":48,"21":48,"22":22,"23":22,"24":22,"25":22,"26":22,"27":22,"28":0,"29":0,"30":22,"31":22,"32":1,"33":21,"34":48,"35":15,"36":15,"37":0,"38":0,"39":15,"40":15,"41":1,"42":1,"43":14,"44":14,"45":14,"46":14,"47":0,"48":0,"49":14,"50":14,"51":13,"52":13,"53":13,"54":13,"55":0,"56":13,"57":1,"58":1,"59":1,"60":1,"61":0,"62":1,"63":0,"64":48,"65":3,"66":3,"67":0,"68":0,"69":3,"70":3,"71":0,"72":0,"73":3,"74":3,"75":3,"76":3,"77":0,"78":0,"79":3,"80":3,"81":1,"82":2,"83":2,"84":2,"85":1,"86":1,"87":0,"88":1,"89":1,"90":1,"91":0,"92":1,"93":48,"94":2,"95":2,"96":2,"97":0,"98":0,"99":2,"100":2,"101":2,"102":2,"103":0,"104":2,"105":48,"106":1,"107":1,"108":1,"109":0,"110":0,"111":1,"112":1,"113":1,"114":1,"115":0,"116":1,"117":48,"118":1,"119":1,"120":1,"121":0,"122":0,"123":1,"124":1,"125":1,"126":1,"127":0,"128":1,"129":48,"130":22,"131":48,"132":0,"133":48,"134":22,"135":48,"136":0,"137":48,"138":0,"139":0,"140":0,"141":1},"b":{"1":[0,22],"2":[1,21],"3":[0,15],"4":[1,14],"5":[0,14],"6":[13,1],"7":[0,13],"8":[1,0],"9":[0,1],"10":[0,3],"11":[0,3],"12":[0,3],"13":[1,2],"14":[1,1],"15":[0,1],"16":[0,1],"17":[0,2],"18":[0,2],"19":[0,1],"20":[0,1],"21":[0,1],"22":[0,1]},"f":{"1":48,"2":22,"3":22,"4":15,"5":15,"6":14,"7":13,"8":1,"9":3,"10":3,"11":3,"12":1,"13":1,"14":2,"15":2,"16":2,"17":1,"18":1,"19":1,"20":1,"21":1,"22":1,"23":22,"24":0,"25":22,"26":0,"27":0},"fnMap":{"1":{"name":"Ingredient","line":12,"loc":{"start":{"line":12,"column":0},"end":{"line":12,"column":79}}},"2":{"name":"(anonymous_2)","line":28,"loc":{"start":{"line":28,"column":22},"end":{"line":28,"column":41}}},"3":{"name":"(anonymous_3)","line":32,"loc":{"start":{"line":32,"column":19},"end":{"line":32,"column":41}}},"4":{"name":"(anonymous_4)","line":54,"loc":{"start":{"line":54,"column":15},"end":{"line":54,"column":34}}},"5":{"name":"(anonymous_5)","line":60,"loc":{"start":{"line":60,"column":17},"end":{"line":60,"column":31}}},"6":{"name":"(anonymous_6)","line":70,"loc":{"start":{"line":70,"column":29},"end":{"line":70,"column":51}}},"7":{"name":"(anonymous_7)","line":81,"loc":{"start":{"line":81,"column":30},"end":{"line":81,"column":52}}},"8":{"name":"(anonymous_8)","line":93,"loc":{"start":{"line":93,"column":30},"end":{"line":93,"column":52}}},"9":{"name":"(anonymous_9)","line":116,"loc":{"start":{"line":116,"column":18},"end":{"line":116,"column":37}}},"10":{"name":"(anonymous_10)","line":122,"loc":{"start":{"line":122,"column":17},"end":{"line":122,"column":31}}},"11":{"name":"(anonymous_11)","line":129,"loc":{"start":{"line":129,"column":29},"end":{"line":129,"column":51}}},"12":{"name":"(anonymous_12)","line":142,"loc":{"start":{"line":142,"column":27},"end":{"line":142,"column":49}}},"13":{"name":"(anonymous_13)","line":152,"loc":{"start":{"line":152,"column":27},"end":{"line":152,"column":49}}},"14":{"name":"(anonymous_14)","line":166,"loc":{"start":{"line":166,"column":21},"end":{"line":166,"column":40}}},"15":{"name":"(anonymous_15)","line":168,"loc":{"start":{"line":168,"column":17},"end":{"line":168,"column":31}}},"16":{"name":"(anonymous_16)","line":175,"loc":{"start":{"line":175,"column":29},"end":{"line":175,"column":51}}},"17":{"name":"(anonymous_17)","line":186,"loc":{"start":{"line":186,"column":28},"end":{"line":186,"column":47}}},"18":{"name":"(anonymous_18)","line":188,"loc":{"start":{"line":188,"column":17},"end":{"line":188,"column":31}}},"19":{"name":"(anonymous_19)","line":195,"loc":{"start":{"line":195,"column":29},"end":{"line":195,"column":51}}},"20":{"name":"(anonymous_20)","line":206,"loc":{"start":{"line":206,"column":24},"end":{"line":206,"column":43}}},"21":{"name":"(anonymous_21)","line":208,"loc":{"start":{"line":208,"column":17},"end":{"line":208,"column":31}}},"22":{"name":"(anonymous_22)","line":215,"loc":{"start":{"line":215,"column":29},"end":{"line":215,"column":51}}},"23":{"name":"(anonymous_23)","line":231,"loc":{"start":{"line":231,"column":28},"end":{"line":231,"column":44}}},"24":{"name":"(anonymous_24)","line":235,"loc":{"start":{"line":235,"column":28},"end":{"line":235,"column":39}}},"25":{"name":"(anonymous_25)","line":239,"loc":{"start":{"line":239,"column":21},"end":{"line":239,"column":38}}},"26":{"name":"(anonymous_26)","line":243,"loc":{"start":{"line":243,"column":21},"end":{"line":243,"column":32}}},"27":{"name":"(anonymous_27)","line":251,"loc":{"start":{"line":251,"column":19},"end":{"line":251,"column":59}}}},"statementMap":{"1":{"start":{"line":1,"column":0},"end":{"line":1,"column":23}},"2":{"start":{"line":2,"column":0},"end":{"line":2,"column":42}},"3":{"start":{"line":3,"column":0},"end":{"line":3,"column":48}},"4":{"start":{"line":4,"column":0},"end":{"line":4,"column":56}},"5":{"start":{"line":5,"column":0},"end":{"line":5,"column":44}},"6":{"start":{"line":12,"column":0},"end":{"line":256,"column":1}},"7":{"start":{"line":13,"column":4},"end":{"line":13,"column":29}},"8":{"start":{"line":14,"column":4},"end":{"line":14,"column":43}},"9":{"start":{"line":15,"column":4},"end":{"line":15,"column":43}},"10":{"start":{"line":16,"column":4},"end":{"line":16,"column":29}},"11":{"start":{"line":17,"column":4},"end":{"line":17,"column":21}},"12":{"start":{"line":18,"column":4},"end":{"line":18,"column":28}},"13":{"start":{"line":19,"column":4},"end":{"line":19,"column":23}},"14":{"start":{"line":20,"column":4},"end":{"line":20,"column":26}},"15":{"start":{"line":21,"column":4},"end":{"line":21,"column":23}},"16":{"start":{"line":22,"column":4},"end":{"line":22,"column":22}},"17":{"start":{"line":23,"column":4},"end":{"line":23,"column":20}},"18":{"start":{"line":24,"column":4},"end":{"line":24,"column":52}},"19":{"start":{"line":25,"column":4},"end":{"line":25,"column":146}},"20":{"start":{"line":26,"column":4},"end":{"line":26,"column":41}},"21":{"start":{"line":28,"column":4},"end":{"line":54,"column":4}},"22":{"start":{"line":29,"column":1},"end":{"line":29,"column":17}},"23":{"start":{"line":30,"column":1},"end":{"line":30,"column":48}},"24":{"start":{"line":31,"column":1},"end":{"line":31,"column":48}},"25":{"start":{"line":32,"column":1},"end":{"line":45,"column":4}},"26":{"start":{"line":33,"column":5},"end":{"line":33,"column":22}},"27":{"start":{"line":34,"column":5},"end":{"line":37,"column":6}},"28":{"start":{"line":35,"column":2},"end":{"line":35,"column":28}},"29":{"start":{"line":36,"column":2},"end":{"line":36,"column":9}},"30":{"start":{"line":38,"column":5},"end":{"line":38,"column":50}},"31":{"start":{"line":39,"column":5},"end":{"line":44,"column":6}},"32":{"start":{"line":40,"column":2},"end":{"line":40,"column":35}},"33":{"start":{"line":43,"column":2},"end":{"line":43,"column":30}},"34":{"start":{"line":54,"column":4},"end":{"line":116,"column":4}},"35":{"start":{"line":55,"column":1},"end":{"line":55,"column":17}},"36":{"start":{"line":56,"column":1},"end":{"line":59,"column":2}},"37":{"start":{"line":57,"column":5},"end":{"line":57,"column":49}},"38":{"start":{"line":58,"column":5},"end":{"line":58,"column":12}},"39":{"start":{"line":60,"column":1},"end":{"line":107,"column":4}},"40":{"start":{"line":61,"column":5},"end":{"line":64,"column":6}},"41":{"start":{"line":62,"column":2},"end":{"line":62,"column":16}},"42":{"start":{"line":63,"column":2},"end":{"line":63,"column":9}},"43":{"start":{"line":65,"column":5},"end":{"line":65,"column":108}},"44":{"start":{"line":66,"column":5},"end":{"line":66,"column":58}},"45":{"start":{"line":70,"column":5},"end":{"line":106,"column":8}},"46":{"start":{"line":72,"column":2},"end":{"line":75,"column":3}},"47":{"start":{"line":73,"column":6},"end":{"line":73,"column":32}},"48":{"start":{"line":74,"column":6},"end":{"line":74,"column":13}},"49":{"start":{"line":76,"column":2},"end":{"line":76,"column":47}},"50":{"start":{"line":78,"column":2},"end":{"line":105,"column":3}},"51":{"start":{"line":79,"column":6},"end":{"line":79,"column":46}},"52":{"start":{"line":80,"column":6},"end":{"line":80,"column":54}},"53":{"start":{"line":81,"column":6},"end":{"line":88,"column":9}},"54":{"start":{"line":82,"column":3},"end":{"line":87,"column":4}},"55":{"start":{"line":83,"column":7},"end":{"line":83,"column":33}},"56":{"start":{"line":86,"column":7},"end":{"line":86,"column":35}},"57":{"start":{"line":91,"column":7},"end":{"line":105,"column":3}},"58":{"start":{"line":92,"column":6},"end":{"line":92,"column":72}},"59":{"start":{"line":93,"column":6},"end":{"line":100,"column":35}},"60":{"start":{"line":94,"column":3},"end":{"line":99,"column":4}},"61":{"start":{"line":95,"column":7},"end":{"line":95,"column":33}},"62":{"start":{"line":98,"column":7},"end":{"line":98,"column":56}},"63":{"start":{"line":104,"column":6},"end":{"line":104,"column":32}},"64":{"start":{"line":116,"column":4},"end":{"line":166,"column":4}},"65":{"start":{"line":117,"column":1},"end":{"line":117,"column":17}},"66":{"start":{"line":118,"column":1},"end":{"line":121,"column":2}},"67":{"start":{"line":119,"column":5},"end":{"line":119,"column":49}},"68":{"start":{"line":120,"column":5},"end":{"line":120,"column":12}},"69":{"start":{"line":122,"column":1},"end":{"line":163,"column":4}},"70":{"start":{"line":123,"column":5},"end":{"line":126,"column":6}},"71":{"start":{"line":124,"column":2},"end":{"line":124,"column":16}},"72":{"start":{"line":125,"column":2},"end":{"line":125,"column":9}},"73":{"start":{"line":127,"column":5},"end":{"line":127,"column":108}},"74":{"start":{"line":128,"column":5},"end":{"line":128,"column":58}},"75":{"start":{"line":129,"column":5},"end":{"line":162,"column":8}},"76":{"start":{"line":130,"column":2},"end":{"line":133,"column":3}},"77":{"start":{"line":131,"column":6},"end":{"line":131,"column":32}},"78":{"start":{"line":132,"column":6},"end":{"line":132,"column":13}},"79":{"start":{"line":134,"column":2},"end":{"line":134,"column":47}},"80":{"start":{"line":135,"column":2},"end":{"line":161,"column":3}},"81":{"start":{"line":136,"column":6},"end":{"line":136,"column":45}},"82":{"start":{"line":139,"column":6},"end":{"line":139,"column":72}},"83":{"start":{"line":140,"column":6},"end":{"line":140,"column":31}},"84":{"start":{"line":141,"column":6},"end":{"line":160,"column":7}},"85":{"start":{"line":142,"column":3},"end":{"line":149,"column":6}},"86":{"start":{"line":143,"column":7},"end":{"line":148,"column":8}},"87":{"start":{"line":144,"column":4},"end":{"line":144,"column":30}},"88":{"start":{"line":147,"column":4},"end":{"line":147,"column":32}},"89":{"start":{"line":152,"column":3},"end":{"line":159,"column":32}},"90":{"start":{"line":153,"column":7},"end":{"line":158,"column":8}},"91":{"start":{"line":154,"column":4},"end":{"line":154,"column":30}},"92":{"start":{"line":157,"column":4},"end":{"line":157,"column":53}},"93":{"start":{"line":166,"column":4},"end":{"line":186,"column":4}},"94":{"start":{"line":167,"column":1},"end":{"line":167,"column":17}},"95":{"start":{"line":168,"column":1},"end":{"line":183,"column":4}},"96":{"start":{"line":169,"column":5},"end":{"line":172,"column":6}},"97":{"start":{"line":170,"column":2},"end":{"line":170,"column":16}},"98":{"start":{"line":171,"column":2},"end":{"line":171,"column":9}},"99":{"start":{"line":173,"column":5},"end":{"line":173,"column":64}},"100":{"start":{"line":174,"column":5},"end":{"line":174,"column":58}},"101":{"start":{"line":175,"column":5},"end":{"line":182,"column":8}},"102":{"start":{"line":176,"column":2},"end":{"line":181,"column":3}},"103":{"start":{"line":177,"column":6},"end":{"line":177,"column":32}},"104":{"start":{"line":180,"column":6},"end":{"line":180,"column":34}},"105":{"start":{"line":186,"column":4},"end":{"line":206,"column":4}},"106":{"start":{"line":187,"column":1},"end":{"line":187,"column":17}},"107":{"start":{"line":188,"column":1},"end":{"line":203,"column":4}},"108":{"start":{"line":189,"column":5},"end":{"line":192,"column":6}},"109":{"start":{"line":190,"column":2},"end":{"line":190,"column":16}},"110":{"start":{"line":191,"column":2},"end":{"line":191,"column":9}},"111":{"start":{"line":193,"column":5},"end":{"line":193,"column":108}},"112":{"start":{"line":194,"column":5},"end":{"line":194,"column":58}},"113":{"start":{"line":195,"column":5},"end":{"line":202,"column":8}},"114":{"start":{"line":196,"column":2},"end":{"line":201,"column":3}},"115":{"start":{"line":197,"column":6},"end":{"line":197,"column":32}},"116":{"start":{"line":200,"column":6},"end":{"line":200,"column":34}},"117":{"start":{"line":206,"column":4},"end":{"line":231,"column":4}},"118":{"start":{"line":207,"column":1},"end":{"line":207,"column":17}},"119":{"start":{"line":208,"column":1},"end":{"line":223,"column":4}},"120":{"start":{"line":209,"column":5},"end":{"line":212,"column":6}},"121":{"start":{"line":210,"column":2},"end":{"line":210,"column":16}},"122":{"start":{"line":211,"column":2},"end":{"line":211,"column":9}},"123":{"start":{"line":213,"column":5},"end":{"line":213,"column":64}},"124":{"start":{"line":214,"column":5},"end":{"line":214,"column":58}},"125":{"start":{"line":215,"column":5},"end":{"line":222,"column":8}},"126":{"start":{"line":216,"column":2},"end":{"line":221,"column":3}},"127":{"start":{"line":217,"column":6},"end":{"line":217,"column":32}},"128":{"start":{"line":220,"column":6},"end":{"line":220,"column":71}},"129":{"start":{"line":231,"column":4},"end":{"line":235,"column":4}},"130":{"start":{"line":232,"column":1},"end":{"line":232,"column":25}},"131":{"start":{"line":235,"column":4},"end":{"line":239,"column":4}},"132":{"start":{"line":236,"column":1},"end":{"line":236,"column":24}},"133":{"start":{"line":239,"column":4},"end":{"line":243,"column":4}},"134":{"start":{"line":240,"column":1},"end":{"line":240,"column":22}},"135":{"start":{"line":243,"column":4},"end":{"line":251,"column":4}},"136":{"start":{"line":244,"column":1},"end":{"line":244,"column":20}},"137":{"start":{"line":251,"column":4},"end":{"line":256,"column":0}},"138":{"start":{"line":252,"column":1},"end":{"line":252,"column":28}},"139":{"start":{"line":253,"column":1},"end":{"line":253,"column":22}},"140":{"start":{"line":254,"column":1},"end":{"line":254,"column":20}},"141":{"start":{"line":258,"column":0},"end":{"line":258,"column":28}}},"branchMap":{"1":{"line":34,"type":"if","locations":[{"start":{"line":34,"column":5},"end":{"line":34,"column":5}},{"start":{"line":34,"column":5},"end":{"line":34,"column":5}}]},"2":{"line":39,"type":"if","locations":[{"start":{"line":39,"column":5},"end":{"line":39,"column":5}},{"start":{"line":39,"column":5},"end":{"line":39,"column":5}}]},"3":{"line":56,"type":"if","locations":[{"start":{"line":56,"column":1},"end":{"line":56,"column":1}},{"start":{"line":56,"column":1},"end":{"line":56,"column":1}}]},"4":{"line":61,"type":"if","locations":[{"start":{"line":61,"column":5},"end":{"line":61,"column":5}},{"start":{"line":61,"column":5},"end":{"line":61,"column":5}}]},"5":{"line":72,"type":"if","locations":[{"start":{"line":72,"column":2},"end":{"line":72,"column":2}},{"start":{"line":72,"column":2},"end":{"line":72,"column":2}}]},"6":{"line":78,"type":"if","locations":[{"start":{"line":78,"column":2},"end":{"line":78,"column":2}},{"start":{"line":78,"column":2},"end":{"line":78,"column":2}}]},"7":{"line":82,"type":"if","locations":[{"start":{"line":82,"column":3},"end":{"line":82,"column":3}},{"start":{"line":82,"column":3},"end":{"line":82,"column":3}}]},"8":{"line":91,"type":"if","locations":[{"start":{"line":91,"column":7},"end":{"line":91,"column":7}},{"start":{"line":91,"column":7},"end":{"line":91,"column":7}}]},"9":{"line":94,"type":"if","locations":[{"start":{"line":94,"column":3},"end":{"line":94,"column":3}},{"start":{"line":94,"column":3},"end":{"line":94,"column":3}}]},"10":{"line":118,"type":"if","locations":[{"start":{"line":118,"column":1},"end":{"line":118,"column":1}},{"start":{"line":118,"column":1},"end":{"line":118,"column":1}}]},"11":{"line":123,"type":"if","locations":[{"start":{"line":123,"column":5},"end":{"line":123,"column":5}},{"start":{"line":123,"column":5},"end":{"line":123,"column":5}}]},"12":{"line":130,"type":"if","locations":[{"start":{"line":130,"column":2},"end":{"line":130,"column":2}},{"start":{"line":130,"column":2},"end":{"line":130,"column":2}}]},"13":{"line":135,"type":"if","locations":[{"start":{"line":135,"column":2},"end":{"line":135,"column":2}},{"start":{"line":135,"column":2},"end":{"line":135,"column":2}}]},"14":{"line":141,"type":"if","locations":[{"start":{"line":141,"column":6},"end":{"line":141,"column":6}},{"start":{"line":141,"column":6},"end":{"line":141,"column":6}}]},"15":{"line":143,"type":"if","locations":[{"start":{"line":143,"column":7},"end":{"line":143,"column":7}},{"start":{"line":143,"column":7},"end":{"line":143,"column":7}}]},"16":{"line":153,"type":"if","locations":[{"start":{"line":153,"column":7},"end":{"line":153,"column":7}},{"start":{"line":153,"column":7},"end":{"line":153,"column":7}}]},"17":{"line":169,"type":"if","locations":[{"start":{"line":169,"column":5},"end":{"line":169,"column":5}},{"start":{"line":169,"column":5},"end":{"line":169,"column":5}}]},"18":{"line":176,"type":"if","locations":[{"start":{"line":176,"column":2},"end":{"line":176,"column":2}},{"start":{"line":176,"column":2},"end":{"line":176,"column":2}}]},"19":{"line":189,"type":"if","locations":[{"start":{"line":189,"column":5},"end":{"line":189,"column":5}},{"start":{"line":189,"column":5},"end":{"line":189,"column":5}}]},"20":{"line":196,"type":"if","locations":[{"start":{"line":196,"column":2},"end":{"line":196,"column":2}},{"start":{"line":196,"column":2},"end":{"line":196,"column":2}}]},"21":{"line":209,"type":"if","locations":[{"start":{"line":209,"column":5},"end":{"line":209,"column":5}},{"start":{"line":209,"column":5},"end":{"line":209,"column":5}}]},"22":{"line":216,"type":"if","locations":[{"start":{"line":216,"column":2},"end":{"line":216,"column":2}},{"start":{"line":216,"column":2},"end":{"line":216,"column":2}}]}}},"C:\\Users\\Kevin.Jia\\Documents\\Heroku\\Cooking Buddy\\Constants.js":{"path":"C:\\Users\\Kevin.Jia\\Documents\\Heroku\\Cooking Buddy\\Constants.js","s":{"1":1,"2":1,"3":1,"4":1,"5":1,"6":1,"7":1,"8":1,"9":1,"10":1,"11":1,"12":1,"13":1,"14":1,"15":1,"16":1,"17":1,"18":1,"19":1,"20":1,"21":1,"22":1,"23":1,"24":1,"25":1,"26":1,"27":1,"28":1,"29":1,"30":1,"31":1,"32":1,"33":1,"34":1},"b":{},"f":{"1":0},"fnMap":{"1":{"name":"Constants","line":2,"loc":{"start":{"line":2,"column":0},"end":{"line":2,"column":20}}}},"statementMap":{"1":{"start":{"line":2,"column":0},"end":{"line":3,"column":1}},"2":{"start":{"line":7,"column":0},"end":{"line":7,"column":30}},"3":{"start":{"line":9,"column":0},"end":{"line":9,"column":68}},"4":{"start":{"line":10,"column":0},"end":{"line":10,"column":26}},"5":{"start":{"line":11,"column":0},"end":{"line":11,"column":46}},"6":{"start":{"line":12,"column":0},"end":{"line":12,"column":50}},"7":{"start":{"line":13,"column":0},"end":{"line":13,"column":36}},"8":{"start":{"line":14,"column":0},"end":{"line":14,"column":40}},"9":{"start":{"line":15,"column":0},"end":{"line":17,"column":0}},"10":{"start":{"line":17,"column":0},"end":{"line":17,"column":50}},"11":{"start":{"line":18,"column":0},"end":{"line":18,"column":46}},"12":{"start":{"line":19,"column":0},"end":{"line":19,"column":44}},"13":{"start":{"line":20,"column":0},"end":{"line":20,"column":32}},"14":{"start":{"line":21,"column":0},"end":{"line":21,"column":32}},"15":{"start":{"line":24,"column":0},"end":{"line":24,"column":33}},"16":{"start":{"line":25,"column":0},"end":{"line":25,"column":37}},"17":{"start":{"line":26,"column":0},"end":{"line":26,"column":35}},"18":{"start":{"line":27,"column":0},"end":{"line":27,"column":47}},"19":{"start":{"line":28,"column":0},"end":{"line":28,"column":53}},"20":{"start":{"line":29,"column":0},"end":{"line":29,"column":59}},"21":{"start":{"line":30,"column":0},"end":{"line":30,"column":47}},"22":{"start":{"line":31,"column":0},"end":{"line":31,"column":57}},"23":{"start":{"line":32,"column":0},"end":{"line":32,"column":53}},"24":{"start":{"line":33,"column":0},"end":{"line":33,"column":43}},"25":{"start":{"line":34,"column":0},"end":{"line":34,"column":40}},"26":{"start":{"line":35,"column":0},"end":{"line":35,"column":54}},"27":{"start":{"line":36,"column":0},"end":{"line":36,"column":50}},"28":{"start":{"line":39,"column":0},"end":{"line":39,"column":44}},"29":{"start":{"line":40,"column":0},"end":{"line":40,"column":32}},"30":{"start":{"line":41,"column":0},"end":{"line":41,"column":36}},"31":{"start":{"line":44,"column":0},"end":{"line":44,"column":37}},"32":{"start":{"line":45,"column":0},"end":{"line":45,"column":31}},"33":{"start":{"line":46,"column":0},"end":{"line":46,"column":33}},"34":{"start":{"line":48,"column":0},"end":{"line":48,"column":27}}},"branchMap":{}},"C:\\Users\\Kevin.Jia\\Documents\\Heroku\\Cooking Buddy\\ActiveRecord.js":{"path":"C:\\Users\\Kevin.Jia\\Documents\\Heroku\\Cooking Buddy\\ActiveRecord.js","s":{"1":1,"2":43,"3":43,"4":43,"5":43,"6":43,"7":43,"8":43,"9":1,"10":26,"11":1,"12":13,"13":0,"14":0,"15":13,"16":13,"17":13,"18":13,"19":13,"20":13,"21":65,"22":13,"23":13,"24":52,"25":52,"26":65,"27":13,"28":13,"29":13,"30":13,"31":1,"32":4,"33":4,"34":4,"35":4,"36":4,"37":1,"38":2,"39":2,"40":2,"41":2,"42":2,"43":1,"44":40,"45":40,"46":40,"47":0,"48":0,"49":0,"50":40,"51":40,"52":40,"53":1,"54":43,"55":1,"56":0,"57":1,"58":43,"59":1,"60":0,"61":1,"62":0,"63":1,"64":0,"65":1,"66":43,"67":43,"68":1,"69":0,"70":0,"71":0,"72":0,"73":0,"74":0,"75":0,"76":1,"77":155,"78":140,"79":15,"80":1,"81":48,"82":48,"83":48,"84":166,"85":90,"86":42,"87":48,"88":90,"89":48,"90":1},"b":{"1":[0,13],"2":[13,52],"3":[0,40],"4":[0,0],"5":[0,0],"6":[0,0],"7":[0,0],"8":[140,15],"9":[90,76],"10":[42,48]},"f":{"1":43,"2":26,"3":13,"4":13,"5":4,"6":4,"7":2,"8":2,"9":40,"10":40,"11":43,"12":0,"13":43,"14":0,"15":0,"16":0,"17":43,"18":0,"19":155,"20":48},"fnMap":{"1":{"name":"ActiveRecord","line":7,"loc":{"start":{"line":7,"column":0},"end":{"line":7,"column":24}}},"2":{"name":"(anonymous_2)","line":17,"loc":{"start":{"line":17,"column":29},"end":{"line":17,"column":50}}},"3":{"name":"(anonymous_3)","line":24,"loc":{"start":{"line":24,"column":32},"end":{"line":24,"column":51}}},"4":{"name":"(anonymous_4)","line":47,"loc":{"start":{"line":47,"column":39},"end":{"line":47,"column":61}}},"5":{"name":"(anonymous_5)","line":55,"loc":{"start":{"line":55,"column":32},"end":{"line":55,"column":51}}},"6":{"name":"(anonymous_6)","line":59,"loc":{"start":{"line":59,"column":39},"end":{"line":59,"column":61}}},"7":{"name":"(anonymous_7)","line":68,"loc":{"start":{"line":68,"column":32},"end":{"line":68,"column":59}}},"8":{"name":"(anonymous_8)","line":72,"loc":{"start":{"line":72,"column":39},"end":{"line":72,"column":61}}},"9":{"name":"(anonymous_9)","line":80,"loc":{"start":{"line":80,"column":32},"end":{"line":80,"column":51}}},"10":{"name":"(anonymous_10)","line":90,"loc":{"start":{"line":90,"column":39},"end":{"line":90,"column":61}}},"11":{"name":"(anonymous_11)","line":98,"loc":{"start":{"line":98,"column":42},"end":{"line":98,"column":58}}},"12":{"name":"(anonymous_12)","line":102,"loc":{"start":{"line":102,"column":42},"end":{"line":102,"column":53}}},"13":{"name":"(anonymous_13)","line":106,"loc":{"start":{"line":106,"column":35},"end":{"line":106,"column":52}}},"14":{"name":"(anonymous_14)","line":110,"loc":{"start":{"line":110,"column":35},"end":{"line":110,"column":46}}},"15":{"name":"(anonymous_15)","line":114,"loc":{"start":{"line":114,"column":34},"end":{"line":114,"column":49}}},"16":{"name":"(anonymous_16)","line":118,"loc":{"start":{"line":118,"column":34},"end":{"line":118,"column":45}}},"17":{"name":"(anonymous_17)","line":122,"loc":{"start":{"line":122,"column":31},"end":{"line":122,"column":55}}},"18":{"name":"(anonymous_18)","line":131,"loc":{"start":{"line":131,"column":33},"end":{"line":131,"column":61}}},"19":{"name":"(anonymous_19)","line":153,"loc":{"start":{"line":153,"column":35},"end":{"line":153,"column":59}}},"20":{"name":"(anonymous_20)","line":162,"loc":{"start":{"line":162,"column":43},"end":{"line":162,"column":60}}}},"statementMap":{"1":{"start":{"line":7,"column":0},"end":{"line":15,"column":1}},"2":{"start":{"line":8,"column":4},"end":{"line":8,"column":21}},"3":{"start":{"line":9,"column":4},"end":{"line":9,"column":26}},"4":{"start":{"line":10,"column":4},"end":{"line":10,"column":27}},"5":{"start":{"line":11,"column":4},"end":{"line":11,"column":23}},"6":{"start":{"line":12,"column":4},"end":{"line":12,"column":23}},"7":{"start":{"line":13,"column":4},"end":{"line":13,"column":26}},"8":{"start":{"line":14,"column":4},"end":{"line":14,"column":23}},"9":{"start":{"line":17,"column":0},"end":{"line":24,"column":0}},"10":{"start":{"line":18,"column":4},"end":{"line":18,"column":29}},"11":{"start":{"line":24,"column":0},"end":{"line":55,"column":0}},"12":{"start":{"line":25,"column":4},"end":{"line":28,"column":5}},"13":{"start":{"line":26,"column":1},"end":{"line":26,"column":31}},"14":{"start":{"line":27,"column":1},"end":{"line":27,"column":8}},"15":{"start":{"line":29,"column":4},"end":{"line":29,"column":20}},"16":{"start":{"line":30,"column":4},"end":{"line":30,"column":52}},"17":{"start":{"line":31,"column":4},"end":{"line":31,"column":28}},"18":{"start":{"line":32,"column":4},"end":{"line":32,"column":23}},"19":{"start":{"line":33,"column":4},"end":{"line":33,"column":18}},"20":{"start":{"line":34,"column":4},"end":{"line":44,"column":5}},"21":{"start":{"line":35,"column":1},"end":{"line":42,"column":2}},"22":{"start":{"line":36,"column":5},"end":{"line":36,"column":63}},"23":{"start":{"line":37,"column":5},"end":{"line":37,"column":37}},"24":{"start":{"line":40,"column":5},"end":{"line":40,"column":62}},"25":{"start":{"line":41,"column":5},"end":{"line":41,"column":38}},"26":{"start":{"line":43,"column":1},"end":{"line":43,"column":19}},"27":{"start":{"line":45,"column":4},"end":{"line":45,"column":49}},"28":{"start":{"line":46,"column":4},"end":{"line":46,"column":29}},"29":{"start":{"line":47,"column":4},"end":{"line":49,"column":7}},"30":{"start":{"line":48,"column":1},"end":{"line":48,"column":39}},"31":{"start":{"line":55,"column":0},"end":{"line":68,"column":0}},"32":{"start":{"line":56,"column":4},"end":{"line":56,"column":20}},"33":{"start":{"line":57,"column":4},"end":{"line":57,"column":101}},"34":{"start":{"line":58,"column":4},"end":{"line":58,"column":29}},"35":{"start":{"line":59,"column":4},"end":{"line":61,"column":7}},"36":{"start":{"line":60,"column":1},"end":{"line":60,"column":39}},"37":{"start":{"line":68,"column":0},"end":{"line":80,"column":0}},"38":{"start":{"line":69,"column":4},"end":{"line":69,"column":20}},"39":{"start":{"line":70,"column":4},"end":{"line":70,"column":140}},"40":{"start":{"line":71,"column":4},"end":{"line":71,"column":29}},"41":{"start":{"line":72,"column":4},"end":{"line":74,"column":7}},"42":{"start":{"line":73,"column":1},"end":{"line":73,"column":39}},"43":{"start":{"line":80,"column":0},"end":{"line":98,"column":0}},"44":{"start":{"line":81,"column":4},"end":{"line":81,"column":20}},"45":{"start":{"line":82,"column":4},"end":{"line":82,"column":104}},"46":{"start":{"line":83,"column":4},"end":{"line":88,"column":5}},"47":{"start":{"line":84,"column":1},"end":{"line":84,"column":56}},"48":{"start":{"line":85,"column":1},"end":{"line":87,"column":2}},"49":{"start":{"line":86,"column":5},"end":{"line":86,"column":51}},"50":{"start":{"line":89,"column":4},"end":{"line":89,"column":29}},"51":{"start":{"line":90,"column":4},"end":{"line":92,"column":7}},"52":{"start":{"line":91,"column":1},"end":{"line":91,"column":47}},"53":{"start":{"line":98,"column":0},"end":{"line":102,"column":0}},"54":{"start":{"line":99,"column":4},"end":{"line":99,"column":28}},"55":{"start":{"line":102,"column":0},"end":{"line":106,"column":0}},"56":{"start":{"line":103,"column":4},"end":{"line":103,"column":27}},"57":{"start":{"line":106,"column":0},"end":{"line":110,"column":0}},"58":{"start":{"line":107,"column":4},"end":{"line":107,"column":25}},"59":{"start":{"line":110,"column":0},"end":{"line":114,"column":0}},"60":{"start":{"line":111,"column":4},"end":{"line":111,"column":23}},"61":{"start":{"line":114,"column":0},"end":{"line":118,"column":0}},"62":{"start":{"line":115,"column":4},"end":{"line":115,"column":26}},"63":{"start":{"line":118,"column":0},"end":{"line":122,"column":0}},"64":{"start":{"line":119,"column":4},"end":{"line":119,"column":26}},"65":{"start":{"line":122,"column":0},"end":{"line":131,"column":0}},"66":{"start":{"line":123,"column":4},"end":{"line":123,"column":33}},"67":{"start":{"line":124,"column":4},"end":{"line":124,"column":27}},"68":{"start":{"line":131,"column":0},"end":{"line":153,"column":0}},"69":{"start":{"line":132,"column":4},"end":{"line":137,"column":5}},"70":{"start":{"line":133,"column":1},"end":{"line":133,"column":28}},"71":{"start":{"line":136,"column":1},"end":{"line":136,"column":14}},"72":{"start":{"line":138,"column":4},"end":{"line":144,"column":5}},"73":{"start":{"line":139,"column":1},"end":{"line":139,"column":22}},"74":{"start":{"line":140,"column":1},"end":{"line":140,"column":13}},"75":{"start":{"line":143,"column":1},"end":{"line":143,"column":14}},"76":{"start":{"line":153,"column":0},"end":{"line":162,"column":0}},"77":{"start":{"line":154,"column":4},"end":{"line":159,"column":5}},"78":{"start":{"line":155,"column":1},"end":{"line":155,"column":30}},"79":{"start":{"line":158,"column":1},"end":{"line":158,"column":22}},"80":{"start":{"line":162,"column":0},"end":{"line":179,"column":0}},"81":{"start":{"line":163,"column":4},"end":{"line":163,"column":19}},"82":{"start":{"line":164,"column":4},"end":{"line":164,"column":23}},"83":{"start":{"line":165,"column":4},"end":{"line":175,"column":5}},"84":{"start":{"line":166,"column":1},"end":{"line":174,"column":2}},"85":{"start":{"line":167,"column":5},"end":{"line":172,"column":6}},"86":{"start":{"line":168,"column":2},"end":{"line":168,"column":25}},"87":{"start":{"line":171,"column":2},"end":{"line":171,"column":18}},"88":{"start":{"line":173,"column":5},"end":{"line":173,"column":72}},"89":{"start":{"line":176,"column":4},"end":{"line":176,"column":17}},"90":{"start":{"line":179,"column":0},"end":{"line":179,"column":30}}},"branchMap":{"1":{"line":25,"type":"if","locations":[{"start":{"line":25,"column":4},"end":{"line":25,"column":4}},{"start":{"line":25,"column":4},"end":{"line":25,"column":4}}]},"2":{"line":35,"type":"if","locations":[{"start":{"line":35,"column":1},"end":{"line":35,"column":1}},{"start":{"line":35,"column":1},"end":{"line":35,"column":1}}]},"3":{"line":83,"type":"if","locations":[{"start":{"line":83,"column":4},"end":{"line":83,"column":4}},{"start":{"line":83,"column":4},"end":{"line":83,"column":4}}]},"4":{"line":85,"type":"if","locations":[{"start":{"line":85,"column":1},"end":{"line":85,"column":1}},{"start":{"line":85,"column":1},"end":{"line":85,"column":1}}]},"5":{"line":132,"type":"if","locations":[{"start":{"line":132,"column":4},"end":{"line":132,"column":4}},{"start":{"line":132,"column":4},"end":{"line":132,"column":4}}]},"6":{"line":138,"type":"if","locations":[{"start":{"line":138,"column":4},"end":{"line":138,"column":4}},{"start":{"line":138,"column":4},"end":{"line":138,"column":4}}]},"7":{"line":138,"type":"binary-expr","locations":[{"start":{"line":138,"column":8},"end":{"line":138,"column":23}},{"start":{"line":138,"column":27},"end":{"line":138,"column":43}}]},"8":{"line":154,"type":"if","locations":[{"start":{"line":154,"column":4},"end":{"line":154,"column":4}},{"start":{"line":154,"column":4},"end":{"line":154,"column":4}}]},"9":{"line":166,"type":"if","locations":[{"start":{"line":166,"column":1},"end":{"line":166,"column":1}},{"start":{"line":166,"column":1},"end":{"line":166,"column":1}}]},"10":{"line":167,"type":"if","locations":[{"start":{"line":167,"column":5},"end":{"line":167,"column":5}},{"start":{"line":167,"column":5},"end":{"line":167,"column":5}}]}}},"C:\\Users\\Kevin.Jia\\Documents\\Heroku\\Cooking Buddy\\IngredientRecord.js":{"path":"C:\\Users\\Kevin.Jia\\Documents\\Heroku\\Cooking Buddy\\IngredientRecord.js","s":{"1":1,"2":1,"3":1,"4":21,"5":21,"6":21,"7":21,"8":21,"9":21,"10":21,"11":21,"12":1,"13":1,"14":1},"b":{},"f":{"1":21},"fnMap":{"1":{"name":"IngredientRecord","line":4,"loc":{"start":{"line":4,"column":0},"end":{"line":4,"column":86}}}},"statementMap":{"1":{"start":{"line":1,"column":0},"end":{"line":1,"column":48}},"2":{"start":{"line":2,"column":0},"end":{"line":2,"column":42}},"3":{"start":{"line":4,"column":0},"end":{"line":13,"column":1}},"4":{"start":{"line":5,"column":4},"end":{"line":5,"column":28}},"5":{"start":{"line":6,"column":4},"end":{"line":6,"column":39}},"6":{"start":{"line":7,"column":4},"end":{"line":7,"column":53}},"7":{"start":{"line":8,"column":4},"end":{"line":8,"column":53}},"8":{"start":{"line":9,"column":4},"end":{"line":9,"column":39}},"9":{"start":{"line":10,"column":4},"end":{"line":10,"column":31}},"10":{"start":{"line":11,"column":4},"end":{"line":11,"column":54}},"11":{"start":{"line":12,"column":4},"end":{"line":12,"column":49}},"12":{"start":{"line":14,"column":0},"end":{"line":14,"column":67}},"13":{"start":{"line":15,"column":0},"end":{"line":15,"column":54}},"14":{"start":{"line":17,"column":0},"end":{"line":17,"column":34}}},"branchMap":{}},"C:\\Users\\Kevin.Jia\\Documents\\Heroku\\Cooking Buddy\\UserRecord.js":{"path":"C:\\Users\\Kevin.Jia\\Documents\\Heroku\\Cooking Buddy\\UserRecord.js","s":{"1":1,"2":1,"3":1,"4":22,"5":22,"6":22,"7":22,"8":22,"9":1,"10":1,"11":1},"b":{},"f":{"1":22},"fnMap":{"1":{"name":"UserRecord","line":4,"loc":{"start":{"line":4,"column":0},"end":{"line":4,"column":47}}}},"statementMap":{"1":{"start":{"line":1,"column":0},"end":{"line":1,"column":48}},"2":{"start":{"line":2,"column":0},"end":{"line":2,"column":42}},"3":{"start":{"line":4,"column":0},"end":{"line":10,"column":1}},"4":{"start":{"line":5,"column":4},"end":{"line":5,"column":28}},"5":{"start":{"line":6,"column":4},"end":{"line":6,"column":39}},"6":{"start":{"line":7,"column":4},"end":{"line":7,"column":53}},"7":{"start":{"line":8,"column":4},"end":{"line":8,"column":48}},"8":{"start":{"line":9,"column":4},"end":{"line":9,"column":43}},"9":{"start":{"line":11,"column":0},"end":{"line":11,"column":61}},"10":{"start":{"line":12,"column":0},"end":{"line":12,"column":48}},"11":{"start":{"line":14,"column":0},"end":{"line":14,"column":28}}},"branchMap":{}},"C:\\Users\\Kevin.Jia\\Documents\\Heroku\\Cooking Buddy\\UserModel.js":{"path":"C:\\Users\\Kevin.Jia\\Documents\\Heroku\\Cooking Buddy\\UserModel.js","s":{"1":1,"2":1,"3":1,"4":1,"5":0,"6":0,"7":0,"8":0,"9":0,"10":0,"11":0,"12":0,"13":0,"14":0,"15":0,"16":0,"17":0,"18":0,"19":0,"20":0,"21":0,"22":0,"23":0,"24":0,"25":0,"26":0,"27":0,"28":0,"29":0,"30":0,"31":0,"32":0,"33":0,"34":0,"35":0,"36":0,"37":0,"38":0,"39":0,"40":0,"41":0,"42":0,"43":0,"44":1},"b":{"1":[0,0],"2":[0,0],"3":[0,0],"4":[0,0],"5":[0,0],"6":[0,0,0],"7":[0,0],"8":[0,0]},"f":{"1":0,"2":0,"3":0,"4":0,"5":0,"6":0,"7":0,"8":0,"9":0},"fnMap":{"1":{"name":"UserModel","line":5,"loc":{"start":{"line":5,"column":0},"end":{"line":5,"column":38}}},"2":{"name":"(anonymous_2)","line":11,"loc":{"start":{"line":11,"column":18},"end":{"line":11,"column":37}}},"3":{"name":"(anonymous_3)","line":22,"loc":{"start":{"line":22,"column":19},"end":{"line":22,"column":33}}},"4":{"name":"(anonymous_4)","line":32,"loc":{"start":{"line":32,"column":17},"end":{"line":32,"column":36}}},"5":{"name":"(anonymous_5)","line":39,"loc":{"start":{"line":39,"column":19},"end":{"line":39,"column":41}}},"6":{"name":"(anonymous_6)","line":54,"loc":{"start":{"line":54,"column":21},"end":{"line":54,"column":38}}},"7":{"name":"(anonymous_7)","line":58,"loc":{"start":{"line":58,"column":21},"end":{"line":58,"column":32}}},"8":{"name":"(anonymous_8)","line":62,"loc":{"start":{"line":62,"column":28},"end":{"line":62,"column":44}}},"9":{"name":"(anonymous_9)","line":66,"loc":{"start":{"line":66,"column":19},"end":{"line":66,"column":36}}}},"statementMap":{"1":{"start":{"line":1,"column":0},"end":{"line":1,"column":23}},"2":{"start":{"line":2,"column":0},"end":{"line":2,"column":42}},"3":{"start":{"line":3,"column":0},"end":{"line":3,"column":44}},"4":{"start":{"line":5,"column":0},"end":{"line":68,"column":1}},"5":{"start":{"line":6,"column":4},"end":{"line":6,"column":29}},"6":{"start":{"line":7,"column":4},"end":{"line":7,"column":29}},"7":{"start":{"line":8,"column":4},"end":{"line":8,"column":27}},"8":{"start":{"line":9,"column":4},"end":{"line":9,"column":23}},"9":{"start":{"line":10,"column":4},"end":{"line":10,"column":20}},"10":{"start":{"line":11,"column":4},"end":{"line":32,"column":4}},"11":{"start":{"line":12,"column":1},"end":{"line":15,"column":9}},"12":{"start":{"line":13,"column":12},"end":{"line":13,"column":41}},"13":{"start":{"line":14,"column":12},"end":{"line":14,"column":19}},"14":{"start":{"line":16,"column":1},"end":{"line":19,"column":2}},"15":{"start":{"line":17,"column":5},"end":{"line":17,"column":38}},"16":{"start":{"line":18,"column":5},"end":{"line":18,"column":12}},"17":{"start":{"line":20,"column":1},"end":{"line":20,"column":63}},"18":{"start":{"line":21,"column":1},"end":{"line":21,"column":48}},"19":{"start":{"line":22,"column":1},"end":{"line":29,"column":4}},"20":{"start":{"line":23,"column":5},"end":{"line":28,"column":6}},"21":{"start":{"line":24,"column":2},"end":{"line":24,"column":38}},"22":{"start":{"line":27,"column":2},"end":{"line":27,"column":30}},"23":{"start":{"line":32,"column":4},"end":{"line":54,"column":4}},"24":{"start":{"line":33,"column":1},"end":{"line":36,"column":9}},"25":{"start":{"line":34,"column":12},"end":{"line":34,"column":47}},"26":{"start":{"line":35,"column":12},"end":{"line":35,"column":19}},"27":{"start":{"line":37,"column":1},"end":{"line":37,"column":63}},"28":{"start":{"line":38,"column":1},"end":{"line":38,"column":48}},"29":{"start":{"line":39,"column":1},"end":{"line":51,"column":4}},"30":{"start":{"line":40,"column":5},"end":{"line":43,"column":6}},"31":{"start":{"line":41,"column":2},"end":{"line":41,"column":28}},"32":{"start":{"line":42,"column":2},"end":{"line":42,"column":9}},"33":{"start":{"line":44,"column":5},"end":{"line":44,"column":48}},"34":{"start":{"line":45,"column":5},"end":{"line":50,"column":6}},"35":{"start":{"line":46,"column":2},"end":{"line":46,"column":37}},"36":{"start":{"line":49,"column":2},"end":{"line":49,"column":30}},"37":{"start":{"line":54,"column":4},"end":{"line":58,"column":4}},"38":{"start":{"line":55,"column":8},"end":{"line":55,"column":29}},"39":{"start":{"line":58,"column":4},"end":{"line":62,"column":4}},"40":{"start":{"line":59,"column":8},"end":{"line":59,"column":27}},"41":{"start":{"line":62,"column":4},"end":{"line":66,"column":4}},"42":{"start":{"line":63,"column":8},"end":{"line":63,"column":32}},"43":{"start":{"line":66,"column":4},"end":{"line":68,"column":0}},"44":{"start":{"line":73,"column":0},"end":{"line":73,"column":27}}},"branchMap":{"1":{"line":12,"type":"if","locations":[{"start":{"line":12,"column":1},"end":{"line":12,"column":1}},{"start":{"line":12,"column":1},"end":{"line":12,"column":1}}]},"2":{"line":12,"type":"binary-expr","locations":[{"start":{"line":12,"column":4},"end":{"line":12,"column":30}},{"start":{"line":12,"column":34},"end":{"line":12,"column":59}}]},"3":{"line":16,"type":"if","locations":[{"start":{"line":16,"column":1},"end":{"line":16,"column":1}},{"start":{"line":16,"column":1},"end":{"line":16,"column":1}}]},"4":{"line":23,"type":"if","locations":[{"start":{"line":23,"column":5},"end":{"line":23,"column":5}},{"start":{"line":23,"column":5},"end":{"line":23,"column":5}}]},"5":{"line":33,"type":"if","locations":[{"start":{"line":33,"column":1},"end":{"line":33,"column":1}},{"start":{"line":33,"column":1},"end":{"line":33,"column":1}}]},"6":{"line":33,"type":"binary-expr","locations":[{"start":{"line":33,"column":4},"end":{"line":33,"column":29}},{"start":{"line":33,"column":33},"end":{"line":33,"column":59}},{"start":{"line":33,"column":63},"end":{"line":33,"column":89}}]},"7":{"line":40,"type":"if","locations":[{"start":{"line":40,"column":5},"end":{"line":40,"column":5}},{"start":{"line":40,"column":5},"end":{"line":40,"column":5}}]},"8":{"line":45,"type":"if","locations":[{"start":{"line":45,"column":5},"end":{"line":45,"column":5}},{"start":{"line":45,"column":5},"end":{"line":45,"column":5}}]}}},"C:\\Users\\Kevin.Jia\\Documents\\Heroku\\Cooking Buddy\\Recipe.js":{"path":"C:\\Users\\Kevin.Jia\\Documents\\Heroku\\Cooking Buddy\\Recipe.js","s":{"1":1,"2":1,"3":1,"4":1,"5":1,"6":1,"7":0,"8":0,"9":0,"10":0,"11":0,"12":0,"13":0,"14":0,"15":0,"16":0,"17":0,"18":0,"19":0,"20":0,"21":0,"22":0,"23":0,"24":0,"25":0,"26":0,"27":0,"28":0,"29":0,"30":0,"31":0,"32":0,"33":0,"34":0,"35":0,"36":0,"37":0,"38":0,"39":0,"40":0,"41":0,"42":0,"43":0,"44":0,"45":0,"46":0,"47":0,"48":0,"49":0,"50":0,"51":0,"52":0,"53":0,"54":0,"55":0,"56":0,"57":0,"58":0,"59":0,"60":0,"61":0,"62":0,"63":0,"64":0,"65":0,"66":0,"67":0,"68":0,"69":0,"70":0,"71":0,"72":0,"73":0,"74":0,"75":0,"76":0,"77":0,"78":0,"79":0,"80":0,"81":0,"82":0,"83":0,"84":0,"85":0,"86":0,"87":0,"88":0,"89":0,"90":0,"91":0,"92":0,"93":0,"94":0,"95":0,"96":0,"97":0,"98":0,"99":0,"100":1},"b":{"1":[0,0],"2":[0,0],"3":[0,0],"4":[0,0],"5":[0,0],"6":[0,0],"7":[0,0],"8":[0,0],"9":[0,0],"10":[0,0],"11":[0,0],"12":[0,0]},"f":{"1":0,"2":0,"3":0,"4":0,"5":0,"6":0,"7":0,"8":0,"9":0,"10":0,"11":0,"12":0,"13":0,"14":0,"15":0,"16":0,"17":0,"18":0,"19":0,"20":0,"21":0,"22":0,"23":0},"fnMap":{"1":{"name":"Recipe","line":9,"loc":{"start":{"line":9,"column":0},"end":{"line":9,"column":51}}},"2":{"name":"(anonymous_2)","line":28,"loc":{"start":{"line":28,"column":16},"end":{"line":28,"column":35}}},"3":{"name":"(anonymous_3)","line":31,"loc":{"start":{"line":31,"column":24},"end":{"line":31,"column":38}}},"4":{"name":"(anonymous_4)","line":39,"loc":{"start":{"line":39,"column":32},"end":{"line":39,"column":54}}},"5":{"name":"(anonymous_5)","line":49,"loc":{"start":{"line":49,"column":44},"end":{"line":49,"column":66}}},"6":{"name":"(anonymous_6)","line":66,"loc":{"start":{"line":66,"column":33},"end":{"line":66,"column":51}}},"7":{"name":"(anonymous_7)","line":68,"loc":{"start":{"line":68,"column":24},"end":{"line":68,"column":38}}},"8":{"name":"(anonymous_8)","line":75,"loc":{"start":{"line":75,"column":32},"end":{"line":75,"column":54}}},"9":{"name":"(anonymous_9)","line":86,"loc":{"start":{"line":86,"column":25},"end":{"line":86,"column":44}}},"10":{"name":"(anonymous_10)","line":88,"loc":{"start":{"line":88,"column":24},"end":{"line":88,"column":38}}},"11":{"name":"(anonymous_11)","line":95,"loc":{"start":{"line":95,"column":32},"end":{"line":95,"column":54}}},"12":{"name":"(anonymous_12)","line":106,"loc":{"start":{"line":106,"column":35},"end":{"line":106,"column":54}}},"13":{"name":"(anonymous_13)","line":108,"loc":{"start":{"line":108,"column":24},"end":{"line":108,"column":38}}},"14":{"name":"(anonymous_14)","line":115,"loc":{"start":{"line":115,"column":32},"end":{"line":115,"column":54}}},"15":{"name":"(anonymous_15)","line":126,"loc":{"start":{"line":126,"column":20},"end":{"line":126,"column":39}}},"16":{"name":"(anonymous_16)","line":129,"loc":{"start":{"line":129,"column":28},"end":{"line":129,"column":44}}},"17":{"name":"(anonymous_17)","line":133,"loc":{"start":{"line":133,"column":19},"end":{"line":133,"column":36}}},"18":{"name":"(anonymous_18)","line":136,"loc":{"start":{"line":136,"column":21},"end":{"line":136,"column":38}}},"19":{"name":"(anonymous_19)","line":140,"loc":{"start":{"line":140,"column":21},"end":{"line":140,"column":32}}},"20":{"name":"(anonymous_20)","line":144,"loc":{"start":{"line":144,"column":15},"end":{"line":144,"column":25}}},"21":{"name":"(anonymous_21)","line":148,"loc":{"start":{"line":148,"column":19},"end":{"line":148,"column":59}}},"22":{"name":"(anonymous_22)","line":155,"loc":{"start":{"line":155,"column":22},"end":{"line":155,"column":41}}},"23":{"name":"(anonymous_23)","line":159,"loc":{"start":{"line":159,"column":26},"end":{"line":159,"column":48}}}},"statementMap":{"1":{"start":{"line":1,"column":0},"end":{"line":1,"column":23}},"2":{"start":{"line":2,"column":0},"end":{"line":2,"column":42}},"3":{"start":{"line":3,"column":0},"end":{"line":3,"column":48}},"4":{"start":{"line":4,"column":0},"end":{"line":4,"column":48}},"5":{"start":{"line":5,"column":0},"end":{"line":5,"column":44}},"6":{"start":{"line":9,"column":0},"end":{"line":177,"column":1}},"7":{"start":{"line":10,"column":4},"end":{"line":10,"column":29}},"8":{"start":{"line":11,"column":4},"end":{"line":11,"column":35}},"9":{"start":{"line":12,"column":4},"end":{"line":12,"column":35}},"10":{"start":{"line":14,"column":4},"end":{"line":14,"column":27}},"11":{"start":{"line":15,"column":4},"end":{"line":15,"column":23}},"12":{"start":{"line":17,"column":4},"end":{"line":17,"column":26}},"13":{"start":{"line":18,"column":4},"end":{"line":18,"column":23}},"14":{"start":{"line":19,"column":4},"end":{"line":19,"column":22}},"15":{"start":{"line":22,"column":4},"end":{"line":22,"column":95}},"16":{"start":{"line":28,"column":4},"end":{"line":66,"column":4}},"17":{"start":{"line":30,"column":8},"end":{"line":30,"column":24}},"18":{"start":{"line":31,"column":8},"end":{"line":63,"column":11}},"19":{"start":{"line":32,"column":12},"end":{"line":35,"column":13}},"20":{"start":{"line":33,"column":16},"end":{"line":33,"column":30}},"21":{"start":{"line":34,"column":16},"end":{"line":34,"column":23}},"22":{"start":{"line":36,"column":12},"end":{"line":36,"column":99}},"23":{"start":{"line":37,"column":12},"end":{"line":37,"column":61}},"24":{"start":{"line":39,"column":12},"end":{"line":62,"column":15}},"25":{"start":{"line":40,"column":16},"end":{"line":61,"column":17}},"26":{"start":{"line":41,"column":20},"end":{"line":41,"column":76}},"27":{"start":{"line":42,"column":20},"end":{"line":42,"column":46}},"28":{"start":{"line":43,"column":20},"end":{"line":43,"column":27}},"29":{"start":{"line":46,"column":20},"end":{"line":46,"column":65}},"30":{"start":{"line":48,"column":20},"end":{"line":60,"column":21}},"31":{"start":{"line":49,"column":24},"end":{"line":56,"column":27}},"32":{"start":{"line":50,"column":28},"end":{"line":55,"column":29}},"33":{"start":{"line":51,"column":32},"end":{"line":51,"column":58}},"34":{"start":{"line":54,"column":32},"end":{"line":54,"column":60}},"35":{"start":{"line":59,"column":24},"end":{"line":59,"column":71}},"36":{"start":{"line":66,"column":4},"end":{"line":86,"column":4}},"37":{"start":{"line":67,"column":8},"end":{"line":67,"column":24}},"38":{"start":{"line":68,"column":8},"end":{"line":83,"column":11}},"39":{"start":{"line":69,"column":12},"end":{"line":72,"column":13}},"40":{"start":{"line":70,"column":16},"end":{"line":70,"column":30}},"41":{"start":{"line":71,"column":16},"end":{"line":71,"column":23}},"42":{"start":{"line":73,"column":12},"end":{"line":73,"column":63}},"43":{"start":{"line":74,"column":12},"end":{"line":74,"column":61}},"44":{"start":{"line":75,"column":12},"end":{"line":82,"column":15}},"45":{"start":{"line":76,"column":16},"end":{"line":81,"column":17}},"46":{"start":{"line":77,"column":20},"end":{"line":77,"column":46}},"47":{"start":{"line":80,"column":20},"end":{"line":80,"column":82}},"48":{"start":{"line":86,"column":4},"end":{"line":106,"column":4}},"49":{"start":{"line":87,"column":8},"end":{"line":87,"column":24}},"50":{"start":{"line":88,"column":8},"end":{"line":103,"column":11}},"51":{"start":{"line":89,"column":12},"end":{"line":92,"column":13}},"52":{"start":{"line":90,"column":16},"end":{"line":90,"column":30}},"53":{"start":{"line":91,"column":16},"end":{"line":91,"column":23}},"54":{"start":{"line":93,"column":12},"end":{"line":93,"column":99}},"55":{"start":{"line":94,"column":12},"end":{"line":94,"column":61}},"56":{"start":{"line":95,"column":12},"end":{"line":102,"column":15}},"57":{"start":{"line":96,"column":16},"end":{"line":101,"column":17}},"58":{"start":{"line":97,"column":20},"end":{"line":97,"column":46}},"59":{"start":{"line":100,"column":20},"end":{"line":100,"column":48}},"60":{"start":{"line":106,"column":4},"end":{"line":126,"column":4}},"61":{"start":{"line":107,"column":8},"end":{"line":107,"column":24}},"62":{"start":{"line":108,"column":8},"end":{"line":123,"column":11}},"63":{"start":{"line":109,"column":12},"end":{"line":112,"column":13}},"64":{"start":{"line":110,"column":16},"end":{"line":110,"column":30}},"65":{"start":{"line":111,"column":16},"end":{"line":111,"column":23}},"66":{"start":{"line":113,"column":12},"end":{"line":113,"column":63}},"67":{"start":{"line":114,"column":12},"end":{"line":114,"column":61}},"68":{"start":{"line":115,"column":12},"end":{"line":122,"column":15}},"69":{"start":{"line":116,"column":16},"end":{"line":121,"column":17}},"70":{"start":{"line":117,"column":20},"end":{"line":117,"column":46}},"71":{"start":{"line":120,"column":20},"end":{"line":120,"column":48}},"72":{"start":{"line":126,"column":4},"end":{"line":129,"column":4}},"73":{"start":{"line":129,"column":4},"end":{"line":133,"column":4}},"74":{"start":{"line":130,"column":8},"end":{"line":130,"column":32}},"75":{"start":{"line":133,"column":4},"end":{"line":136,"column":4}},"76":{"start":{"line":136,"column":4},"end":{"line":140,"column":4}},"77":{"start":{"line":137,"column":8},"end":{"line":137,"column":29}},"78":{"start":{"line":140,"column":4},"end":{"line":144,"column":4}},"79":{"start":{"line":141,"column":8},"end":{"line":141,"column":27}},"80":{"start":{"line":144,"column":4},"end":{"line":148,"column":4}},"81":{"start":{"line":145,"column":8},"end":{"line":145,"column":30}},"82":{"start":{"line":148,"column":4},"end":{"line":155,"column":4}},"83":{"start":{"line":149,"column":8},"end":{"line":149,"column":35}},"84":{"start":{"line":150,"column":8},"end":{"line":150,"column":29}},"85":{"start":{"line":151,"column":8},"end":{"line":151,"column":27}},"86":{"start":{"line":155,"column":4},"end":{"line":177,"column":0}},"87":{"start":{"line":156,"column":8},"end":{"line":156,"column":24}},"88":{"start":{"line":157,"column":8},"end":{"line":157,"column":55}},"89":{"start":{"line":158,"column":8},"end":{"line":158,"column":55}},"90":{"start":{"line":159,"column":8},"end":{"line":175,"column":11}},"91":{"start":{"line":161,"column":12},"end":{"line":164,"column":13}},"92":{"start":{"line":162,"column":16},"end":{"line":162,"column":42}},"93":{"start":{"line":163,"column":16},"end":{"line":163,"column":23}},"94":{"start":{"line":166,"column":12},"end":{"line":166,"column":60}},"95":{"start":{"line":167,"column":12},"end":{"line":174,"column":13}},"96":{"start":{"line":168,"column":16},"end":{"line":168,"column":49}},"97":{"start":{"line":169,"column":16},"end":{"line":169,"column":23}},"98":{"start":{"line":172,"column":16},"end":{"line":172,"column":44}},"99":{"start":{"line":173,"column":16},"end":{"line":173,"column":23}},"100":{"start":{"line":178,"column":0},"end":{"line":178,"column":24}}},"branchMap":{"1":{"line":32,"type":"if","locations":[{"start":{"line":32,"column":12},"end":{"line":32,"column":12}},{"start":{"line":32,"column":12},"end":{"line":32,"column":12}}]},"2":{"line":40,"type":"if","locations":[{"start":{"line":40,"column":16},"end":{"line":40,"column":16}},{"start":{"line":40,"column":16},"end":{"line":40,"column":16}}]},"3":{"line":48,"type":"if","locations":[{"start":{"line":48,"column":20},"end":{"line":48,"column":20}},{"start":{"line":48,"column":20},"end":{"line":48,"column":20}}]},"4":{"line":50,"type":"if","locations":[{"start":{"line":50,"column":28},"end":{"line":50,"column":28}},{"start":{"line":50,"column":28},"end":{"line":50,"column":28}}]},"5":{"line":69,"type":"if","locations":[{"start":{"line":69,"column":12},"end":{"line":69,"column":12}},{"start":{"line":69,"column":12},"end":{"line":69,"column":12}}]},"6":{"line":76,"type":"if","locations":[{"start":{"line":76,"column":16},"end":{"line":76,"column":16}},{"start":{"line":76,"column":16},"end":{"line":76,"column":16}}]},"7":{"line":89,"type":"if","locations":[{"start":{"line":89,"column":12},"end":{"line":89,"column":12}},{"start":{"line":89,"column":12},"end":{"line":89,"column":12}}]},"8":{"line":96,"type":"if","locations":[{"start":{"line":96,"column":16},"end":{"line":96,"column":16}},{"start":{"line":96,"column":16},"end":{"line":96,"column":16}}]},"9":{"line":109,"type":"if","locations":[{"start":{"line":109,"column":12},"end":{"line":109,"column":12}},{"start":{"line":109,"column":12},"end":{"line":109,"column":12}}]},"10":{"line":116,"type":"if","locations":[{"start":{"line":116,"column":16},"end":{"line":116,"column":16}},{"start":{"line":116,"column":16},"end":{"line":116,"column":16}}]},"11":{"line":161,"type":"if","locations":[{"start":{"line":161,"column":12},"end":{"line":161,"column":12}},{"start":{"line":161,"column":12},"end":{"line":161,"column":12}}]},"12":{"line":167,"type":"if","locations":[{"start":{"line":167,"column":12},"end":{"line":167,"column":12}},{"start":{"line":167,"column":12},"end":{"line":167,"column":12}}]}}},"C:\\Users\\Kevin.Jia\\Documents\\Heroku\\Cooking Buddy\\RecipeRecord.js":{"path":"C:\\Users\\Kevin.Jia\\Documents\\Heroku\\Cooking Buddy\\RecipeRecord.js","s":{"1":1,"2":1,"3":1,"4":0,"5":0,"6":0,"7":0,"8":0,"9":0,"10":1,"11":1,"12":1},"b":{},"f":{"1":0},"fnMap":{"1":{"name":"RecipeRecord","line":4,"loc":{"start":{"line":4,"column":0},"end":{"line":4,"column":58}}}},"statementMap":{"1":{"start":{"line":1,"column":0},"end":{"line":1,"column":48}},"2":{"start":{"line":2,"column":0},"end":{"line":2,"column":42}},"3":{"start":{"line":4,"column":0},"end":{"line":11,"column":1}},"4":{"start":{"line":5,"column":4},"end":{"line":5,"column":28}},"5":{"start":{"line":6,"column":4},"end":{"line":6,"column":39}},"6":{"start":{"line":7,"column":4},"end":{"line":7,"column":45}},"7":{"start":{"line":8,"column":4},"end":{"line":8,"column":45}},"8":{"start":{"line":9,"column":4},"end":{"line":9,"column":50}},"9":{"start":{"line":10,"column":4},"end":{"line":10,"column":45}},"10":{"start":{"line":12,"column":0},"end":{"line":12,"column":63}},"11":{"start":{"line":13,"column":0},"end":{"line":13,"column":50}},"12":{"start":{"line":15,"column":0},"end":{"line":15,"column":30}}},"branchMap":{}},"C:\\Users\\Kevin.Jia\\Documents\\Heroku\\Cooking Buddy\\DatabaseModel.js":{"path":"C:\\Users\\Kevin.Jia\\Documents\\Heroku\\Cooking Buddy\\DatabaseModel.js","s":{"1":1,"2":0,"3":0,"4":0,"5":1,"6":1,"7":1,"8":1,"9":1},"b":{},"f":{"1":0,"2":0,"3":0,"4":0},"fnMap":{"1":{"name":"DatabaseModel","line":2,"loc":{"start":{"line":2,"column":0},"end":{"line":2,"column":25}}},"2":{"name":"(anonymous_2)","line":6,"loc":{"start":{"line":6,"column":19},"end":{"line":6,"column":30}}},"3":{"name":"(anonymous_3)","line":11,"loc":{"start":{"line":11,"column":15},"end":{"line":11,"column":26}}},"4":{"name":"(anonymous_4)","line":17,"loc":{"start":{"line":17,"column":18},"end":{"line":17,"column":44}}}},"statementMap":{"1":{"start":{"line":2,"column":0},"end":{"line":19,"column":1}},"2":{"start":{"line":6,"column":4},"end":{"line":11,"column":4}},"3":{"start":{"line":11,"column":4},"end":{"line":17,"column":4}},"4":{"start":{"line":17,"column":4},"end":{"line":19,"column":0}},"5":{"start":{"line":21,"column":0},"end":{"line":21,"column":29}},"6":{"start":{"line":22,"column":0},"end":{"line":22,"column":30}},"7":{"start":{"line":23,"column":0},"end":{"line":23,"column":46}},"8":{"start":{"line":24,"column":0},"end":{"line":24,"column":58}},"9":{"start":{"line":26,"column":0},"end":{"line":26,"column":31}}},"branchMap":{}}}