{"C:\\Users\\Kevin.Jia\\Documents\\CS169\\Cooking Buddy\\Ingredient.js":{"path":"C:\\Users\\Kevin.Jia\\Documents\\CS169\\Cooking Buddy\\Ingredient.js","s":{"1":1,"2":1,"3":1,"4":1,"5":1,"6":1,"7":52,"8":52,"9":52,"10":52,"11":52,"12":52,"13":52,"14":52,"15":52,"16":52,"17":52,"18":52,"19":52,"20":52,"21":52,"22":24,"23":24,"24":24,"25":24,"26":24,"27":24,"28":0,"29":0,"30":24,"31":24,"32":1,"33":23,"34":52,"35":16,"36":16,"37":0,"38":0,"39":16,"40":16,"41":1,"42":1,"43":15,"44":15,"45":15,"46":15,"47":0,"48":0,"49":15,"50":15,"51":14,"52":14,"53":14,"54":14,"55":0,"56":14,"57":1,"58":1,"59":1,"60":1,"61":0,"62":1,"63":0,"64":52,"65":3,"66":3,"67":0,"68":0,"69":3,"70":3,"71":0,"72":0,"73":3,"74":3,"75":3,"76":3,"77":0,"78":0,"79":3,"80":3,"81":1,"82":2,"83":2,"84":2,"85":1,"86":1,"87":0,"88":1,"89":1,"90":1,"91":0,"92":1,"93":52,"94":2,"95":2,"96":2,"97":0,"98":0,"99":2,"100":2,"101":2,"102":2,"103":0,"104":2,"105":52,"106":1,"107":1,"108":1,"109":0,"110":0,"111":1,"112":1,"113":1,"114":1,"115":0,"116":1,"117":52,"118":1,"119":1,"120":1,"121":0,"122":0,"123":1,"124":1,"125":1,"126":1,"127":1,"128":0,"129":1,"130":52,"131":1,"132":1,"133":0,"134":0,"135":1,"136":1,"137":0,"138":0,"139":1,"140":1,"141":1,"142":1,"143":0,"144":1,"145":52,"146":24,"147":52,"148":0,"149":52,"150":24,"151":52,"152":0,"153":52,"154":0,"155":0,"156":0,"157":1},"b":{"1":[0,24],"2":[1,23],"3":[0,16],"4":[1,15],"5":[0,15],"6":[14,1],"7":[0,14],"8":[1,0],"9":[0,1],"10":[0,3],"11":[0,3],"12":[0,3],"13":[1,2],"14":[1,1],"15":[0,1],"16":[0,1],"17":[0,2],"18":[0,2],"19":[0,1],"20":[0,1],"21":[0,1],"22":[0,1],"23":[0,1],"24":[0,1],"25":[0,1]},"f":{"1":52,"2":24,"3":24,"4":16,"5":16,"6":15,"7":14,"8":1,"9":3,"10":3,"11":3,"12":1,"13":1,"14":2,"15":2,"16":2,"17":1,"18":1,"19":1,"20":1,"21":1,"22":1,"23":1,"24":1,"25":1,"26":24,"27":0,"28":24,"29":0,"30":0},"fnMap":{"1":{"name":"Ingredient","line":12,"loc":{"start":{"line":12,"column":0},"end":{"line":12,"column":79}}},"2":{"name":"(anonymous_2)","line":28,"loc":{"start":{"line":28,"column":22},"end":{"line":28,"column":41}}},"3":{"name":"(anonymous_3)","line":32,"loc":{"start":{"line":32,"column":19},"end":{"line":32,"column":41}}},"4":{"name":"(anonymous_4)","line":54,"loc":{"start":{"line":54,"column":15},"end":{"line":54,"column":34}}},"5":{"name":"(anonymous_5)","line":60,"loc":{"start":{"line":60,"column":17},"end":{"line":60,"column":31}}},"6":{"name":"(anonymous_6)","line":70,"loc":{"start":{"line":70,"column":29},"end":{"line":70,"column":51}}},"7":{"name":"(anonymous_7)","line":81,"loc":{"start":{"line":81,"column":30},"end":{"line":81,"column":52}}},"8":{"name":"(anonymous_8)","line":93,"loc":{"start":{"line":93,"column":30},"end":{"line":93,"column":52}}},"9":{"name":"(anonymous_9)","line":116,"loc":{"start":{"line":116,"column":18},"end":{"line":116,"column":37}}},"10":{"name":"(anonymous_10)","line":122,"loc":{"start":{"line":122,"column":17},"end":{"line":122,"column":31}}},"11":{"name":"(anonymous_11)","line":129,"loc":{"start":{"line":129,"column":29},"end":{"line":129,"column":51}}},"12":{"name":"(anonymous_12)","line":142,"loc":{"start":{"line":142,"column":27},"end":{"line":142,"column":49}}},"13":{"name":"(anonymous_13)","line":152,"loc":{"start":{"line":152,"column":27},"end":{"line":152,"column":49}}},"14":{"name":"(anonymous_14)","line":166,"loc":{"start":{"line":166,"column":21},"end":{"line":166,"column":40}}},"15":{"name":"(anonymous_15)","line":168,"loc":{"start":{"line":168,"column":17},"end":{"line":168,"column":31}}},"16":{"name":"(anonymous_16)","line":175,"loc":{"start":{"line":175,"column":29},"end":{"line":175,"column":51}}},"17":{"name":"(anonymous_17)","line":186,"loc":{"start":{"line":186,"column":28},"end":{"line":186,"column":47}}},"18":{"name":"(anonymous_18)","line":188,"loc":{"start":{"line":188,"column":17},"end":{"line":188,"column":31}}},"19":{"name":"(anonymous_19)","line":195,"loc":{"start":{"line":195,"column":29},"end":{"line":195,"column":51}}},"20":{"name":"(anonymous_20)","line":206,"loc":{"start":{"line":206,"column":24},"end":{"line":206,"column":56}}},"21":{"name":"(anonymous_21)","line":208,"loc":{"start":{"line":208,"column":17},"end":{"line":208,"column":31}}},"22":{"name":"(anonymous_22)","line":216,"loc":{"start":{"line":216,"column":29},"end":{"line":216,"column":51}}},"23":{"name":"(anonymous_23)","line":227,"loc":{"start":{"line":227,"column":34},"end":{"line":227,"column":53}}},"24":{"name":"(anonymous_24)","line":233,"loc":{"start":{"line":233,"column":17},"end":{"line":233,"column":31}}},"25":{"name":"(anonymous_25)","line":240,"loc":{"start":{"line":240,"column":29},"end":{"line":240,"column":51}}},"26":{"name":"(anonymous_26)","line":256,"loc":{"start":{"line":256,"column":28},"end":{"line":256,"column":44}}},"27":{"name":"(anonymous_27)","line":260,"loc":{"start":{"line":260,"column":28},"end":{"line":260,"column":39}}},"28":{"name":"(anonymous_28)","line":264,"loc":{"start":{"line":264,"column":21},"end":{"line":264,"column":38}}},"29":{"name":"(anonymous_29)","line":268,"loc":{"start":{"line":268,"column":21},"end":{"line":268,"column":32}}},"30":{"name":"(anonymous_30)","line":276,"loc":{"start":{"line":276,"column":19},"end":{"line":276,"column":59}}}},"statementMap":{"1":{"start":{"line":1,"column":0},"end":{"line":1,"column":23}},"2":{"start":{"line":2,"column":0},"end":{"line":2,"column":42}},"3":{"start":{"line":3,"column":0},"end":{"line":3,"column":48}},"4":{"start":{"line":4,"column":0},"end":{"line":4,"column":56}},"5":{"start":{"line":5,"column":0},"end":{"line":5,"column":44}},"6":{"start":{"line":12,"column":0},"end":{"line":281,"column":1}},"7":{"start":{"line":13,"column":4},"end":{"line":13,"column":29}},"8":{"start":{"line":14,"column":4},"end":{"line":14,"column":43}},"9":{"start":{"line":15,"column":4},"end":{"line":15,"column":43}},"10":{"start":{"line":16,"column":4},"end":{"line":16,"column":29}},"11":{"start":{"line":17,"column":4},"end":{"line":17,"column":21}},"12":{"start":{"line":18,"column":4},"end":{"line":18,"column":28}},"13":{"start":{"line":19,"column":4},"end":{"line":19,"column":23}},"14":{"start":{"line":20,"column":4},"end":{"line":20,"column":26}},"15":{"start":{"line":21,"column":4},"end":{"line":21,"column":23}},"16":{"start":{"line":22,"column":4},"end":{"line":22,"column":22}},"17":{"start":{"line":23,"column":4},"end":{"line":23,"column":20}},"18":{"start":{"line":24,"column":4},"end":{"line":24,"column":52}},"19":{"start":{"line":25,"column":4},"end":{"line":25,"column":146}},"20":{"start":{"line":26,"column":4},"end":{"line":26,"column":41}},"21":{"start":{"line":28,"column":4},"end":{"line":54,"column":4}},"22":{"start":{"line":29,"column":1},"end":{"line":29,"column":17}},"23":{"start":{"line":30,"column":1},"end":{"line":30,"column":48}},"24":{"start":{"line":31,"column":1},"end":{"line":31,"column":48}},"25":{"start":{"line":32,"column":1},"end":{"line":45,"column":4}},"26":{"start":{"line":33,"column":5},"end":{"line":33,"column":22}},"27":{"start":{"line":34,"column":5},"end":{"line":37,"column":6}},"28":{"start":{"line":35,"column":2},"end":{"line":35,"column":28}},"29":{"start":{"line":36,"column":2},"end":{"line":36,"column":9}},"30":{"start":{"line":38,"column":5},"end":{"line":38,"column":50}},"31":{"start":{"line":39,"column":5},"end":{"line":44,"column":6}},"32":{"start":{"line":40,"column":2},"end":{"line":40,"column":35}},"33":{"start":{"line":43,"column":2},"end":{"line":43,"column":30}},"34":{"start":{"line":54,"column":4},"end":{"line":116,"column":4}},"35":{"start":{"line":55,"column":1},"end":{"line":55,"column":17}},"36":{"start":{"line":56,"column":1},"end":{"line":59,"column":2}},"37":{"start":{"line":57,"column":5},"end":{"line":57,"column":49}},"38":{"start":{"line":58,"column":5},"end":{"line":58,"column":12}},"39":{"start":{"line":60,"column":1},"end":{"line":107,"column":4}},"40":{"start":{"line":61,"column":5},"end":{"line":64,"column":6}},"41":{"start":{"line":62,"column":2},"end":{"line":62,"column":16}},"42":{"start":{"line":63,"column":2},"end":{"line":63,"column":9}},"43":{"start":{"line":65,"column":5},"end":{"line":65,"column":125}},"44":{"start":{"line":66,"column":5},"end":{"line":66,"column":58}},"45":{"start":{"line":70,"column":5},"end":{"line":106,"column":8}},"46":{"start":{"line":72,"column":2},"end":{"line":75,"column":3}},"47":{"start":{"line":73,"column":6},"end":{"line":73,"column":32}},"48":{"start":{"line":74,"column":6},"end":{"line":74,"column":13}},"49":{"start":{"line":76,"column":2},"end":{"line":76,"column":47}},"50":{"start":{"line":78,"column":2},"end":{"line":105,"column":3}},"51":{"start":{"line":79,"column":6},"end":{"line":79,"column":46}},"52":{"start":{"line":80,"column":6},"end":{"line":80,"column":54}},"53":{"start":{"line":81,"column":6},"end":{"line":88,"column":9}},"54":{"start":{"line":82,"column":3},"end":{"line":87,"column":4}},"55":{"start":{"line":83,"column":7},"end":{"line":83,"column":33}},"56":{"start":{"line":86,"column":7},"end":{"line":86,"column":35}},"57":{"start":{"line":91,"column":7},"end":{"line":105,"column":3}},"58":{"start":{"line":92,"column":6},"end":{"line":92,"column":72}},"59":{"start":{"line":93,"column":6},"end":{"line":100,"column":35}},"60":{"start":{"line":94,"column":3},"end":{"line":99,"column":4}},"61":{"start":{"line":95,"column":7},"end":{"line":95,"column":33}},"62":{"start":{"line":98,"column":7},"end":{"line":98,"column":56}},"63":{"start":{"line":104,"column":6},"end":{"line":104,"column":32}},"64":{"start":{"line":116,"column":4},"end":{"line":166,"column":4}},"65":{"start":{"line":117,"column":1},"end":{"line":117,"column":17}},"66":{"start":{"line":118,"column":1},"end":{"line":121,"column":2}},"67":{"start":{"line":119,"column":5},"end":{"line":119,"column":49}},"68":{"start":{"line":120,"column":5},"end":{"line":120,"column":12}},"69":{"start":{"line":122,"column":1},"end":{"line":163,"column":4}},"70":{"start":{"line":123,"column":5},"end":{"line":126,"column":6}},"71":{"start":{"line":124,"column":2},"end":{"line":124,"column":16}},"72":{"start":{"line":125,"column":2},"end":{"line":125,"column":9}},"73":{"start":{"line":127,"column":5},"end":{"line":127,"column":125}},"74":{"start":{"line":128,"column":5},"end":{"line":128,"column":58}},"75":{"start":{"line":129,"column":5},"end":{"line":162,"column":8}},"76":{"start":{"line":130,"column":2},"end":{"line":133,"column":3}},"77":{"start":{"line":131,"column":6},"end":{"line":131,"column":32}},"78":{"start":{"line":132,"column":6},"end":{"line":132,"column":13}},"79":{"start":{"line":134,"column":2},"end":{"line":134,"column":47}},"80":{"start":{"line":135,"column":2},"end":{"line":161,"column":3}},"81":{"start":{"line":136,"column":6},"end":{"line":136,"column":45}},"82":{"start":{"line":139,"column":6},"end":{"line":139,"column":72}},"83":{"start":{"line":140,"column":6},"end":{"line":140,"column":31}},"84":{"start":{"line":141,"column":6},"end":{"line":160,"column":7}},"85":{"start":{"line":142,"column":3},"end":{"line":149,"column":6}},"86":{"start":{"line":143,"column":7},"end":{"line":148,"column":8}},"87":{"start":{"line":144,"column":4},"end":{"line":144,"column":30}},"88":{"start":{"line":147,"column":4},"end":{"line":147,"column":32}},"89":{"start":{"line":152,"column":3},"end":{"line":159,"column":32}},"90":{"start":{"line":153,"column":7},"end":{"line":158,"column":8}},"91":{"start":{"line":154,"column":4},"end":{"line":154,"column":30}},"92":{"start":{"line":157,"column":4},"end":{"line":157,"column":53}},"93":{"start":{"line":166,"column":4},"end":{"line":186,"column":4}},"94":{"start":{"line":167,"column":1},"end":{"line":167,"column":17}},"95":{"start":{"line":168,"column":1},"end":{"line":183,"column":4}},"96":{"start":{"line":169,"column":5},"end":{"line":172,"column":6}},"97":{"start":{"line":170,"column":2},"end":{"line":170,"column":16}},"98":{"start":{"line":171,"column":2},"end":{"line":171,"column":9}},"99":{"start":{"line":173,"column":5},"end":{"line":173,"column":64}},"100":{"start":{"line":174,"column":5},"end":{"line":174,"column":58}},"101":{"start":{"line":175,"column":5},"end":{"line":182,"column":8}},"102":{"start":{"line":176,"column":2},"end":{"line":181,"column":3}},"103":{"start":{"line":177,"column":6},"end":{"line":177,"column":32}},"104":{"start":{"line":180,"column":6},"end":{"line":180,"column":34}},"105":{"start":{"line":186,"column":4},"end":{"line":206,"column":4}},"106":{"start":{"line":187,"column":1},"end":{"line":187,"column":17}},"107":{"start":{"line":188,"column":1},"end":{"line":203,"column":4}},"108":{"start":{"line":189,"column":5},"end":{"line":192,"column":6}},"109":{"start":{"line":190,"column":2},"end":{"line":190,"column":16}},"110":{"start":{"line":191,"column":2},"end":{"line":191,"column":9}},"111":{"start":{"line":193,"column":5},"end":{"line":193,"column":108}},"112":{"start":{"line":194,"column":5},"end":{"line":194,"column":58}},"113":{"start":{"line":195,"column":5},"end":{"line":202,"column":8}},"114":{"start":{"line":196,"column":2},"end":{"line":201,"column":3}},"115":{"start":{"line":197,"column":6},"end":{"line":197,"column":32}},"116":{"start":{"line":200,"column":6},"end":{"line":200,"column":34}},"117":{"start":{"line":206,"column":4},"end":{"line":227,"column":4}},"118":{"start":{"line":207,"column":1},"end":{"line":207,"column":17}},"119":{"start":{"line":208,"column":1},"end":{"line":224,"column":4}},"120":{"start":{"line":209,"column":5},"end":{"line":212,"column":6}},"121":{"start":{"line":210,"column":2},"end":{"line":210,"column":16}},"122":{"start":{"line":211,"column":2},"end":{"line":211,"column":9}},"123":{"start":{"line":213,"column":5},"end":{"line":213,"column":64}},"124":{"start":{"line":214,"column":5},"end":{"line":214,"column":58}},"125":{"start":{"line":215,"column":5},"end":{"line":215,"column":40}},"126":{"start":{"line":216,"column":5},"end":{"line":223,"column":8}},"127":{"start":{"line":217,"column":2},"end":{"line":222,"column":3}},"128":{"start":{"line":218,"column":6},"end":{"line":218,"column":32}},"129":{"start":{"line":221,"column":6},"end":{"line":221,"column":71}},"130":{"start":{"line":227,"column":4},"end":{"line":256,"column":4}},"131":{"start":{"line":228,"column":1},"end":{"line":228,"column":17}},"132":{"start":{"line":229,"column":1},"end":{"line":232,"column":2}},"133":{"start":{"line":230,"column":5},"end":{"line":230,"column":49}},"134":{"start":{"line":231,"column":5},"end":{"line":231,"column":12}},"135":{"start":{"line":233,"column":1},"end":{"line":248,"column":4}},"136":{"start":{"line":234,"column":5},"end":{"line":237,"column":6}},"137":{"start":{"line":235,"column":2},"end":{"line":235,"column":16}},"138":{"start":{"line":236,"column":2},"end":{"line":236,"column":9}},"139":{"start":{"line":238,"column":5},"end":{"line":238,"column":125}},"140":{"start":{"line":239,"column":5},"end":{"line":239,"column":58}},"141":{"start":{"line":240,"column":5},"end":{"line":247,"column":36}},"142":{"start":{"line":241,"column":2},"end":{"line":246,"column":3}},"143":{"start":{"line":242,"column":6},"end":{"line":242,"column":32}},"144":{"start":{"line":245,"column":6},"end":{"line":245,"column":34}},"145":{"start":{"line":256,"column":4},"end":{"line":260,"column":4}},"146":{"start":{"line":257,"column":1},"end":{"line":257,"column":25}},"147":{"start":{"line":260,"column":4},"end":{"line":264,"column":4}},"148":{"start":{"line":261,"column":1},"end":{"line":261,"column":24}},"149":{"start":{"line":264,"column":4},"end":{"line":268,"column":4}},"150":{"start":{"line":265,"column":1},"end":{"line":265,"column":22}},"151":{"start":{"line":268,"column":4},"end":{"line":276,"column":4}},"152":{"start":{"line":269,"column":1},"end":{"line":269,"column":20}},"153":{"start":{"line":276,"column":4},"end":{"line":281,"column":0}},"154":{"start":{"line":277,"column":1},"end":{"line":277,"column":28}},"155":{"start":{"line":278,"column":1},"end":{"line":278,"column":22}},"156":{"start":{"line":279,"column":1},"end":{"line":279,"column":20}},"157":{"start":{"line":283,"column":0},"end":{"line":283,"column":28}}},"branchMap":{"1":{"line":34,"type":"if","locations":[{"start":{"line":34,"column":5},"end":{"line":34,"column":5}},{"start":{"line":34,"column":5},"end":{"line":34,"column":5}}]},"2":{"line":39,"type":"if","locations":[{"start":{"line":39,"column":5},"end":{"line":39,"column":5}},{"start":{"line":39,"column":5},"end":{"line":39,"column":5}}]},"3":{"line":56,"type":"if","locations":[{"start":{"line":56,"column":1},"end":{"line":56,"column":1}},{"start":{"line":56,"column":1},"end":{"line":56,"column":1}}]},"4":{"line":61,"type":"if","locations":[{"start":{"line":61,"column":5},"end":{"line":61,"column":5}},{"start":{"line":61,"column":5},"end":{"line":61,"column":5}}]},"5":{"line":72,"type":"if","locations":[{"start":{"line":72,"column":2},"end":{"line":72,"column":2}},{"start":{"line":72,"column":2},"end":{"line":72,"column":2}}]},"6":{"line":78,"type":"if","locations":[{"start":{"line":78,"column":2},"end":{"line":78,"column":2}},{"start":{"line":78,"column":2},"end":{"line":78,"column":2}}]},"7":{"line":82,"type":"if","locations":[{"start":{"line":82,"column":3},"end":{"line":82,"column":3}},{"start":{"line":82,"column":3},"end":{"line":82,"column":3}}]},"8":{"line":91,"type":"if","locations":[{"start":{"line":91,"column":7},"end":{"line":91,"column":7}},{"start":{"line":91,"column":7},"end":{"line":91,"column":7}}]},"9":{"line":94,"type":"if","locations":[{"start":{"line":94,"column":3},"end":{"line":94,"column":3}},{"start":{"line":94,"column":3},"end":{"line":94,"column":3}}]},"10":{"line":118,"type":"if","locations":[{"start":{"line":118,"column":1},"end":{"line":118,"column":1}},{"start":{"line":118,"column":1},"end":{"line":118,"column":1}}]},"11":{"line":123,"type":"if","locations":[{"start":{"line":123,"column":5},"end":{"line":123,"column":5}},{"start":{"line":123,"column":5},"end":{"line":123,"column":5}}]},"12":{"line":130,"type":"if","locations":[{"start":{"line":130,"column":2},"end":{"line":130,"column":2}},{"start":{"line":130,"column":2},"end":{"line":130,"column":2}}]},"13":{"line":135,"type":"if","locations":[{"start":{"line":135,"column":2},"end":{"line":135,"column":2}},{"start":{"line":135,"column":2},"end":{"line":135,"column":2}}]},"14":{"line":141,"type":"if","locations":[{"start":{"line":141,"column":6},"end":{"line":141,"column":6}},{"start":{"line":141,"column":6},"end":{"line":141,"column":6}}]},"15":{"line":143,"type":"if","locations":[{"start":{"line":143,"column":7},"end":{"line":143,"column":7}},{"start":{"line":143,"column":7},"end":{"line":143,"column":7}}]},"16":{"line":153,"type":"if","locations":[{"start":{"line":153,"column":7},"end":{"line":153,"column":7}},{"start":{"line":153,"column":7},"end":{"line":153,"column":7}}]},"17":{"line":169,"type":"if","locations":[{"start":{"line":169,"column":5},"end":{"line":169,"column":5}},{"start":{"line":169,"column":5},"end":{"line":169,"column":5}}]},"18":{"line":176,"type":"if","locations":[{"start":{"line":176,"column":2},"end":{"line":176,"column":2}},{"start":{"line":176,"column":2},"end":{"line":176,"column":2}}]},"19":{"line":189,"type":"if","locations":[{"start":{"line":189,"column":5},"end":{"line":189,"column":5}},{"start":{"line":189,"column":5},"end":{"line":189,"column":5}}]},"20":{"line":196,"type":"if","locations":[{"start":{"line":196,"column":2},"end":{"line":196,"column":2}},{"start":{"line":196,"column":2},"end":{"line":196,"column":2}}]},"21":{"line":209,"type":"if","locations":[{"start":{"line":209,"column":5},"end":{"line":209,"column":5}},{"start":{"line":209,"column":5},"end":{"line":209,"column":5}}]},"22":{"line":217,"type":"if","locations":[{"start":{"line":217,"column":2},"end":{"line":217,"column":2}},{"start":{"line":217,"column":2},"end":{"line":217,"column":2}}]},"23":{"line":229,"type":"if","locations":[{"start":{"line":229,"column":1},"end":{"line":229,"column":1}},{"start":{"line":229,"column":1},"end":{"line":229,"column":1}}]},"24":{"line":234,"type":"if","locations":[{"start":{"line":234,"column":5},"end":{"line":234,"column":5}},{"start":{"line":234,"column":5},"end":{"line":234,"column":5}}]},"25":{"line":241,"type":"if","locations":[{"start":{"line":241,"column":2},"end":{"line":241,"column":2}},{"start":{"line":241,"column":2},"end":{"line":241,"column":2}}]}}},"C:\\Users\\Kevin.Jia\\Documents\\CS169\\Cooking Buddy\\Constants.js":{"path":"C:\\Users\\Kevin.Jia\\Documents\\CS169\\Cooking Buddy\\Constants.js","s":{"1":1,"2":1,"3":1,"4":1,"5":1,"6":1,"7":1,"8":1,"9":1,"10":1,"11":1,"12":1,"13":1,"14":1,"15":1,"16":1,"17":1,"18":1,"19":1,"20":1,"21":1,"22":1,"23":1,"24":1,"25":1,"26":1,"27":1,"28":1,"29":1,"30":1,"31":1,"32":1,"33":1,"34":1,"35":1,"36":1,"37":1,"38":1,"39":1,"40":1},"b":{},"f":{"1":0},"fnMap":{"1":{"name":"Constants","line":2,"loc":{"start":{"line":2,"column":0},"end":{"line":2,"column":20}}}},"statementMap":{"1":{"start":{"line":2,"column":0},"end":{"line":3,"column":1}},"2":{"start":{"line":6,"column":0},"end":{"line":6,"column":34}},"3":{"start":{"line":7,"column":0},"end":{"line":7,"column":42}},"4":{"start":{"line":11,"column":0},"end":{"line":11,"column":30}},"5":{"start":{"line":13,"column":0},"end":{"line":13,"column":68}},"6":{"start":{"line":14,"column":0},"end":{"line":14,"column":26}},"7":{"start":{"line":15,"column":0},"end":{"line":15,"column":46}},"8":{"start":{"line":16,"column":0},"end":{"line":16,"column":50}},"9":{"start":{"line":17,"column":0},"end":{"line":17,"column":36}},"10":{"start":{"line":18,"column":0},"end":{"line":18,"column":40}},"11":{"start":{"line":19,"column":0},"end":{"line":21,"column":0}},"12":{"start":{"line":21,"column":0},"end":{"line":21,"column":50}},"13":{"start":{"line":22,"column":0},"end":{"line":22,"column":46}},"14":{"start":{"line":23,"column":0},"end":{"line":23,"column":44}},"15":{"start":{"line":24,"column":0},"end":{"line":24,"column":32}},"16":{"start":{"line":25,"column":0},"end":{"line":25,"column":32}},"17":{"start":{"line":27,"column":0},"end":{"line":27,"column":44}},"18":{"start":{"line":30,"column":0},"end":{"line":30,"column":33}},"19":{"start":{"line":31,"column":0},"end":{"line":31,"column":37}},"20":{"start":{"line":32,"column":0},"end":{"line":32,"column":35}},"21":{"start":{"line":33,"column":0},"end":{"line":33,"column":47}},"22":{"start":{"line":34,"column":0},"end":{"line":34,"column":53}},"23":{"start":{"line":35,"column":0},"end":{"line":35,"column":59}},"24":{"start":{"line":36,"column":0},"end":{"line":36,"column":47}},"25":{"start":{"line":37,"column":0},"end":{"line":37,"column":57}},"26":{"start":{"line":38,"column":0},"end":{"line":38,"column":53}},"27":{"start":{"line":39,"column":0},"end":{"line":39,"column":43}},"28":{"start":{"line":40,"column":0},"end":{"line":40,"column":40}},"29":{"start":{"line":41,"column":0},"end":{"line":41,"column":54}},"30":{"start":{"line":42,"column":0},"end":{"line":42,"column":33}},"31":{"start":{"line":44,"column":0},"end":{"line":44,"column":50}},"32":{"start":{"line":47,"column":0},"end":{"line":47,"column":44}},"33":{"start":{"line":48,"column":0},"end":{"line":48,"column":32}},"34":{"start":{"line":49,"column":0},"end":{"line":49,"column":36}},"35":{"start":{"line":50,"column":0},"end":{"line":50,"column":35}},"36":{"start":{"line":53,"column":0},"end":{"line":53,"column":37}},"37":{"start":{"line":54,"column":0},"end":{"line":54,"column":31}},"38":{"start":{"line":55,"column":0},"end":{"line":55,"column":33}},"39":{"start":{"line":56,"column":0},"end":{"line":56,"column":33}},"40":{"start":{"line":58,"column":0},"end":{"line":58,"column":27}}},"branchMap":{}},"C:\\Users\\Kevin.Jia\\Documents\\CS169\\Cooking Buddy\\ActiveRecord.js":{"path":"C:\\Users\\Kevin.Jia\\Documents\\CS169\\Cooking Buddy\\ActiveRecord.js","s":{"1":1,"2":47,"3":47,"4":47,"5":47,"6":47,"7":47,"8":47,"9":1,"10":28,"11":1,"12":14,"13":0,"14":0,"15":14,"16":14,"17":14,"18":14,"19":14,"20":14,"21":70,"22":70,"23":14,"24":14,"25":56,"26":56,"27":70,"28":14,"29":14,"30":14,"31":14,"32":1,"33":4,"34":4,"35":4,"36":4,"37":4,"38":1,"39":3,"40":3,"41":3,"42":3,"43":3,"44":1,"45":43,"46":43,"47":43,"48":1,"49":1,"50":1,"51":43,"52":43,"53":43,"54":1,"55":47,"56":1,"57":0,"58":1,"59":47,"60":1,"61":0,"62":1,"63":0,"64":1,"65":0,"66":1,"67":47,"68":47,"69":1,"70":1,"71":1,"72":0,"73":1,"74":1,"75":1,"76":0,"77":1,"78":191,"79":174,"80":17,"81":1,"82":53,"83":53,"84":53,"85":205,"86":121,"87":68,"88":53,"89":121,"90":53,"91":1},"b":{"1":[0,14],"2":[70,0],"3":[14,56],"4":[1,42],"5":[1,0],"6":[1,0],"7":[1,1],"8":[1,0],"9":[1,1],"10":[174,17],"11":[121,84],"12":[68,53]},"f":{"1":47,"2":28,"3":14,"4":14,"5":4,"6":4,"7":3,"8":3,"9":43,"10":43,"11":47,"12":0,"13":47,"14":0,"15":0,"16":0,"17":47,"18":1,"19":191,"20":53},"fnMap":{"1":{"name":"ActiveRecord","line":7,"loc":{"start":{"line":7,"column":0},"end":{"line":7,"column":24}}},"2":{"name":"(anonymous_2)","line":17,"loc":{"start":{"line":17,"column":29},"end":{"line":17,"column":50}}},"3":{"name":"(anonymous_3)","line":24,"loc":{"start":{"line":24,"column":32},"end":{"line":24,"column":51}}},"4":{"name":"(anonymous_4)","line":49,"loc":{"start":{"line":49,"column":39},"end":{"line":49,"column":61}}},"5":{"name":"(anonymous_5)","line":57,"loc":{"start":{"line":57,"column":32},"end":{"line":57,"column":51}}},"6":{"name":"(anonymous_6)","line":61,"loc":{"start":{"line":61,"column":39},"end":{"line":61,"column":61}}},"7":{"name":"(anonymous_7)","line":70,"loc":{"start":{"line":70,"column":32},"end":{"line":70,"column":59}}},"8":{"name":"(anonymous_8)","line":74,"loc":{"start":{"line":74,"column":39},"end":{"line":74,"column":61}}},"9":{"name":"(anonymous_9)","line":82,"loc":{"start":{"line":82,"column":32},"end":{"line":82,"column":51}}},"10":{"name":"(anonymous_10)","line":92,"loc":{"start":{"line":92,"column":39},"end":{"line":92,"column":61}}},"11":{"name":"(anonymous_11)","line":100,"loc":{"start":{"line":100,"column":42},"end":{"line":100,"column":58}}},"12":{"name":"(anonymous_12)","line":104,"loc":{"start":{"line":104,"column":42},"end":{"line":104,"column":53}}},"13":{"name":"(anonymous_13)","line":108,"loc":{"start":{"line":108,"column":35},"end":{"line":108,"column":52}}},"14":{"name":"(anonymous_14)","line":112,"loc":{"start":{"line":112,"column":35},"end":{"line":112,"column":46}}},"15":{"name":"(anonymous_15)","line":116,"loc":{"start":{"line":116,"column":34},"end":{"line":116,"column":49}}},"16":{"name":"(anonymous_16)","line":120,"loc":{"start":{"line":120,"column":34},"end":{"line":120,"column":45}}},"17":{"name":"(anonymous_17)","line":124,"loc":{"start":{"line":124,"column":31},"end":{"line":124,"column":55}}},"18":{"name":"(anonymous_18)","line":133,"loc":{"start":{"line":133,"column":30},"end":{"line":133,"column":53}}},"19":{"name":"(anonymous_19)","line":155,"loc":{"start":{"line":155,"column":35},"end":{"line":155,"column":59}}},"20":{"name":"(anonymous_20)","line":164,"loc":{"start":{"line":164,"column":43},"end":{"line":164,"column":60}}}},"statementMap":{"1":{"start":{"line":7,"column":0},"end":{"line":15,"column":1}},"2":{"start":{"line":8,"column":4},"end":{"line":8,"column":21}},"3":{"start":{"line":9,"column":4},"end":{"line":9,"column":26}},"4":{"start":{"line":10,"column":4},"end":{"line":10,"column":27}},"5":{"start":{"line":11,"column":4},"end":{"line":11,"column":23}},"6":{"start":{"line":12,"column":4},"end":{"line":12,"column":23}},"7":{"start":{"line":13,"column":4},"end":{"line":13,"column":26}},"8":{"start":{"line":14,"column":4},"end":{"line":14,"column":22}},"9":{"start":{"line":17,"column":0},"end":{"line":24,"column":0}},"10":{"start":{"line":18,"column":4},"end":{"line":18,"column":29}},"11":{"start":{"line":24,"column":0},"end":{"line":57,"column":0}},"12":{"start":{"line":25,"column":4},"end":{"line":28,"column":5}},"13":{"start":{"line":26,"column":1},"end":{"line":26,"column":31}},"14":{"start":{"line":27,"column":1},"end":{"line":27,"column":8}},"15":{"start":{"line":29,"column":4},"end":{"line":29,"column":20}},"16":{"start":{"line":30,"column":4},"end":{"line":30,"column":52}},"17":{"start":{"line":31,"column":4},"end":{"line":31,"column":28}},"18":{"start":{"line":32,"column":4},"end":{"line":32,"column":23}},"19":{"start":{"line":33,"column":4},"end":{"line":33,"column":18}},"20":{"start":{"line":34,"column":4},"end":{"line":46,"column":5}},"21":{"start":{"line":35,"column":1},"end":{"line":44,"column":2}},"22":{"start":{"line":36,"column":5},"end":{"line":43,"column":6}},"23":{"start":{"line":37,"column":2},"end":{"line":37,"column":60}},"24":{"start":{"line":38,"column":2},"end":{"line":38,"column":34}},"25":{"start":{"line":41,"column":2},"end":{"line":41,"column":59}},"26":{"start":{"line":42,"column":2},"end":{"line":42,"column":35}},"27":{"start":{"line":45,"column":1},"end":{"line":45,"column":19}},"28":{"start":{"line":47,"column":4},"end":{"line":47,"column":49}},"29":{"start":{"line":48,"column":4},"end":{"line":48,"column":29}},"30":{"start":{"line":49,"column":4},"end":{"line":51,"column":7}},"31":{"start":{"line":50,"column":1},"end":{"line":50,"column":39}},"32":{"start":{"line":57,"column":0},"end":{"line":70,"column":0}},"33":{"start":{"line":58,"column":4},"end":{"line":58,"column":20}},"34":{"start":{"line":59,"column":4},"end":{"line":59,"column":101}},"35":{"start":{"line":60,"column":4},"end":{"line":60,"column":29}},"36":{"start":{"line":61,"column":4},"end":{"line":63,"column":7}},"37":{"start":{"line":62,"column":1},"end":{"line":62,"column":39}},"38":{"start":{"line":70,"column":0},"end":{"line":82,"column":0}},"39":{"start":{"line":71,"column":4},"end":{"line":71,"column":20}},"40":{"start":{"line":72,"column":4},"end":{"line":72,"column":140}},"41":{"start":{"line":73,"column":4},"end":{"line":73,"column":29}},"42":{"start":{"line":74,"column":4},"end":{"line":76,"column":7}},"43":{"start":{"line":75,"column":1},"end":{"line":75,"column":39}},"44":{"start":{"line":82,"column":0},"end":{"line":100,"column":0}},"45":{"start":{"line":83,"column":4},"end":{"line":83,"column":20}},"46":{"start":{"line":84,"column":4},"end":{"line":84,"column":104}},"47":{"start":{"line":85,"column":4},"end":{"line":90,"column":5}},"48":{"start":{"line":86,"column":1},"end":{"line":86,"column":56}},"49":{"start":{"line":87,"column":1},"end":{"line":89,"column":2}},"50":{"start":{"line":88,"column":5},"end":{"line":88,"column":50}},"51":{"start":{"line":91,"column":4},"end":{"line":91,"column":29}},"52":{"start":{"line":92,"column":4},"end":{"line":94,"column":7}},"53":{"start":{"line":93,"column":1},"end":{"line":93,"column":47}},"54":{"start":{"line":100,"column":0},"end":{"line":104,"column":0}},"55":{"start":{"line":101,"column":4},"end":{"line":101,"column":28}},"56":{"start":{"line":104,"column":0},"end":{"line":108,"column":0}},"57":{"start":{"line":105,"column":4},"end":{"line":105,"column":27}},"58":{"start":{"line":108,"column":0},"end":{"line":112,"column":0}},"59":{"start":{"line":109,"column":4},"end":{"line":109,"column":25}},"60":{"start":{"line":112,"column":0},"end":{"line":116,"column":0}},"61":{"start":{"line":113,"column":4},"end":{"line":113,"column":23}},"62":{"start":{"line":116,"column":0},"end":{"line":120,"column":0}},"63":{"start":{"line":117,"column":4},"end":{"line":117,"column":26}},"64":{"start":{"line":120,"column":0},"end":{"line":124,"column":0}},"65":{"start":{"line":121,"column":4},"end":{"line":121,"column":26}},"66":{"start":{"line":124,"column":0},"end":{"line":133,"column":0}},"67":{"start":{"line":125,"column":4},"end":{"line":125,"column":33}},"68":{"start":{"line":126,"column":4},"end":{"line":126,"column":27}},"69":{"start":{"line":133,"column":0},"end":{"line":155,"column":0}},"70":{"start":{"line":134,"column":4},"end":{"line":139,"column":5}},"71":{"start":{"line":135,"column":1},"end":{"line":135,"column":24}},"72":{"start":{"line":138,"column":1},"end":{"line":138,"column":14}},"73":{"start":{"line":140,"column":4},"end":{"line":146,"column":5}},"74":{"start":{"line":141,"column":1},"end":{"line":141,"column":20}},"75":{"start":{"line":142,"column":1},"end":{"line":142,"column":13}},"76":{"start":{"line":145,"column":1},"end":{"line":145,"column":14}},"77":{"start":{"line":155,"column":0},"end":{"line":164,"column":0}},"78":{"start":{"line":156,"column":4},"end":{"line":161,"column":5}},"79":{"start":{"line":157,"column":1},"end":{"line":157,"column":30}},"80":{"start":{"line":160,"column":1},"end":{"line":160,"column":22}},"81":{"start":{"line":164,"column":0},"end":{"line":181,"column":0}},"82":{"start":{"line":165,"column":4},"end":{"line":165,"column":19}},"83":{"start":{"line":166,"column":4},"end":{"line":166,"column":23}},"84":{"start":{"line":167,"column":4},"end":{"line":177,"column":5}},"85":{"start":{"line":168,"column":1},"end":{"line":176,"column":2}},"86":{"start":{"line":169,"column":5},"end":{"line":174,"column":6}},"87":{"start":{"line":170,"column":2},"end":{"line":170,"column":25}},"88":{"start":{"line":173,"column":2},"end":{"line":173,"column":18}},"89":{"start":{"line":175,"column":5},"end":{"line":175,"column":72}},"90":{"start":{"line":178,"column":4},"end":{"line":178,"column":17}},"91":{"start":{"line":181,"column":0},"end":{"line":181,"column":30}}},"branchMap":{"1":{"line":25,"type":"if","locations":[{"start":{"line":25,"column":4},"end":{"line":25,"column":4}},{"start":{"line":25,"column":4},"end":{"line":25,"column":4}}]},"2":{"line":35,"type":"if","locations":[{"start":{"line":35,"column":1},"end":{"line":35,"column":1}},{"start":{"line":35,"column":1},"end":{"line":35,"column":1}}]},"3":{"line":36,"type":"if","locations":[{"start":{"line":36,"column":5},"end":{"line":36,"column":5}},{"start":{"line":36,"column":5},"end":{"line":36,"column":5}}]},"4":{"line":85,"type":"if","locations":[{"start":{"line":85,"column":4},"end":{"line":85,"column":4}},{"start":{"line":85,"column":4},"end":{"line":85,"column":4}}]},"5":{"line":87,"type":"if","locations":[{"start":{"line":87,"column":1},"end":{"line":87,"column":1}},{"start":{"line":87,"column":1},"end":{"line":87,"column":1}}]},"6":{"line":134,"type":"if","locations":[{"start":{"line":134,"column":4},"end":{"line":134,"column":4}},{"start":{"line":134,"column":4},"end":{"line":134,"column":4}}]},"7":{"line":134,"type":"binary-expr","locations":[{"start":{"line":134,"column":8},"end":{"line":134,"column":21}},{"start":{"line":134,"column":25},"end":{"line":134,"column":58}}]},"8":{"line":140,"type":"if","locations":[{"start":{"line":140,"column":4},"end":{"line":140,"column":4}},{"start":{"line":140,"column":4},"end":{"line":140,"column":4}}]},"9":{"line":140,"type":"binary-expr","locations":[{"start":{"line":140,"column":8},"end":{"line":140,"column":22}},{"start":{"line":140,"column":26},"end":{"line":140,"column":41}}]},"10":{"line":156,"type":"if","locations":[{"start":{"line":156,"column":4},"end":{"line":156,"column":4}},{"start":{"line":156,"column":4},"end":{"line":156,"column":4}}]},"11":{"line":168,"type":"if","locations":[{"start":{"line":168,"column":1},"end":{"line":168,"column":1}},{"start":{"line":168,"column":1},"end":{"line":168,"column":1}}]},"12":{"line":169,"type":"if","locations":[{"start":{"line":169,"column":5},"end":{"line":169,"column":5}},{"start":{"line":169,"column":5},"end":{"line":169,"column":5}}]}}},"C:\\Users\\Kevin.Jia\\Documents\\CS169\\Cooking Buddy\\IngredientRecord.js":{"path":"C:\\Users\\Kevin.Jia\\Documents\\CS169\\Cooking Buddy\\IngredientRecord.js","s":{"1":1,"2":1,"3":1,"4":1,"5":23,"6":23,"7":23,"8":23,"9":23,"10":23,"11":23,"12":23,"13":1,"14":1,"15":1},"b":{},"f":{"1":23},"fnMap":{"1":{"name":"IngredientRecord","line":4,"loc":{"start":{"line":4,"column":0},"end":{"line":4,"column":86}}}},"statementMap":{"1":{"start":{"line":1,"column":0},"end":{"line":1,"column":48}},"2":{"start":{"line":2,"column":0},"end":{"line":2,"column":42}},"3":{"start":{"line":3,"column":0},"end":{"line":3,"column":27}},"4":{"start":{"line":4,"column":0},"end":{"line":13,"column":1}},"5":{"start":{"line":5,"column":4},"end":{"line":5,"column":28}},"6":{"start":{"line":6,"column":4},"end":{"line":6,"column":39}},"7":{"start":{"line":7,"column":4},"end":{"line":7,"column":53}},"8":{"start":{"line":8,"column":4},"end":{"line":8,"column":53}},"9":{"start":{"line":9,"column":4},"end":{"line":9,"column":39}},"10":{"start":{"line":10,"column":4},"end":{"line":10,"column":31}},"11":{"start":{"line":11,"column":4},"end":{"line":11,"column":54}},"12":{"start":{"line":12,"column":4},"end":{"line":12,"column":49}},"13":{"start":{"line":14,"column":0},"end":{"line":14,"column":67}},"14":{"start":{"line":15,"column":0},"end":{"line":15,"column":54}},"15":{"start":{"line":18,"column":0},"end":{"line":18,"column":34}}},"branchMap":{}},"C:\\Users\\Kevin.Jia\\Documents\\CS169\\Cooking Buddy\\UserRecord.js":{"path":"C:\\Users\\Kevin.Jia\\Documents\\CS169\\Cooking Buddy\\UserRecord.js","s":{"1":1,"2":1,"3":1,"4":24,"5":24,"6":24,"7":24,"8":24,"9":24,"10":1,"11":1,"12":1},"b":{},"f":{"1":24},"fnMap":{"1":{"name":"UserRecord","line":4,"loc":{"start":{"line":4,"column":0},"end":{"line":4,"column":53}}}},"statementMap":{"1":{"start":{"line":1,"column":0},"end":{"line":1,"column":48}},"2":{"start":{"line":2,"column":0},"end":{"line":2,"column":42}},"3":{"start":{"line":4,"column":0},"end":{"line":11,"column":1}},"4":{"start":{"line":5,"column":4},"end":{"line":5,"column":28}},"5":{"start":{"line":6,"column":4},"end":{"line":6,"column":39}},"6":{"start":{"line":7,"column":4},"end":{"line":7,"column":53}},"7":{"start":{"line":8,"column":4},"end":{"line":8,"column":31}},"8":{"start":{"line":9,"column":4},"end":{"line":9,"column":48}},"9":{"start":{"line":10,"column":4},"end":{"line":10,"column":43}},"10":{"start":{"line":12,"column":0},"end":{"line":12,"column":61}},"11":{"start":{"line":13,"column":0},"end":{"line":13,"column":48}},"12":{"start":{"line":15,"column":0},"end":{"line":15,"column":28}}},"branchMap":{}},"C:\\Users\\Kevin.Jia\\Documents\\CS169\\Cooking Buddy\\UserModel.js":{"path":"C:\\Users\\Kevin.Jia\\Documents\\CS169\\Cooking Buddy\\UserModel.js","s":{"1":1,"2":1,"3":1,"4":1,"5":1,"6":0,"7":0,"8":0,"9":0,"10":0,"11":0,"12":0,"13":0,"14":0,"15":0,"16":0,"17":0,"18":0,"19":0,"20":0,"21":0,"22":0,"23":0,"24":0,"25":0,"26":0,"27":0,"28":0,"29":0,"30":0,"31":0,"32":0,"33":0,"34":0,"35":0,"36":0,"37":0,"38":0,"39":0,"40":0,"41":0,"42":0,"43":0,"44":0,"45":0,"46":0,"47":0,"48":0,"49":0,"50":0,"51":0,"52":0,"53":0,"54":0,"55":0,"56":0,"57":0,"58":0,"59":0,"60":0,"61":0,"62":0,"63":0,"64":0,"65":0,"66":0,"67":0,"68":0,"69":0,"70":0,"71":0,"72":0,"73":0,"74":0,"75":0,"76":0,"77":0,"78":0,"79":0,"80":0,"81":0,"82":0,"83":0,"84":0,"85":0,"86":0,"87":0,"88":0,"89":0,"90":0,"91":0,"92":0,"93":0,"94":0,"95":0,"96":0,"97":0,"98":0,"99":0,"100":0,"101":0,"102":0,"103":0,"104":0,"105":0,"106":0,"107":0,"108":0,"109":0,"110":0,"111":0,"112":1},"b":{"1":[0,0],"2":[0,0],"3":[0,0],"4":[0,0],"5":[0,0],"6":[0,0],"7":[0,0],"8":[0,0],"9":[0,0,0],"10":[0,0],"11":[0,0],"12":[0,0],"13":[0,0],"14":[0,0,0,0],"15":[0,0],"16":[0,0],"17":[0,0],"18":[0,0]},"f":{"1":0,"2":0,"3":0,"4":0,"5":0,"6":0,"7":0,"8":0,"9":0,"10":0,"11":0,"12":0,"13":0,"14":0},"fnMap":{"1":{"name":"UserModel","line":6,"loc":{"start":{"line":6,"column":0},"end":{"line":6,"column":57}}},"2":{"name":"(anonymous_2)","line":15,"loc":{"start":{"line":15,"column":20},"end":{"line":15,"column":39}}},"3":{"name":"(anonymous_3)","line":19,"loc":{"start":{"line":19,"column":19},"end":{"line":19,"column":41}}},"4":{"name":"(anonymous_4)","line":37,"loc":{"start":{"line":37,"column":18},"end":{"line":37,"column":37}}},"5":{"name":"(anonymous_5)","line":57,"loc":{"start":{"line":57,"column":23},"end":{"line":57,"column":37}}},"6":{"name":"(anonymous_6)","line":70,"loc":{"start":{"line":70,"column":17},"end":{"line":70,"column":36}}},"7":{"name":"(anonymous_7)","line":78,"loc":{"start":{"line":78,"column":19},"end":{"line":78,"column":41}}},"8":{"name":"(anonymous_8)","line":108,"loc":{"start":{"line":108,"column":26},"end":{"line":108,"column":45}}},"9":{"name":"(anonymous_9)","line":116,"loc":{"start":{"line":116,"column":19},"end":{"line":116,"column":41}}},"10":{"name":"(anonymous_10)","line":142,"loc":{"start":{"line":142,"column":26},"end":{"line":142,"column":40}}},"11":{"name":"(anonymous_11)","line":169,"loc":{"start":{"line":169,"column":21},"end":{"line":169,"column":38}}},"12":{"name":"(anonymous_12)","line":173,"loc":{"start":{"line":173,"column":21},"end":{"line":173,"column":32}}},"13":{"name":"(anonymous_13)","line":177,"loc":{"start":{"line":177,"column":28},"end":{"line":177,"column":44}}},"14":{"name":"(anonymous_14)","line":181,"loc":{"start":{"line":181,"column":19},"end":{"line":181,"column":36}}}},"statementMap":{"1":{"start":{"line":1,"column":0},"end":{"line":1,"column":23}},"2":{"start":{"line":2,"column":0},"end":{"line":2,"column":42}},"3":{"start":{"line":3,"column":0},"end":{"line":4,"column":0}},"4":{"start":{"line":4,"column":0},"end":{"line":4,"column":31}},"5":{"start":{"line":6,"column":0},"end":{"line":183,"column":1}},"6":{"start":{"line":7,"column":4},"end":{"line":7,"column":29}},"7":{"start":{"line":8,"column":4},"end":{"line":8,"column":29}},"8":{"start":{"line":9,"column":4},"end":{"line":9,"column":21}},"9":{"start":{"line":10,"column":4},"end":{"line":10,"column":35}},"10":{"start":{"line":11,"column":4},"end":{"line":11,"column":27}},"11":{"start":{"line":12,"column":4},"end":{"line":12,"column":23}},"12":{"start":{"line":13,"column":4},"end":{"line":13,"column":20}},"13":{"start":{"line":15,"column":4},"end":{"line":37,"column":4}},"14":{"start":{"line":16,"column":1},"end":{"line":16,"column":17}},"15":{"start":{"line":17,"column":1},"end":{"line":17,"column":48}},"16":{"start":{"line":18,"column":1},"end":{"line":18,"column":48}},"17":{"start":{"line":19,"column":1},"end":{"line":32,"column":4}},"18":{"start":{"line":20,"column":5},"end":{"line":20,"column":22}},"19":{"start":{"line":21,"column":5},"end":{"line":24,"column":6}},"20":{"start":{"line":22,"column":2},"end":{"line":22,"column":28}},"21":{"start":{"line":23,"column":2},"end":{"line":23,"column":9}},"22":{"start":{"line":25,"column":5},"end":{"line":25,"column":50}},"23":{"start":{"line":26,"column":5},"end":{"line":31,"column":6}},"24":{"start":{"line":27,"column":2},"end":{"line":27,"column":35}},"25":{"start":{"line":30,"column":2},"end":{"line":30,"column":30}},"26":{"start":{"line":37,"column":4},"end":{"line":70,"column":4}},"27":{"start":{"line":38,"column":1},"end":{"line":38,"column":17}},"28":{"start":{"line":39,"column":1},"end":{"line":42,"column":9}},"29":{"start":{"line":40,"column":12},"end":{"line":40,"column":41}},"30":{"start":{"line":41,"column":12},"end":{"line":41,"column":19}},"31":{"start":{"line":43,"column":1},"end":{"line":46,"column":2}},"32":{"start":{"line":44,"column":5},"end":{"line":44,"column":38}},"33":{"start":{"line":45,"column":5},"end":{"line":45,"column":12}},"34":{"start":{"line":47,"column":1},"end":{"line":67,"column":2}},"35":{"start":{"line":48,"column":5},"end":{"line":48,"column":55}},"36":{"start":{"line":49,"column":5},"end":{"line":51,"column":6}},"37":{"start":{"line":50,"column":2},"end":{"line":50,"column":19}},"38":{"start":{"line":52,"column":5},"end":{"line":52,"column":52}},"39":{"start":{"line":53,"column":5},"end":{"line":53,"column":47}},"40":{"start":{"line":54,"column":5},"end":{"line":54,"column":65}},"41":{"start":{"line":55,"column":5},"end":{"line":55,"column":75}},"42":{"start":{"line":56,"column":5},"end":{"line":56,"column":52}},"43":{"start":{"line":57,"column":5},"end":{"line":64,"column":8}},"44":{"start":{"line":58,"column":2},"end":{"line":63,"column":3}},"45":{"start":{"line":59,"column":6},"end":{"line":59,"column":42}},"46":{"start":{"line":62,"column":6},"end":{"line":62,"column":34}},"47":{"start":{"line":66,"column":5},"end":{"line":66,"column":31}},"48":{"start":{"line":70,"column":4},"end":{"line":108,"column":4}},"49":{"start":{"line":71,"column":1},"end":{"line":71,"column":17}},"50":{"start":{"line":72,"column":1},"end":{"line":75,"column":9}},"51":{"start":{"line":73,"column":12},"end":{"line":73,"column":47}},"52":{"start":{"line":74,"column":12},"end":{"line":74,"column":19}},"53":{"start":{"line":76,"column":1},"end":{"line":76,"column":48}},"54":{"start":{"line":77,"column":1},"end":{"line":77,"column":48}},"55":{"start":{"line":78,"column":1},"end":{"line":105,"column":4}},"56":{"start":{"line":79,"column":5},"end":{"line":82,"column":6}},"57":{"start":{"line":80,"column":2},"end":{"line":80,"column":28}},"58":{"start":{"line":81,"column":2},"end":{"line":81,"column":9}},"59":{"start":{"line":83,"column":5},"end":{"line":83,"column":48}},"60":{"start":{"line":84,"column":5},"end":{"line":104,"column":6}},"61":{"start":{"line":85,"column":2},"end":{"line":85,"column":37}},"62":{"start":{"line":88,"column":2},"end":{"line":103,"column":3}},"63":{"start":{"line":89,"column":6},"end":{"line":89,"column":53}},"64":{"start":{"line":90,"column":6},"end":{"line":90,"column":61}},"65":{"start":{"line":91,"column":6},"end":{"line":91,"column":66}},"66":{"start":{"line":93,"column":6},"end":{"line":98,"column":7}},"67":{"start":{"line":94,"column":3},"end":{"line":94,"column":31}},"68":{"start":{"line":97,"column":3},"end":{"line":97,"column":38}},"69":{"start":{"line":101,"column":6},"end":{"line":101,"column":23}},"70":{"start":{"line":102,"column":6},"end":{"line":102,"column":32}},"71":{"start":{"line":108,"column":4},"end":{"line":169,"column":4}},"72":{"start":{"line":109,"column":1},"end":{"line":109,"column":17}},"73":{"start":{"line":110,"column":1},"end":{"line":113,"column":9}},"74":{"start":{"line":111,"column":12},"end":{"line":111,"column":47}},"75":{"start":{"line":112,"column":12},"end":{"line":112,"column":19}},"76":{"start":{"line":114,"column":1},"end":{"line":114,"column":48}},"77":{"start":{"line":115,"column":1},"end":{"line":115,"column":48}},"78":{"start":{"line":116,"column":1},"end":{"line":166,"column":4}},"79":{"start":{"line":117,"column":5},"end":{"line":120,"column":6}},"80":{"start":{"line":118,"column":2},"end":{"line":118,"column":28}},"81":{"start":{"line":119,"column":2},"end":{"line":119,"column":9}},"82":{"start":{"line":121,"column":5},"end":{"line":121,"column":48}},"83":{"start":{"line":122,"column":5},"end":{"line":165,"column":6}},"84":{"start":{"line":123,"column":2},"end":{"line":123,"column":37}},"85":{"start":{"line":126,"column":2},"end":{"line":164,"column":3}},"86":{"start":{"line":127,"column":6},"end":{"line":127,"column":53}},"87":{"start":{"line":128,"column":6},"end":{"line":128,"column":61}},"88":{"start":{"line":129,"column":6},"end":{"line":129,"column":66}},"89":{"start":{"line":131,"column":6},"end":{"line":159,"column":7}},"90":{"start":{"line":133,"column":4},"end":{"line":155,"column":5}},"91":{"start":{"line":135,"column":8},"end":{"line":135,"column":56}},"92":{"start":{"line":136,"column":8},"end":{"line":136,"column":67}},"93":{"start":{"line":137,"column":8},"end":{"line":137,"column":73}},"94":{"start":{"line":139,"column":8},"end":{"line":139,"column":91}},"95":{"start":{"line":140,"column":8},"end":{"line":140,"column":55}},"96":{"start":{"line":142,"column":8},"end":{"line":151,"column":4}},"97":{"start":{"line":143,"column":9},"end":{"line":148,"column":10}},"98":{"start":{"line":144,"column":10},"end":{"line":144,"column":36}},"99":{"start":{"line":146,"column":10},"end":{"line":146,"column":38}},"100":{"start":{"line":153,"column":8},"end":{"line":153,"column":25}},"101":{"start":{"line":154,"column":8},"end":{"line":154,"column":34}},"102":{"start":{"line":158,"column":3},"end":{"line":158,"column":38}},"103":{"start":{"line":162,"column":6},"end":{"line":162,"column":23}},"104":{"start":{"line":163,"column":6},"end":{"line":163,"column":32}},"105":{"start":{"line":169,"column":4},"end":{"line":173,"column":4}},"106":{"start":{"line":170,"column":8},"end":{"line":170,"column":29}},"107":{"start":{"line":173,"column":4},"end":{"line":177,"column":4}},"108":{"start":{"line":174,"column":8},"end":{"line":174,"column":27}},"109":{"start":{"line":177,"column":4},"end":{"line":181,"column":4}},"110":{"start":{"line":178,"column":8},"end":{"line":178,"column":32}},"111":{"start":{"line":181,"column":4},"end":{"line":183,"column":0}},"112":{"start":{"line":188,"column":0},"end":{"line":188,"column":27}}},"branchMap":{"1":{"line":21,"type":"if","locations":[{"start":{"line":21,"column":5},"end":{"line":21,"column":5}},{"start":{"line":21,"column":5},"end":{"line":21,"column":5}}]},"2":{"line":26,"type":"if","locations":[{"start":{"line":26,"column":5},"end":{"line":26,"column":5}},{"start":{"line":26,"column":5},"end":{"line":26,"column":5}}]},"3":{"line":39,"type":"if","locations":[{"start":{"line":39,"column":1},"end":{"line":39,"column":1}},{"start":{"line":39,"column":1},"end":{"line":39,"column":1}}]},"4":{"line":39,"type":"binary-expr","locations":[{"start":{"line":39,"column":4},"end":{"line":39,"column":30}},{"start":{"line":39,"column":34},"end":{"line":39,"column":59}}]},"5":{"line":43,"type":"if","locations":[{"start":{"line":43,"column":1},"end":{"line":43,"column":1}},{"start":{"line":43,"column":1},"end":{"line":43,"column":1}}]},"6":{"line":49,"type":"if","locations":[{"start":{"line":49,"column":5},"end":{"line":49,"column":5}},{"start":{"line":49,"column":5},"end":{"line":49,"column":5}}]},"7":{"line":58,"type":"if","locations":[{"start":{"line":58,"column":2},"end":{"line":58,"column":2}},{"start":{"line":58,"column":2},"end":{"line":58,"column":2}}]},"8":{"line":72,"type":"if","locations":[{"start":{"line":72,"column":1},"end":{"line":72,"column":1}},{"start":{"line":72,"column":1},"end":{"line":72,"column":1}}]},"9":{"line":72,"type":"binary-expr","locations":[{"start":{"line":72,"column":4},"end":{"line":72,"column":29}},{"start":{"line":72,"column":33},"end":{"line":72,"column":59}},{"start":{"line":72,"column":63},"end":{"line":72,"column":89}}]},"10":{"line":79,"type":"if","locations":[{"start":{"line":79,"column":5},"end":{"line":79,"column":5}},{"start":{"line":79,"column":5},"end":{"line":79,"column":5}}]},"11":{"line":84,"type":"if","locations":[{"start":{"line":84,"column":5},"end":{"line":84,"column":5}},{"start":{"line":84,"column":5},"end":{"line":84,"column":5}}]},"12":{"line":93,"type":"if","locations":[{"start":{"line":93,"column":6},"end":{"line":93,"column":6}},{"start":{"line":93,"column":6},"end":{"line":93,"column":6}}]},"13":{"line":110,"type":"if","locations":[{"start":{"line":110,"column":1},"end":{"line":110,"column":1}},{"start":{"line":110,"column":1},"end":{"line":110,"column":1}}]},"14":{"line":110,"type":"binary-expr","locations":[{"start":{"line":110,"column":4},"end":{"line":110,"column":29}},{"start":{"line":110,"column":33},"end":{"line":110,"column":59}},{"start":{"line":110,"column":63},"end":{"line":110,"column":89}},{"start":{"line":110,"column":93},"end":{"line":110,"column":122}}]},"15":{"line":117,"type":"if","locations":[{"start":{"line":117,"column":5},"end":{"line":117,"column":5}},{"start":{"line":117,"column":5},"end":{"line":117,"column":5}}]},"16":{"line":122,"type":"if","locations":[{"start":{"line":122,"column":5},"end":{"line":122,"column":5}},{"start":{"line":122,"column":5},"end":{"line":122,"column":5}}]},"17":{"line":131,"type":"if","locations":[{"start":{"line":131,"column":6},"end":{"line":131,"column":6}},{"start":{"line":131,"column":6},"end":{"line":131,"column":6}}]},"18":{"line":143,"type":"if","locations":[{"start":{"line":143,"column":9},"end":{"line":143,"column":9}},{"start":{"line":143,"column":9},"end":{"line":143,"column":9}}]}}},"C:\\Users\\Kevin.Jia\\Documents\\CS169\\Cooking Buddy\\HistoryModel.js":{"path":"C:\\Users\\Kevin.Jia\\Documents\\CS169\\Cooking Buddy\\HistoryModel.js","s":{"1":1,"2":1,"3":1,"4":1,"5":1,"6":1,"7":0,"8":0,"9":0,"10":0,"11":0,"12":0,"13":0,"14":0,"15":0,"16":0,"17":0,"18":0,"19":0,"20":0,"21":0,"22":0,"23":0,"24":0,"25":0,"26":0,"27":0,"28":0,"29":0,"30":0,"31":0,"32":0,"33":0,"34":0,"35":0,"36":0,"37":0,"38":0,"39":0,"40":0,"41":0,"42":0,"43":0,"44":0,"45":0,"46":0,"47":0,"48":0,"49":0,"50":0,"51":0,"52":0,"53":0,"54":0,"55":0,"56":0,"57":0,"58":0,"59":0,"60":0,"61":0,"62":0,"63":0,"64":0,"65":0,"66":0,"67":0,"68":0,"69":0,"70":0,"71":0,"72":0,"73":0,"74":0,"75":0,"76":0,"77":0,"78":0,"79":0,"80":0,"81":0,"82":0,"83":0,"84":0,"85":0,"86":0,"87":0,"88":0,"89":0,"90":0,"91":0,"92":0,"93":0,"94":0,"95":0,"96":0,"97":0,"98":0,"99":1},"b":{"1":[0,0],"2":[0,0],"3":[0,0],"4":[0,0],"5":[0,0],"6":[0,0],"7":[0,0],"8":[0,0],"9":[0,0],"10":[0,0],"11":[0,0],"12":[0,0]},"f":{"1":0,"2":0,"3":0,"4":0,"5":0,"6":0,"7":0,"8":0,"9":0,"10":0,"11":0,"12":0,"13":0,"14":0,"15":0,"16":0,"17":0,"18":0,"19":0,"20":0,"21":0,"22":0,"23":0},"fnMap":{"1":{"name":"HistoryModel","line":10,"loc":{"start":{"line":10,"column":0},"end":{"line":10,"column":65}}},"2":{"name":"(anonymous_2)","line":25,"loc":{"start":{"line":25,"column":16},"end":{"line":25,"column":35}}},"3":{"name":"(anonymous_3)","line":28,"loc":{"start":{"line":28,"column":24},"end":{"line":28,"column":38}}},"4":{"name":"(anonymous_4)","line":36,"loc":{"start":{"line":36,"column":32},"end":{"line":36,"column":54}}},"5":{"name":"(anonymous_5)","line":45,"loc":{"start":{"line":45,"column":44},"end":{"line":45,"column":66}}},"6":{"name":"(anonymous_6)","line":62,"loc":{"start":{"line":62,"column":33},"end":{"line":62,"column":51}}},"7":{"name":"(anonymous_7)","line":64,"loc":{"start":{"line":64,"column":24},"end":{"line":64,"column":38}}},"8":{"name":"(anonymous_8)","line":71,"loc":{"start":{"line":71,"column":32},"end":{"line":71,"column":54}}},"9":{"name":"(anonymous_9)","line":82,"loc":{"start":{"line":82,"column":25},"end":{"line":82,"column":44}}},"10":{"name":"(anonymous_10)","line":84,"loc":{"start":{"line":84,"column":24},"end":{"line":84,"column":38}}},"11":{"name":"(anonymous_11)","line":91,"loc":{"start":{"line":91,"column":32},"end":{"line":91,"column":54}}},"12":{"name":"(anonymous_12)","line":102,"loc":{"start":{"line":102,"column":35},"end":{"line":102,"column":54}}},"13":{"name":"(anonymous_13)","line":104,"loc":{"start":{"line":104,"column":24},"end":{"line":104,"column":38}}},"14":{"name":"(anonymous_14)","line":111,"loc":{"start":{"line":111,"column":32},"end":{"line":111,"column":54}}},"15":{"name":"(anonymous_15)","line":122,"loc":{"start":{"line":122,"column":20},"end":{"line":122,"column":39}}},"16":{"name":"(anonymous_16)","line":125,"loc":{"start":{"line":125,"column":28},"end":{"line":125,"column":44}}},"17":{"name":"(anonymous_17)","line":129,"loc":{"start":{"line":129,"column":19},"end":{"line":129,"column":36}}},"18":{"name":"(anonymous_18)","line":132,"loc":{"start":{"line":132,"column":21},"end":{"line":132,"column":38}}},"19":{"name":"(anonymous_19)","line":136,"loc":{"start":{"line":136,"column":21},"end":{"line":136,"column":32}}},"20":{"name":"(anonymous_20)","line":140,"loc":{"start":{"line":140,"column":15},"end":{"line":140,"column":25}}},"21":{"name":"(anonymous_21)","line":144,"loc":{"start":{"line":144,"column":19},"end":{"line":144,"column":59}}},"22":{"name":"(anonymous_22)","line":151,"loc":{"start":{"line":151,"column":22},"end":{"line":151,"column":41}}},"23":{"name":"(anonymous_23)","line":155,"loc":{"start":{"line":155,"column":26},"end":{"line":155,"column":48}}}},"statementMap":{"1":{"start":{"line":1,"column":0},"end":{"line":1,"column":23}},"2":{"start":{"line":2,"column":0},"end":{"line":2,"column":42}},"3":{"start":{"line":3,"column":0},"end":{"line":3,"column":48}},"4":{"start":{"line":4,"column":0},"end":{"line":4,"column":48}},"5":{"start":{"line":5,"column":0},"end":{"line":5,"column":44}},"6":{"start":{"line":10,"column":0},"end":{"line":173,"column":1}},"7":{"start":{"line":11,"column":4},"end":{"line":11,"column":29}},"8":{"start":{"line":12,"column":4},"end":{"line":12,"column":35}},"9":{"start":{"line":13,"column":4},"end":{"line":13,"column":35}},"10":{"start":{"line":14,"column":4},"end":{"line":14,"column":27}},"11":{"start":{"line":15,"column":4},"end":{"line":15,"column":23}},"12":{"start":{"line":16,"column":4},"end":{"line":16,"column":26}},"13":{"start":{"line":17,"column":4},"end":{"line":17,"column":23}},"14":{"start":{"line":18,"column":4},"end":{"line":18,"column":22}},"15":{"start":{"line":20,"column":4},"end":{"line":20,"column":112}},"16":{"start":{"line":25,"column":4},"end":{"line":62,"column":4}},"17":{"start":{"line":27,"column":8},"end":{"line":27,"column":24}},"18":{"start":{"line":28,"column":8},"end":{"line":59,"column":11}},"19":{"start":{"line":29,"column":12},"end":{"line":32,"column":13}},"20":{"start":{"line":30,"column":16},"end":{"line":30,"column":30}},"21":{"start":{"line":31,"column":16},"end":{"line":31,"column":23}},"22":{"start":{"line":33,"column":12},"end":{"line":33,"column":99}},"23":{"start":{"line":34,"column":12},"end":{"line":34,"column":61}},"24":{"start":{"line":36,"column":12},"end":{"line":58,"column":15}},"25":{"start":{"line":37,"column":16},"end":{"line":57,"column":17}},"26":{"start":{"line":38,"column":20},"end":{"line":38,"column":46}},"27":{"start":{"line":39,"column":20},"end":{"line":39,"column":27}},"28":{"start":{"line":42,"column":20},"end":{"line":42,"column":65}},"29":{"start":{"line":44,"column":20},"end":{"line":56,"column":21}},"30":{"start":{"line":45,"column":24},"end":{"line":52,"column":27}},"31":{"start":{"line":46,"column":28},"end":{"line":51,"column":29}},"32":{"start":{"line":47,"column":32},"end":{"line":47,"column":58}},"33":{"start":{"line":50,"column":32},"end":{"line":50,"column":60}},"34":{"start":{"line":55,"column":24},"end":{"line":55,"column":71}},"35":{"start":{"line":62,"column":4},"end":{"line":82,"column":4}},"36":{"start":{"line":63,"column":8},"end":{"line":63,"column":24}},"37":{"start":{"line":64,"column":8},"end":{"line":79,"column":11}},"38":{"start":{"line":65,"column":12},"end":{"line":68,"column":13}},"39":{"start":{"line":66,"column":16},"end":{"line":66,"column":30}},"40":{"start":{"line":67,"column":16},"end":{"line":67,"column":23}},"41":{"start":{"line":69,"column":12},"end":{"line":69,"column":63}},"42":{"start":{"line":70,"column":12},"end":{"line":70,"column":61}},"43":{"start":{"line":71,"column":12},"end":{"line":78,"column":15}},"44":{"start":{"line":72,"column":16},"end":{"line":77,"column":17}},"45":{"start":{"line":73,"column":20},"end":{"line":73,"column":46}},"46":{"start":{"line":76,"column":20},"end":{"line":76,"column":82}},"47":{"start":{"line":82,"column":4},"end":{"line":102,"column":4}},"48":{"start":{"line":83,"column":8},"end":{"line":83,"column":24}},"49":{"start":{"line":84,"column":8},"end":{"line":99,"column":11}},"50":{"start":{"line":85,"column":12},"end":{"line":88,"column":13}},"51":{"start":{"line":86,"column":16},"end":{"line":86,"column":30}},"52":{"start":{"line":87,"column":16},"end":{"line":87,"column":23}},"53":{"start":{"line":89,"column":12},"end":{"line":89,"column":99}},"54":{"start":{"line":90,"column":12},"end":{"line":90,"column":61}},"55":{"start":{"line":91,"column":12},"end":{"line":98,"column":15}},"56":{"start":{"line":92,"column":16},"end":{"line":97,"column":17}},"57":{"start":{"line":93,"column":20},"end":{"line":93,"column":46}},"58":{"start":{"line":96,"column":20},"end":{"line":96,"column":48}},"59":{"start":{"line":102,"column":4},"end":{"line":122,"column":4}},"60":{"start":{"line":103,"column":8},"end":{"line":103,"column":24}},"61":{"start":{"line":104,"column":8},"end":{"line":119,"column":11}},"62":{"start":{"line":105,"column":12},"end":{"line":108,"column":13}},"63":{"start":{"line":106,"column":16},"end":{"line":106,"column":30}},"64":{"start":{"line":107,"column":16},"end":{"line":107,"column":23}},"65":{"start":{"line":109,"column":12},"end":{"line":109,"column":63}},"66":{"start":{"line":110,"column":12},"end":{"line":110,"column":61}},"67":{"start":{"line":111,"column":12},"end":{"line":118,"column":15}},"68":{"start":{"line":112,"column":16},"end":{"line":117,"column":17}},"69":{"start":{"line":113,"column":20},"end":{"line":113,"column":46}},"70":{"start":{"line":116,"column":20},"end":{"line":116,"column":48}},"71":{"start":{"line":122,"column":4},"end":{"line":125,"column":4}},"72":{"start":{"line":125,"column":4},"end":{"line":129,"column":4}},"73":{"start":{"line":126,"column":8},"end":{"line":126,"column":32}},"74":{"start":{"line":129,"column":4},"end":{"line":132,"column":4}},"75":{"start":{"line":132,"column":4},"end":{"line":136,"column":4}},"76":{"start":{"line":133,"column":8},"end":{"line":133,"column":29}},"77":{"start":{"line":136,"column":4},"end":{"line":140,"column":4}},"78":{"start":{"line":137,"column":8},"end":{"line":137,"column":27}},"79":{"start":{"line":140,"column":4},"end":{"line":144,"column":4}},"80":{"start":{"line":141,"column":8},"end":{"line":141,"column":30}},"81":{"start":{"line":144,"column":4},"end":{"line":151,"column":4}},"82":{"start":{"line":145,"column":8},"end":{"line":145,"column":35}},"83":{"start":{"line":146,"column":8},"end":{"line":146,"column":29}},"84":{"start":{"line":147,"column":8},"end":{"line":147,"column":27}},"85":{"start":{"line":151,"column":4},"end":{"line":173,"column":0}},"86":{"start":{"line":152,"column":8},"end":{"line":152,"column":24}},"87":{"start":{"line":153,"column":8},"end":{"line":153,"column":55}},"88":{"start":{"line":154,"column":8},"end":{"line":154,"column":55}},"89":{"start":{"line":155,"column":8},"end":{"line":171,"column":11}},"90":{"start":{"line":157,"column":12},"end":{"line":160,"column":13}},"91":{"start":{"line":158,"column":16},"end":{"line":158,"column":42}},"92":{"start":{"line":159,"column":16},"end":{"line":159,"column":23}},"93":{"start":{"line":162,"column":12},"end":{"line":162,"column":60}},"94":{"start":{"line":163,"column":12},"end":{"line":170,"column":13}},"95":{"start":{"line":164,"column":16},"end":{"line":164,"column":49}},"96":{"start":{"line":165,"column":16},"end":{"line":165,"column":23}},"97":{"start":{"line":168,"column":16},"end":{"line":168,"column":44}},"98":{"start":{"line":169,"column":16},"end":{"line":169,"column":23}},"99":{"start":{"line":174,"column":0},"end":{"line":174,"column":30}}},"branchMap":{"1":{"line":29,"type":"if","locations":[{"start":{"line":29,"column":12},"end":{"line":29,"column":12}},{"start":{"line":29,"column":12},"end":{"line":29,"column":12}}]},"2":{"line":37,"type":"if","locations":[{"start":{"line":37,"column":16},"end":{"line":37,"column":16}},{"start":{"line":37,"column":16},"end":{"line":37,"column":16}}]},"3":{"line":44,"type":"if","locations":[{"start":{"line":44,"column":20},"end":{"line":44,"column":20}},{"start":{"line":44,"column":20},"end":{"line":44,"column":20}}]},"4":{"line":46,"type":"if","locations":[{"start":{"line":46,"column":28},"end":{"line":46,"column":28}},{"start":{"line":46,"column":28},"end":{"line":46,"column":28}}]},"5":{"line":65,"type":"if","locations":[{"start":{"line":65,"column":12},"end":{"line":65,"column":12}},{"start":{"line":65,"column":12},"end":{"line":65,"column":12}}]},"6":{"line":72,"type":"if","locations":[{"start":{"line":72,"column":16},"end":{"line":72,"column":16}},{"start":{"line":72,"column":16},"end":{"line":72,"column":16}}]},"7":{"line":85,"type":"if","locations":[{"start":{"line":85,"column":12},"end":{"line":85,"column":12}},{"start":{"line":85,"column":12},"end":{"line":85,"column":12}}]},"8":{"line":92,"type":"if","locations":[{"start":{"line":92,"column":16},"end":{"line":92,"column":16}},{"start":{"line":92,"column":16},"end":{"line":92,"column":16}}]},"9":{"line":105,"type":"if","locations":[{"start":{"line":105,"column":12},"end":{"line":105,"column":12}},{"start":{"line":105,"column":12},"end":{"line":105,"column":12}}]},"10":{"line":112,"type":"if","locations":[{"start":{"line":112,"column":16},"end":{"line":112,"column":16}},{"start":{"line":112,"column":16},"end":{"line":112,"column":16}}]},"11":{"line":157,"type":"if","locations":[{"start":{"line":157,"column":12},"end":{"line":157,"column":12}},{"start":{"line":157,"column":12},"end":{"line":157,"column":12}}]},"12":{"line":163,"type":"if","locations":[{"start":{"line":163,"column":12},"end":{"line":163,"column":12}},{"start":{"line":163,"column":12},"end":{"line":163,"column":12}}]}}},"C:\\Users\\Kevin.Jia\\Documents\\CS169\\Cooking Buddy\\RecipeRecord.js":{"path":"C:\\Users\\Kevin.Jia\\Documents\\CS169\\Cooking Buddy\\RecipeRecord.js","s":{"1":1,"2":1,"3":1,"4":0,"5":0,"6":0,"7":0,"8":0,"9":0,"10":1,"11":1,"12":1},"b":{},"f":{"1":0},"fnMap":{"1":{"name":"RecipeRecord","line":4,"loc":{"start":{"line":4,"column":0},"end":{"line":4,"column":58}}}},"statementMap":{"1":{"start":{"line":1,"column":0},"end":{"line":1,"column":48}},"2":{"start":{"line":2,"column":0},"end":{"line":2,"column":42}},"3":{"start":{"line":4,"column":0},"end":{"line":11,"column":1}},"4":{"start":{"line":5,"column":4},"end":{"line":5,"column":28}},"5":{"start":{"line":6,"column":4},"end":{"line":6,"column":39}},"6":{"start":{"line":7,"column":4},"end":{"line":7,"column":45}},"7":{"start":{"line":8,"column":4},"end":{"line":8,"column":45}},"8":{"start":{"line":9,"column":4},"end":{"line":9,"column":50}},"9":{"start":{"line":10,"column":4},"end":{"line":10,"column":45}},"10":{"start":{"line":12,"column":0},"end":{"line":12,"column":63}},"11":{"start":{"line":13,"column":0},"end":{"line":13,"column":50}},"12":{"start":{"line":15,"column":0},"end":{"line":15,"column":30}}},"branchMap":{}},"C:\\Users\\Kevin.Jia\\Documents\\CS169\\Cooking Buddy\\RatingModel.js":{"path":"C:\\Users\\Kevin.Jia\\Documents\\CS169\\Cooking Buddy\\RatingModel.js","s":{"1":1,"2":1,"3":1,"4":1,"5":1,"6":1,"7":0,"8":0,"9":0,"10":0,"11":0,"12":0,"13":0,"14":0,"15":0,"16":0,"17":0,"18":0,"19":0,"20":0,"21":0,"22":0,"23":0,"24":0,"25":0,"26":0,"27":0,"28":0,"29":0,"30":0,"31":0,"32":0,"33":0,"34":0,"35":0,"36":0,"37":0,"38":0,"39":0,"40":0,"41":0,"42":0,"43":0,"44":0,"45":0,"46":0,"47":0,"48":0,"49":0,"50":0,"51":0,"52":0,"53":0,"54":0,"55":0,"56":0,"57":0,"58":0,"59":0,"60":0,"61":0,"62":0,"63":0,"64":0,"65":0,"66":0,"67":0,"68":0,"69":0,"70":0,"71":0,"72":0,"73":0,"74":0,"75":0,"76":0,"77":0,"78":0,"79":0,"80":0,"81":0,"82":0,"83":0,"84":0,"85":0,"86":0,"87":0,"88":0,"89":0,"90":0,"91":0,"92":0,"93":0,"94":0,"95":0,"96":1},"b":{"1":[0,0],"2":[0,0],"3":[0,0],"4":[0,0],"5":[0,0],"6":[0,0],"7":[0,0],"8":[0,0],"9":[0,0],"10":[0,0],"11":[0,0],"12":[0,0],"13":[0,0],"14":[0,0]},"f":{"1":0,"2":0,"3":0,"4":0,"5":0,"6":0,"7":0,"8":0,"9":0,"10":0,"11":0,"12":0,"13":0,"14":0,"15":0,"16":0,"17":0,"18":0},"fnMap":{"1":{"name":"RatingModel","line":9,"loc":{"start":{"line":9,"column":0},"end":{"line":9,"column":51}}},"2":{"name":"(anonymous_2)","line":24,"loc":{"start":{"line":24,"column":21},"end":{"line":24,"column":40}}},"3":{"name":"(anonymous_3)","line":26,"loc":{"start":{"line":26,"column":17},"end":{"line":26,"column":31}}},"4":{"name":"(anonymous_4)","line":33,"loc":{"start":{"line":33,"column":25},"end":{"line":33,"column":47}}},"5":{"name":"(anonymous_5)","line":47,"loc":{"start":{"line":47,"column":16},"end":{"line":47,"column":35}}},"6":{"name":"(anonymous_6)","line":50,"loc":{"start":{"line":50,"column":24},"end":{"line":50,"column":38}}},"7":{"name":"(anonymous_7)","line":58,"loc":{"start":{"line":58,"column":32},"end":{"line":58,"column":54}}},"8":{"name":"(anonymous_8)","line":70,"loc":{"start":{"line":70,"column":48},"end":{"line":70,"column":70}}},"9":{"name":"(anonymous_9)","line":91,"loc":{"start":{"line":91,"column":52},"end":{"line":91,"column":74}}},"10":{"name":"(anonymous_10)","line":117,"loc":{"start":{"line":117,"column":20},"end":{"line":117,"column":39}}},"11":{"name":"(anonymous_11)","line":120,"loc":{"start":{"line":120,"column":28},"end":{"line":120,"column":44}}},"12":{"name":"(anonymous_12)","line":124,"loc":{"start":{"line":124,"column":19},"end":{"line":124,"column":36}}},"13":{"name":"(anonymous_13)","line":127,"loc":{"start":{"line":127,"column":21},"end":{"line":127,"column":38}}},"14":{"name":"(anonymous_14)","line":131,"loc":{"start":{"line":131,"column":21},"end":{"line":131,"column":32}}},"15":{"name":"(anonymous_15)","line":135,"loc":{"start":{"line":135,"column":15},"end":{"line":135,"column":25}}},"16":{"name":"(anonymous_16)","line":139,"loc":{"start":{"line":139,"column":19},"end":{"line":139,"column":59}}},"17":{"name":"(anonymous_17)","line":146,"loc":{"start":{"line":146,"column":22},"end":{"line":146,"column":41}}},"18":{"name":"(anonymous_18)","line":150,"loc":{"start":{"line":150,"column":26},"end":{"line":150,"column":48}}}},"statementMap":{"1":{"start":{"line":1,"column":0},"end":{"line":1,"column":23}},"2":{"start":{"line":2,"column":0},"end":{"line":2,"column":42}},"3":{"start":{"line":3,"column":0},"end":{"line":3,"column":48}},"4":{"start":{"line":4,"column":0},"end":{"line":4,"column":48}},"5":{"start":{"line":5,"column":0},"end":{"line":5,"column":44}},"6":{"start":{"line":9,"column":0},"end":{"line":168,"column":1}},"7":{"start":{"line":10,"column":4},"end":{"line":10,"column":29}},"8":{"start":{"line":11,"column":4},"end":{"line":11,"column":35}},"9":{"start":{"line":12,"column":4},"end":{"line":12,"column":25}},"10":{"start":{"line":14,"column":4},"end":{"line":14,"column":27}},"11":{"start":{"line":15,"column":4},"end":{"line":15,"column":23}},"12":{"start":{"line":17,"column":4},"end":{"line":17,"column":26}},"13":{"start":{"line":18,"column":4},"end":{"line":18,"column":23}},"14":{"start":{"line":19,"column":4},"end":{"line":19,"column":22}},"15":{"start":{"line":22,"column":4},"end":{"line":22,"column":85}},"16":{"start":{"line":24,"column":4},"end":{"line":47,"column":4}},"17":{"start":{"line":25,"column":1},"end":{"line":25,"column":17}},"18":{"start":{"line":26,"column":1},"end":{"line":42,"column":4}},"19":{"start":{"line":27,"column":5},"end":{"line":30,"column":6}},"20":{"start":{"line":28,"column":2},"end":{"line":28,"column":16}},"21":{"start":{"line":29,"column":2},"end":{"line":29,"column":9}},"22":{"start":{"line":31,"column":5},"end":{"line":31,"column":74}},"23":{"start":{"line":32,"column":5},"end":{"line":32,"column":54}},"24":{"start":{"line":33,"column":5},"end":{"line":41,"column":8}},"25":{"start":{"line":34,"column":2},"end":{"line":40,"column":3}},"26":{"start":{"line":35,"column":6},"end":{"line":35,"column":32}},"27":{"start":{"line":38,"column":6},"end":{"line":38,"column":51}},"28":{"start":{"line":39,"column":6},"end":{"line":39,"column":77}},"29":{"start":{"line":47,"column":4},"end":{"line":117,"column":4}},"30":{"start":{"line":49,"column":8},"end":{"line":49,"column":24}},"31":{"start":{"line":50,"column":8},"end":{"line":114,"column":11}},"32":{"start":{"line":51,"column":12},"end":{"line":54,"column":13}},"33":{"start":{"line":52,"column":16},"end":{"line":52,"column":30}},"34":{"start":{"line":53,"column":16},"end":{"line":53,"column":23}},"35":{"start":{"line":55,"column":12},"end":{"line":55,"column":81}},"36":{"start":{"line":56,"column":12},"end":{"line":56,"column":61}},"37":{"start":{"line":58,"column":12},"end":{"line":113,"column":15}},"38":{"start":{"line":59,"column":16},"end":{"line":112,"column":17}},"39":{"start":{"line":60,"column":20},"end":{"line":60,"column":37}},"40":{"start":{"line":61,"column":20},"end":{"line":61,"column":46}},"41":{"start":{"line":62,"column":20},"end":{"line":62,"column":27}},"42":{"start":{"line":65,"column":20},"end":{"line":65,"column":61}},"43":{"start":{"line":67,"column":20},"end":{"line":111,"column":21}},"44":{"start":{"line":68,"column":24},"end":{"line":85,"column":25}},"45":{"start":{"line":69,"column":7},"end":{"line":69,"column":47}},"46":{"start":{"line":70,"column":28},"end":{"line":79,"column":31}},"47":{"start":{"line":71,"column":32},"end":{"line":78,"column":33}},"48":{"start":{"line":72,"column":36},"end":{"line":72,"column":62}},"49":{"start":{"line":73,"column":36},"end":{"line":73,"column":43}},"50":{"start":{"line":76,"column":36},"end":{"line":76,"column":64}},"51":{"start":{"line":77,"column":36},"end":{"line":77,"column":43}},"52":{"start":{"line":82,"column":28},"end":{"line":82,"column":55}},"53":{"start":{"line":83,"column":28},"end":{"line":83,"column":63}},"54":{"start":{"line":84,"column":28},"end":{"line":84,"column":35}},"55":{"start":{"line":88,"column":24},"end":{"line":110,"column":4}},"56":{"start":{"line":89,"column":28},"end":{"line":105,"column":29}},"57":{"start":{"line":90,"column":4},"end":{"line":90,"column":53}},"58":{"start":{"line":91,"column":32},"end":{"line":100,"column":60}},"59":{"start":{"line":92,"column":36},"end":{"line":99,"column":9}},"60":{"start":{"line":93,"column":40},"end":{"line":93,"column":66}},"61":{"start":{"line":94,"column":40},"end":{"line":94,"column":47}},"62":{"start":{"line":97,"column":5},"end":{"line":97,"column":33}},"63":{"start":{"line":98,"column":5},"end":{"line":98,"column":12}},"64":{"start":{"line":103,"column":32},"end":{"line":103,"column":67}},"65":{"start":{"line":104,"column":32},"end":{"line":104,"column":39}},"66":{"start":{"line":108,"column":28},"end":{"line":108,"column":56}},"67":{"start":{"line":109,"column":28},"end":{"line":109,"column":35}},"68":{"start":{"line":117,"column":4},"end":{"line":120,"column":4}},"69":{"start":{"line":120,"column":4},"end":{"line":124,"column":4}},"70":{"start":{"line":121,"column":8},"end":{"line":121,"column":32}},"71":{"start":{"line":124,"column":4},"end":{"line":127,"column":4}},"72":{"start":{"line":127,"column":4},"end":{"line":131,"column":4}},"73":{"start":{"line":128,"column":8},"end":{"line":128,"column":29}},"74":{"start":{"line":131,"column":4},"end":{"line":135,"column":4}},"75":{"start":{"line":132,"column":8},"end":{"line":132,"column":27}},"76":{"start":{"line":135,"column":4},"end":{"line":139,"column":4}},"77":{"start":{"line":136,"column":8},"end":{"line":136,"column":30}},"78":{"start":{"line":139,"column":4},"end":{"line":146,"column":4}},"79":{"start":{"line":140,"column":8},"end":{"line":140,"column":35}},"80":{"start":{"line":141,"column":8},"end":{"line":141,"column":29}},"81":{"start":{"line":142,"column":8},"end":{"line":142,"column":27}},"82":{"start":{"line":146,"column":4},"end":{"line":168,"column":0}},"83":{"start":{"line":147,"column":8},"end":{"line":147,"column":24}},"84":{"start":{"line":148,"column":8},"end":{"line":148,"column":55}},"85":{"start":{"line":149,"column":8},"end":{"line":149,"column":55}},"86":{"start":{"line":150,"column":8},"end":{"line":166,"column":11}},"87":{"start":{"line":152,"column":12},"end":{"line":155,"column":13}},"88":{"start":{"line":153,"column":16},"end":{"line":153,"column":42}},"89":{"start":{"line":154,"column":16},"end":{"line":154,"column":23}},"90":{"start":{"line":157,"column":12},"end":{"line":157,"column":60}},"91":{"start":{"line":158,"column":12},"end":{"line":165,"column":13}},"92":{"start":{"line":159,"column":16},"end":{"line":159,"column":49}},"93":{"start":{"line":160,"column":16},"end":{"line":160,"column":23}},"94":{"start":{"line":163,"column":16},"end":{"line":163,"column":44}},"95":{"start":{"line":164,"column":16},"end":{"line":164,"column":23}},"96":{"start":{"line":169,"column":0},"end":{"line":169,"column":29}}},"branchMap":{"1":{"line":27,"type":"if","locations":[{"start":{"line":27,"column":5},"end":{"line":27,"column":5}},{"start":{"line":27,"column":5},"end":{"line":27,"column":5}}]},"2":{"line":34,"type":"if","locations":[{"start":{"line":34,"column":2},"end":{"line":34,"column":2}},{"start":{"line":34,"column":2},"end":{"line":34,"column":2}}]},"3":{"line":51,"type":"if","locations":[{"start":{"line":51,"column":12},"end":{"line":51,"column":12}},{"start":{"line":51,"column":12},"end":{"line":51,"column":12}}]},"4":{"line":59,"type":"if","locations":[{"start":{"line":59,"column":16},"end":{"line":59,"column":16}},{"start":{"line":59,"column":16},"end":{"line":59,"column":16}}]},"5":{"line":67,"type":"if","locations":[{"start":{"line":67,"column":20},"end":{"line":67,"column":20}},{"start":{"line":67,"column":20},"end":{"line":67,"column":20}}]},"6":{"line":68,"type":"if","locations":[{"start":{"line":68,"column":24},"end":{"line":68,"column":24}},{"start":{"line":68,"column":24},"end":{"line":68,"column":24}}]},"7":{"line":68,"type":"binary-expr","locations":[{"start":{"line":68,"column":27},"end":{"line":68,"column":43}},{"start":{"line":68,"column":47},"end":{"line":68,"column":63}}]},"8":{"line":71,"type":"if","locations":[{"start":{"line":71,"column":32},"end":{"line":71,"column":32}},{"start":{"line":71,"column":32},"end":{"line":71,"column":32}}]},"9":{"line":88,"type":"if","locations":[{"start":{"line":88,"column":24},"end":{"line":88,"column":24}},{"start":{"line":88,"column":24},"end":{"line":88,"column":24}}]},"10":{"line":89,"type":"if","locations":[{"start":{"line":89,"column":28},"end":{"line":89,"column":28}},{"start":{"line":89,"column":28},"end":{"line":89,"column":28}}]},"11":{"line":89,"type":"binary-expr","locations":[{"start":{"line":89,"column":31},"end":{"line":89,"column":47}},{"start":{"line":89,"column":51},"end":{"line":89,"column":67}}]},"12":{"line":92,"type":"if","locations":[{"start":{"line":92,"column":36},"end":{"line":92,"column":36}},{"start":{"line":92,"column":36},"end":{"line":92,"column":36}}]},"13":{"line":152,"type":"if","locations":[{"start":{"line":152,"column":12},"end":{"line":152,"column":12}},{"start":{"line":152,"column":12},"end":{"line":152,"column":12}}]},"14":{"line":158,"type":"if","locations":[{"start":{"line":158,"column":12},"end":{"line":158,"column":12}},{"start":{"line":158,"column":12},"end":{"line":158,"column":12}}]}}},"C:\\Users\\Kevin.Jia\\Documents\\CS169\\Cooking Buddy\\RatingRecord.js":{"path":"C:\\Users\\Kevin.Jia\\Documents\\CS169\\Cooking Buddy\\RatingRecord.js","s":{"1":1,"2":1,"3":1,"4":0,"5":0,"6":0,"7":0,"8":0,"9":0,"10":1,"11":1,"12":1},"b":{},"f":{"1":0},"fnMap":{"1":{"name":"RatingRecord","line":4,"loc":{"start":{"line":4,"column":0},"end":{"line":4,"column":53}}}},"statementMap":{"1":{"start":{"line":1,"column":0},"end":{"line":1,"column":48}},"2":{"start":{"line":2,"column":0},"end":{"line":2,"column":42}},"3":{"start":{"line":4,"column":0},"end":{"line":11,"column":1}},"4":{"start":{"line":5,"column":4},"end":{"line":5,"column":28}},"5":{"start":{"line":6,"column":4},"end":{"line":6,"column":39}},"6":{"start":{"line":7,"column":4},"end":{"line":7,"column":45}},"7":{"start":{"line":8,"column":4},"end":{"line":8,"column":35}},"8":{"start":{"line":9,"column":4},"end":{"line":9,"column":50}},"9":{"start":{"line":10,"column":4},"end":{"line":10,"column":44}},"10":{"start":{"line":12,"column":0},"end":{"line":12,"column":63}},"11":{"start":{"line":13,"column":0},"end":{"line":13,"column":50}},"12":{"start":{"line":15,"column":0},"end":{"line":15,"column":30}}},"branchMap":{}},"C:\\Users\\Kevin.Jia\\Documents\\CS169\\Cooking Buddy\\DatabaseModel.js":{"path":"C:\\Users\\Kevin.Jia\\Documents\\CS169\\Cooking Buddy\\DatabaseModel.js","s":{"1":1,"2":0,"3":0,"4":0,"5":1,"6":1,"7":1,"8":1,"9":1,"10":1},"b":{},"f":{"1":0,"2":0,"3":0,"4":0},"fnMap":{"1":{"name":"DatabaseModel","line":2,"loc":{"start":{"line":2,"column":0},"end":{"line":2,"column":25}}},"2":{"name":"(anonymous_2)","line":6,"loc":{"start":{"line":6,"column":19},"end":{"line":6,"column":30}}},"3":{"name":"(anonymous_3)","line":11,"loc":{"start":{"line":11,"column":15},"end":{"line":11,"column":26}}},"4":{"name":"(anonymous_4)","line":17,"loc":{"start":{"line":17,"column":18},"end":{"line":17,"column":44}}}},"statementMap":{"1":{"start":{"line":2,"column":0},"end":{"line":19,"column":1}},"2":{"start":{"line":6,"column":4},"end":{"line":11,"column":4}},"3":{"start":{"line":11,"column":4},"end":{"line":17,"column":4}},"4":{"start":{"line":17,"column":4},"end":{"line":19,"column":0}},"5":{"start":{"line":21,"column":0},"end":{"line":21,"column":29}},"6":{"start":{"line":22,"column":0},"end":{"line":22,"column":30}},"7":{"start":{"line":23,"column":0},"end":{"line":23,"column":52}},"8":{"start":{"line":24,"column":0},"end":{"line":24,"column":58}},"9":{"start":{"line":25,"column":0},"end":{"line":25,"column":62}},"10":{"start":{"line":27,"column":0},"end":{"line":27,"column":31}}},"branchMap":{}}}