TN:
SF:C:\Users\Kevin.Jia\Documents\Heroku\Cooking Buddy\Ingredient.js
FN:12,Ingredient
FN:28,(anonymous_2)
FN:32,(anonymous_3)
FN:54,(anonymous_4)
FN:60,(anonymous_5)
FN:70,(anonymous_6)
FN:81,(anonymous_7)
FN:93,(anonymous_8)
FN:116,(anonymous_9)
FN:122,(anonymous_10)
FN:129,(anonymous_11)
FN:142,(anonymous_12)
FN:152,(anonymous_13)
FN:166,(anonymous_14)
FN:168,(anonymous_15)
FN:175,(anonymous_16)
FN:186,(anonymous_17)
FN:188,(anonymous_18)
FN:195,(anonymous_19)
FN:206,(anonymous_20)
FN:208,(anonymous_21)
FN:215,(anonymous_22)
FN:231,(anonymous_23)
FN:235,(anonymous_24)
FN:239,(anonymous_25)
FN:243,(anonymous_26)
FN:251,(anonymous_27)
FNF:27
FNH:24
FNDA:48,Ingredient
FNDA:22,(anonymous_2)
FNDA:22,(anonymous_3)
FNDA:15,(anonymous_4)
FNDA:15,(anonymous_5)
FNDA:14,(anonymous_6)
FNDA:13,(anonymous_7)
FNDA:1,(anonymous_8)
FNDA:3,(anonymous_9)
FNDA:3,(anonymous_10)
FNDA:3,(anonymous_11)
FNDA:1,(anonymous_12)
FNDA:1,(anonymous_13)
FNDA:2,(anonymous_14)
FNDA:2,(anonymous_15)
FNDA:2,(anonymous_16)
FNDA:1,(anonymous_17)
FNDA:1,(anonymous_18)
FNDA:1,(anonymous_19)
FNDA:1,(anonymous_20)
FNDA:1,(anonymous_21)
FNDA:1,(anonymous_22)
FNDA:22,(anonymous_23)
FNDA:0,(anonymous_24)
FNDA:22,(anonymous_25)
FNDA:0,(anonymous_26)
FNDA:0,(anonymous_27)
DA:1,1
DA:2,1
DA:3,1
DA:4,1
DA:5,1
DA:12,1
DA:13,48
DA:14,48
DA:15,48
DA:16,48
DA:17,48
DA:18,48
DA:19,48
DA:20,48
DA:21,48
DA:22,48
DA:23,48
DA:24,48
DA:25,48
DA:26,48
DA:28,48
DA:29,22
DA:30,22
DA:31,22
DA:32,22
DA:33,22
DA:34,22
DA:35,0
DA:36,0
DA:38,22
DA:39,22
DA:40,1
DA:43,21
DA:54,48
DA:55,15
DA:56,15
DA:57,0
DA:58,0
DA:60,15
DA:61,15
DA:62,1
DA:63,1
DA:65,14
DA:66,14
DA:70,14
DA:72,14
DA:73,0
DA:74,0
DA:76,14
DA:78,14
DA:79,13
DA:80,13
DA:81,13
DA:82,13
DA:83,0
DA:86,13
DA:91,1
DA:92,1
DA:93,1
DA:94,1
DA:95,0
DA:98,1
DA:104,0
DA:116,48
DA:117,3
DA:118,3
DA:119,0
DA:120,0
DA:122,3
DA:123,3
DA:124,0
DA:125,0
DA:127,3
DA:128,3
DA:129,3
DA:130,3
DA:131,0
DA:132,0
DA:134,3
DA:135,3
DA:136,1
DA:139,2
DA:140,2
DA:141,2
DA:142,1
DA:143,1
DA:144,0
DA:147,1
DA:152,1
DA:153,1
DA:154,0
DA:157,1
DA:166,48
DA:167,2
DA:168,2
DA:169,2
DA:170,0
DA:171,0
DA:173,2
DA:174,2
DA:175,2
DA:176,2
DA:177,0
DA:180,2
DA:186,48
DA:187,1
DA:188,1
DA:189,1
DA:190,0
DA:191,0
DA:193,1
DA:194,1
DA:195,1
DA:196,1
DA:197,0
DA:200,1
DA:206,48
DA:207,1
DA:208,1
DA:209,1
DA:210,0
DA:211,0
DA:213,1
DA:214,1
DA:215,1
DA:216,1
DA:217,0
DA:220,1
DA:231,48
DA:232,22
DA:235,48
DA:236,0
DA:239,48
DA:240,22
DA:243,48
DA:244,0
DA:251,48
DA:252,0
DA:253,0
DA:254,0
DA:258,1
LF:141
LH:110
BRDA:34,1,0,0
BRDA:34,1,1,22
BRDA:39,2,0,1
BRDA:39,2,1,21
BRDA:56,3,0,0
BRDA:56,3,1,15
BRDA:61,4,0,1
BRDA:61,4,1,14
BRDA:72,5,0,0
BRDA:72,5,1,14
BRDA:78,6,0,13
BRDA:78,6,1,1
BRDA:82,7,0,0
BRDA:82,7,1,13
BRDA:91,8,0,1
BRDA:91,8,1,0
BRDA:94,9,0,0
BRDA:94,9,1,1
BRDA:118,10,0,0
BRDA:118,10,1,3
BRDA:123,11,0,0
BRDA:123,11,1,3
BRDA:130,12,0,0
BRDA:130,12,1,3
BRDA:135,13,0,1
BRDA:135,13,1,2
BRDA:141,14,0,1
BRDA:141,14,1,1
BRDA:143,15,0,0
BRDA:143,15,1,1
BRDA:153,16,0,0
BRDA:153,16,1,1
BRDA:169,17,0,0
BRDA:169,17,1,2
BRDA:176,18,0,0
BRDA:176,18,1,2
BRDA:189,19,0,0
BRDA:189,19,1,1
BRDA:196,20,0,0
BRDA:196,20,1,1
BRDA:209,21,0,0
BRDA:209,21,1,1
BRDA:216,22,0,0
BRDA:216,22,1,1
BRF:44
BRH:27
end_of_record
TN:
SF:C:\Users\Kevin.Jia\Documents\Heroku\Cooking Buddy\Constants.js
FN:2,Constants
FNF:1
FNH:0
FNDA:0,Constants
DA:2,1
DA:7,1
DA:9,1
DA:10,1
DA:11,1
DA:12,1
DA:13,1
DA:14,1
DA:15,1
DA:17,1
DA:18,1
DA:19,1
DA:20,1
DA:21,1
DA:24,1
DA:25,1
DA:26,1
DA:27,1
DA:28,1
DA:29,1
DA:30,1
DA:31,1
DA:32,1
DA:33,1
DA:34,1
DA:35,1
DA:36,1
DA:39,1
DA:40,1
DA:41,1
DA:44,1
DA:45,1
DA:46,1
DA:48,1
LF:34
LH:34
BRF:0
BRH:0
end_of_record
TN:
SF:C:\Users\Kevin.Jia\Documents\Heroku\Cooking Buddy\ActiveRecord.js
FN:7,ActiveRecord
FN:17,(anonymous_2)
FN:24,(anonymous_3)
FN:47,(anonymous_4)
FN:55,(anonymous_5)
FN:59,(anonymous_6)
FN:68,(anonymous_7)
FN:72,(anonymous_8)
FN:80,(anonymous_9)
FN:90,(anonymous_10)
FN:98,(anonymous_11)
FN:102,(anonymous_12)
FN:106,(anonymous_13)
FN:110,(anonymous_14)
FN:114,(anonymous_15)
FN:118,(anonymous_16)
FN:122,(anonymous_17)
FN:131,(anonymous_18)
FN:153,(anonymous_19)
FN:162,(anonymous_20)
FNF:20
FNH:15
FNDA:43,ActiveRecord
FNDA:26,(anonymous_2)
FNDA:13,(anonymous_3)
FNDA:13,(anonymous_4)
FNDA:4,(anonymous_5)
FNDA:4,(anonymous_6)
FNDA:2,(anonymous_7)
FNDA:2,(anonymous_8)
FNDA:40,(anonymous_9)
FNDA:40,(anonymous_10)
FNDA:43,(anonymous_11)
FNDA:0,(anonymous_12)
FNDA:43,(anonymous_13)
FNDA:0,(anonymous_14)
FNDA:0,(anonymous_15)
FNDA:0,(anonymous_16)
FNDA:43,(anonymous_17)
FNDA:0,(anonymous_18)
FNDA:155,(anonymous_19)
FNDA:48,(anonymous_20)
DA:7,1
DA:8,43
DA:9,43
DA:10,43
DA:11,43
DA:12,43
DA:13,43
DA:14,43
DA:17,1
DA:18,26
DA:24,1
DA:25,13
DA:26,0
DA:27,0
DA:29,13
DA:30,13
DA:31,13
DA:32,13
DA:33,13
DA:34,13
DA:35,65
DA:36,13
DA:37,13
DA:40,52
DA:41,52
DA:43,65
DA:45,13
DA:46,13
DA:47,13
DA:48,13
DA:55,1
DA:56,4
DA:57,4
DA:58,4
DA:59,4
DA:60,4
DA:68,1
DA:69,2
DA:70,2
DA:71,2
DA:72,2
DA:73,2
DA:80,1
DA:81,40
DA:82,40
DA:83,40
DA:84,0
DA:85,0
DA:86,0
DA:89,40
DA:90,40
DA:91,40
DA:98,1
DA:99,43
DA:102,1
DA:103,0
DA:106,1
DA:107,43
DA:110,1
DA:111,0
DA:114,1
DA:115,0
DA:118,1
DA:119,0
DA:122,1
DA:123,43
DA:124,43
DA:131,1
DA:132,0
DA:133,0
DA:136,0
DA:138,0
DA:139,0
DA:140,0
DA:143,0
DA:153,1
DA:154,155
DA:155,140
DA:158,15
DA:162,1
DA:163,48
DA:164,48
DA:165,48
DA:166,166
DA:167,90
DA:168,42
DA:171,48
DA:173,90
DA:176,48
DA:179,1
LF:90
LH:74
BRDA:25,1,0,0
BRDA:25,1,1,13
BRDA:35,2,0,13
BRDA:35,2,1,52
BRDA:83,3,0,0
BRDA:83,3,1,40
BRDA:85,4,0,0
BRDA:85,4,1,0
BRDA:132,5,0,0
BRDA:132,5,1,0
BRDA:138,6,0,0
BRDA:138,6,1,0
BRDA:138,7,0,0
BRDA:138,7,1,0
BRDA:154,8,0,140
BRDA:154,8,1,15
BRDA:166,9,0,90
BRDA:166,9,1,76
BRDA:167,10,0,42
BRDA:167,10,1,48
BRF:20
BRH:10
end_of_record
TN:
SF:C:\Users\Kevin.Jia\Documents\Heroku\Cooking Buddy\IngredientRecord.js
FN:4,IngredientRecord
FNF:1
FNH:1
FNDA:21,IngredientRecord
DA:1,1
DA:2,1
DA:4,1
DA:5,21
DA:6,21
DA:7,21
DA:8,21
DA:9,21
DA:10,21
DA:11,21
DA:12,21
DA:14,1
DA:15,1
DA:17,1
LF:14
LH:14
BRF:0
BRH:0
end_of_record
TN:
SF:C:\Users\Kevin.Jia\Documents\Heroku\Cooking Buddy\UserRecord.js
FN:4,UserRecord
FNF:1
FNH:1
FNDA:22,UserRecord
DA:1,1
DA:2,1
DA:4,1
DA:5,22
DA:6,22
DA:7,22
DA:8,22
DA:9,22
DA:11,1
DA:12,1
DA:14,1
LF:11
LH:11
BRF:0
BRH:0
end_of_record
TN:
SF:C:\Users\Kevin.Jia\Documents\Heroku\Cooking Buddy\UserModel.js
FN:5,UserModel
FN:11,(anonymous_2)
FN:22,(anonymous_3)
FN:32,(anonymous_4)
FN:39,(anonymous_5)
FN:54,(anonymous_6)
FN:58,(anonymous_7)
FN:62,(anonymous_8)
FN:66,(anonymous_9)
FNF:9
FNH:0
FNDA:0,UserModel
FNDA:0,(anonymous_2)
FNDA:0,(anonymous_3)
FNDA:0,(anonymous_4)
FNDA:0,(anonymous_5)
FNDA:0,(anonymous_6)
FNDA:0,(anonymous_7)
FNDA:0,(anonymous_8)
FNDA:0,(anonymous_9)
DA:1,1
DA:2,1
DA:3,1
DA:5,1
DA:6,0
DA:7,0
DA:8,0
DA:9,0
DA:10,0
DA:11,0
DA:12,0
DA:13,0
DA:14,0
DA:16,0
DA:17,0
DA:18,0
DA:20,0
DA:21,0
DA:22,0
DA:23,0
DA:24,0
DA:27,0
DA:32,0
DA:33,0
DA:34,0
DA:35,0
DA:37,0
DA:38,0
DA:39,0
DA:40,0
DA:41,0
DA:42,0
DA:44,0
DA:45,0
DA:46,0
DA:49,0
DA:54,0
DA:55,0
DA:58,0
DA:59,0
DA:62,0
DA:63,0
DA:66,0
DA:73,1
LF:44
LH:5
BRDA:12,1,0,0
BRDA:12,1,1,0
BRDA:12,2,0,0
BRDA:12,2,1,0
BRDA:16,3,0,0
BRDA:16,3,1,0
BRDA:23,4,0,0
BRDA:23,4,1,0
BRDA:33,5,0,0
BRDA:33,5,1,0
BRDA:33,6,0,0
BRDA:33,6,1,0
BRDA:33,6,2,0
BRDA:40,7,0,0
BRDA:40,7,1,0
BRDA:45,8,0,0
BRDA:45,8,1,0
BRF:17
BRH:0
end_of_record
TN:
SF:C:\Users\Kevin.Jia\Documents\Heroku\Cooking Buddy\Recipe.js
FN:9,Recipe
FN:28,(anonymous_2)
FN:31,(anonymous_3)
FN:39,(anonymous_4)
FN:49,(anonymous_5)
FN:66,(anonymous_6)
FN:68,(anonymous_7)
FN:75,(anonymous_8)
FN:86,(anonymous_9)
FN:88,(anonymous_10)
FN:95,(anonymous_11)
FN:106,(anonymous_12)
FN:108,(anonymous_13)
FN:115,(anonymous_14)
FN:126,(anonymous_15)
FN:129,(anonymous_16)
FN:133,(anonymous_17)
FN:136,(anonymous_18)
FN:140,(anonymous_19)
FN:144,(anonymous_20)
FN:148,(anonymous_21)
FN:155,(anonymous_22)
FN:159,(anonymous_23)
FNF:23
FNH:0
FNDA:0,Recipe
FNDA:0,(anonymous_2)
FNDA:0,(anonymous_3)
FNDA:0,(anonymous_4)
FNDA:0,(anonymous_5)
FNDA:0,(anonymous_6)
FNDA:0,(anonymous_7)
FNDA:0,(anonymous_8)
FNDA:0,(anonymous_9)
FNDA:0,(anonymous_10)
FNDA:0,(anonymous_11)
FNDA:0,(anonymous_12)
FNDA:0,(anonymous_13)
FNDA:0,(anonymous_14)
FNDA:0,(anonymous_15)
FNDA:0,(anonymous_16)
FNDA:0,(anonymous_17)
FNDA:0,(anonymous_18)
FNDA:0,(anonymous_19)
FNDA:0,(anonymous_20)
FNDA:0,(anonymous_21)
FNDA:0,(anonymous_22)
FNDA:0,(anonymous_23)
DA:1,1
DA:2,1
DA:3,1
DA:4,1
DA:5,1
DA:9,1
DA:10,0
DA:11,0
DA:12,0
DA:14,0
DA:15,0
DA:17,0
DA:18,0
DA:19,0
DA:22,0
DA:28,0
DA:30,0
DA:31,0
DA:32,0
DA:33,0
DA:34,0
DA:36,0
DA:37,0
DA:39,0
DA:40,0
DA:41,0
DA:42,0
DA:43,0
DA:46,0
DA:48,0
DA:49,0
DA:50,0
DA:51,0
DA:54,0
DA:59,0
DA:66,0
DA:67,0
DA:68,0
DA:69,0
DA:70,0
DA:71,0
DA:73,0
DA:74,0
DA:75,0
DA:76,0
DA:77,0
DA:80,0
DA:86,0
DA:87,0
DA:88,0
DA:89,0
DA:90,0
DA:91,0
DA:93,0
DA:94,0
DA:95,0
DA:96,0
DA:97,0
DA:100,0
DA:106,0
DA:107,0
DA:108,0
DA:109,0
DA:110,0
DA:111,0
DA:113,0
DA:114,0
DA:115,0
DA:116,0
DA:117,0
DA:120,0
DA:126,0
DA:129,0
DA:130,0
DA:133,0
DA:136,0
DA:137,0
DA:140,0
DA:141,0
DA:144,0
DA:145,0
DA:148,0
DA:149,0
DA:150,0
DA:151,0
DA:155,0
DA:156,0
DA:157,0
DA:158,0
DA:159,0
DA:161,0
DA:162,0
DA:163,0
DA:166,0
DA:167,0
DA:168,0
DA:169,0
DA:172,0
DA:173,0
DA:178,1
LF:100
LH:7
BRDA:32,1,0,0
BRDA:32,1,1,0
BRDA:40,2,0,0
BRDA:40,2,1,0
BRDA:48,3,0,0
BRDA:48,3,1,0
BRDA:50,4,0,0
BRDA:50,4,1,0
BRDA:69,5,0,0
BRDA:69,5,1,0
BRDA:76,6,0,0
BRDA:76,6,1,0
BRDA:89,7,0,0
BRDA:89,7,1,0
BRDA:96,8,0,0
BRDA:96,8,1,0
BRDA:109,9,0,0
BRDA:109,9,1,0
BRDA:116,10,0,0
BRDA:116,10,1,0
BRDA:161,11,0,0
BRDA:161,11,1,0
BRDA:167,12,0,0
BRDA:167,12,1,0
BRF:24
BRH:0
end_of_record
TN:
SF:C:\Users\Kevin.Jia\Documents\Heroku\Cooking Buddy\RecipeRecord.js
FN:4,RecipeRecord
FNF:1
FNH:0
FNDA:0,RecipeRecord
DA:1,1
DA:2,1
DA:4,1
DA:5,0
DA:6,0
DA:7,0
DA:8,0
DA:9,0
DA:10,0
DA:12,1
DA:13,1
DA:15,1
LF:12
LH:6
BRF:0
BRH:0
end_of_record
TN:
SF:C:\Users\Kevin.Jia\Documents\Heroku\Cooking Buddy\DatabaseModel.js
FN:2,DatabaseModel
FN:6,(anonymous_2)
FN:11,(anonymous_3)
FN:17,(anonymous_4)
FNF:4
FNH:0
FNDA:0,DatabaseModel
FNDA:0,(anonymous_2)
FNDA:0,(anonymous_3)
FNDA:0,(anonymous_4)
DA:2,1
DA:6,0
DA:11,0
DA:17,0
DA:21,1
DA:22,1
DA:23,1
DA:24,1
DA:26,1
LF:9
LH:6
BRF:0
BRH:0
end_of_record
