TN:
SF:C:\Users\Kevin.Jia\Documents\CS169\Cooking Buddy\Ingredient.js
FN:12,Ingredient
FN:28,(anonymous_2)
FN:32,(anonymous_3)
FN:54,(anonymous_4)
FN:60,(anonymous_5)
FN:70,(anonymous_6)
FN:81,(anonymous_7)
FN:93,(anonymous_8)
FN:116,(anonymous_9)
FN:122,(anonymous_10)
FN:129,(anonymous_11)
FN:142,(anonymous_12)
FN:152,(anonymous_13)
FN:166,(anonymous_14)
FN:168,(anonymous_15)
FN:175,(anonymous_16)
FN:186,(anonymous_17)
FN:188,(anonymous_18)
FN:195,(anonymous_19)
FN:206,(anonymous_20)
FN:208,(anonymous_21)
FN:216,(anonymous_22)
FN:227,(anonymous_23)
FN:233,(anonymous_24)
FN:240,(anonymous_25)
FN:256,(anonymous_26)
FN:260,(anonymous_27)
FN:264,(anonymous_28)
FN:268,(anonymous_29)
FN:276,(anonymous_30)
FNF:30
FNH:27
FNDA:52,Ingredient
FNDA:24,(anonymous_2)
FNDA:24,(anonymous_3)
FNDA:16,(anonymous_4)
FNDA:16,(anonymous_5)
FNDA:15,(anonymous_6)
FNDA:14,(anonymous_7)
FNDA:1,(anonymous_8)
FNDA:3,(anonymous_9)
FNDA:3,(anonymous_10)
FNDA:3,(anonymous_11)
FNDA:1,(anonymous_12)
FNDA:1,(anonymous_13)
FNDA:2,(anonymous_14)
FNDA:2,(anonymous_15)
FNDA:2,(anonymous_16)
FNDA:1,(anonymous_17)
FNDA:1,(anonymous_18)
FNDA:1,(anonymous_19)
FNDA:1,(anonymous_20)
FNDA:1,(anonymous_21)
FNDA:1,(anonymous_22)
FNDA:1,(anonymous_23)
FNDA:1,(anonymous_24)
FNDA:1,(anonymous_25)
FNDA:24,(anonymous_26)
FNDA:0,(anonymous_27)
FNDA:24,(anonymous_28)
FNDA:0,(anonymous_29)
FNDA:0,(anonymous_30)
DA:1,1
DA:2,1
DA:3,1
DA:4,1
DA:5,1
DA:12,1
DA:13,52
DA:14,52
DA:15,52
DA:16,52
DA:17,52
DA:18,52
DA:19,52
DA:20,52
DA:21,52
DA:22,52
DA:23,52
DA:24,52
DA:25,52
DA:26,52
DA:28,52
DA:29,24
DA:30,24
DA:31,24
DA:32,24
DA:33,24
DA:34,24
DA:35,0
DA:36,0
DA:38,24
DA:39,24
DA:40,1
DA:43,23
DA:54,52
DA:55,16
DA:56,16
DA:57,0
DA:58,0
DA:60,16
DA:61,16
DA:62,1
DA:63,1
DA:65,15
DA:66,15
DA:70,15
DA:72,15
DA:73,0
DA:74,0
DA:76,15
DA:78,15
DA:79,14
DA:80,14
DA:81,14
DA:82,14
DA:83,0
DA:86,14
DA:91,1
DA:92,1
DA:93,1
DA:94,1
DA:95,0
DA:98,1
DA:104,0
DA:116,52
DA:117,3
DA:118,3
DA:119,0
DA:120,0
DA:122,3
DA:123,3
DA:124,0
DA:125,0
DA:127,3
DA:128,3
DA:129,3
DA:130,3
DA:131,0
DA:132,0
DA:134,3
DA:135,3
DA:136,1
DA:139,2
DA:140,2
DA:141,2
DA:142,1
DA:143,1
DA:144,0
DA:147,1
DA:152,1
DA:153,1
DA:154,0
DA:157,1
DA:166,52
DA:167,2
DA:168,2
DA:169,2
DA:170,0
DA:171,0
DA:173,2
DA:174,2
DA:175,2
DA:176,2
DA:177,0
DA:180,2
DA:186,52
DA:187,1
DA:188,1
DA:189,1
DA:190,0
DA:191,0
DA:193,1
DA:194,1
DA:195,1
DA:196,1
DA:197,0
DA:200,1
DA:206,52
DA:207,1
DA:208,1
DA:209,1
DA:210,0
DA:211,0
DA:213,1
DA:214,1
DA:215,1
DA:216,1
DA:217,1
DA:218,0
DA:221,1
DA:227,52
DA:228,1
DA:229,1
DA:230,0
DA:231,0
DA:233,1
DA:234,1
DA:235,0
DA:236,0
DA:238,1
DA:239,1
DA:240,1
DA:241,1
DA:242,0
DA:245,1
DA:256,52
DA:257,24
DA:260,52
DA:261,0
DA:264,52
DA:265,24
DA:268,52
DA:269,0
DA:276,52
DA:277,0
DA:278,0
DA:279,0
DA:283,1
LF:157
LH:121
BRDA:34,1,0,0
BRDA:34,1,1,24
BRDA:39,2,0,1
BRDA:39,2,1,23
BRDA:56,3,0,0
BRDA:56,3,1,16
BRDA:61,4,0,1
BRDA:61,4,1,15
BRDA:72,5,0,0
BRDA:72,5,1,15
BRDA:78,6,0,14
BRDA:78,6,1,1
BRDA:82,7,0,0
BRDA:82,7,1,14
BRDA:91,8,0,1
BRDA:91,8,1,0
BRDA:94,9,0,0
BRDA:94,9,1,1
BRDA:118,10,0,0
BRDA:118,10,1,3
BRDA:123,11,0,0
BRDA:123,11,1,3
BRDA:130,12,0,0
BRDA:130,12,1,3
BRDA:135,13,0,1
BRDA:135,13,1,2
BRDA:141,14,0,1
BRDA:141,14,1,1
BRDA:143,15,0,0
BRDA:143,15,1,1
BRDA:153,16,0,0
BRDA:153,16,1,1
BRDA:169,17,0,0
BRDA:169,17,1,2
BRDA:176,18,0,0
BRDA:176,18,1,2
BRDA:189,19,0,0
BRDA:189,19,1,1
BRDA:196,20,0,0
BRDA:196,20,1,1
BRDA:209,21,0,0
BRDA:209,21,1,1
BRDA:217,22,0,0
BRDA:217,22,1,1
BRDA:229,23,0,0
BRDA:229,23,1,1
BRDA:234,24,0,0
BRDA:234,24,1,1
BRDA:241,25,0,0
BRDA:241,25,1,1
BRF:50
BRH:30
end_of_record
TN:
SF:C:\Users\Kevin.Jia\Documents\CS169\Cooking Buddy\Constants.js
FN:2,Constants
FNF:1
FNH:0
FNDA:0,Constants
DA:2,1
DA:6,1
DA:7,1
DA:11,1
DA:13,1
DA:14,1
DA:15,1
DA:16,1
DA:17,1
DA:18,1
DA:19,1
DA:21,1
DA:22,1
DA:23,1
DA:24,1
DA:25,1
DA:27,1
DA:30,1
DA:31,1
DA:32,1
DA:33,1
DA:34,1
DA:35,1
DA:36,1
DA:37,1
DA:38,1
DA:39,1
DA:40,1
DA:41,1
DA:42,1
DA:44,1
DA:47,1
DA:48,1
DA:49,1
DA:50,1
DA:53,1
DA:54,1
DA:55,1
DA:56,1
DA:58,1
LF:40
LH:40
BRF:0
BRH:0
end_of_record
TN:
SF:C:\Users\Kevin.Jia\Documents\CS169\Cooking Buddy\ActiveRecord.js
FN:7,ActiveRecord
FN:17,(anonymous_2)
FN:24,(anonymous_3)
FN:49,(anonymous_4)
FN:57,(anonymous_5)
FN:61,(anonymous_6)
FN:70,(anonymous_7)
FN:74,(anonymous_8)
FN:82,(anonymous_9)
FN:92,(anonymous_10)
FN:100,(anonymous_11)
FN:104,(anonymous_12)
FN:108,(anonymous_13)
FN:112,(anonymous_14)
FN:116,(anonymous_15)
FN:120,(anonymous_16)
FN:124,(anonymous_17)
FN:133,(anonymous_18)
FN:155,(anonymous_19)
FN:164,(anonymous_20)
FNF:20
FNH:16
FNDA:47,ActiveRecord
FNDA:28,(anonymous_2)
FNDA:14,(anonymous_3)
FNDA:14,(anonymous_4)
FNDA:4,(anonymous_5)
FNDA:4,(anonymous_6)
FNDA:3,(anonymous_7)
FNDA:3,(anonymous_8)
FNDA:43,(anonymous_9)
FNDA:43,(anonymous_10)
FNDA:47,(anonymous_11)
FNDA:0,(anonymous_12)
FNDA:47,(anonymous_13)
FNDA:0,(anonymous_14)
FNDA:0,(anonymous_15)
FNDA:0,(anonymous_16)
FNDA:47,(anonymous_17)
FNDA:1,(anonymous_18)
FNDA:191,(anonymous_19)
FNDA:53,(anonymous_20)
DA:7,1
DA:8,47
DA:9,47
DA:10,47
DA:11,47
DA:12,47
DA:13,47
DA:14,47
DA:17,1
DA:18,28
DA:24,1
DA:25,14
DA:26,0
DA:27,0
DA:29,14
DA:30,14
DA:31,14
DA:32,14
DA:33,14
DA:34,14
DA:35,70
DA:36,70
DA:37,14
DA:38,14
DA:41,56
DA:42,56
DA:45,70
DA:47,14
DA:48,14
DA:49,14
DA:50,14
DA:57,1
DA:58,4
DA:59,4
DA:60,4
DA:61,4
DA:62,4
DA:70,1
DA:71,3
DA:72,3
DA:73,3
DA:74,3
DA:75,3
DA:82,1
DA:83,43
DA:84,43
DA:85,43
DA:86,1
DA:87,1
DA:88,1
DA:91,43
DA:92,43
DA:93,43
DA:100,1
DA:101,47
DA:104,1
DA:105,0
DA:108,1
DA:109,47
DA:112,1
DA:113,0
DA:116,1
DA:117,0
DA:120,1
DA:121,0
DA:124,1
DA:125,47
DA:126,47
DA:133,1
DA:134,1
DA:135,1
DA:138,0
DA:140,1
DA:141,1
DA:142,1
DA:145,0
DA:155,1
DA:156,191
DA:157,174
DA:160,17
DA:164,1
DA:165,53
DA:166,53
DA:167,53
DA:168,205
DA:169,121
DA:170,68
DA:173,53
DA:175,121
DA:178,53
DA:181,1
LF:91
LH:83
BRDA:25,1,0,0
BRDA:25,1,1,14
BRDA:35,2,0,70
BRDA:35,2,1,0
BRDA:36,3,0,14
BRDA:36,3,1,56
BRDA:85,4,0,1
BRDA:85,4,1,42
BRDA:87,5,0,1
BRDA:87,5,1,0
BRDA:134,6,0,1
BRDA:134,6,1,0
BRDA:134,7,0,1
BRDA:134,7,1,1
BRDA:140,8,0,1
BRDA:140,8,1,0
BRDA:140,9,0,1
BRDA:140,9,1,1
BRDA:156,10,0,174
BRDA:156,10,1,17
BRDA:168,11,0,121
BRDA:168,11,1,84
BRDA:169,12,0,68
BRDA:169,12,1,53
BRF:24
BRH:19
end_of_record
TN:
SF:C:\Users\Kevin.Jia\Documents\CS169\Cooking Buddy\IngredientRecord.js
FN:4,IngredientRecord
FNF:1
FNH:1
FNDA:23,IngredientRecord
DA:1,1
DA:2,1
DA:3,1
DA:4,1
DA:5,23
DA:6,23
DA:7,23
DA:8,23
DA:9,23
DA:10,23
DA:11,23
DA:12,23
DA:14,1
DA:15,1
DA:18,1
LF:15
LH:15
BRF:0
BRH:0
end_of_record
TN:
SF:C:\Users\Kevin.Jia\Documents\CS169\Cooking Buddy\UserRecord.js
FN:4,UserRecord
FNF:1
FNH:1
FNDA:24,UserRecord
DA:1,1
DA:2,1
DA:4,1
DA:5,24
DA:6,24
DA:7,24
DA:8,24
DA:9,24
DA:10,24
DA:12,1
DA:13,1
DA:15,1
LF:12
LH:12
BRF:0
BRH:0
end_of_record
TN:
SF:C:\Users\Kevin.Jia\Documents\CS169\Cooking Buddy\UserModel.js
FN:6,UserModel
FN:15,(anonymous_2)
FN:19,(anonymous_3)
FN:37,(anonymous_4)
FN:57,(anonymous_5)
FN:70,(anonymous_6)
FN:78,(anonymous_7)
FN:108,(anonymous_8)
FN:116,(anonymous_9)
FN:142,(anonymous_10)
FN:169,(anonymous_11)
FN:173,(anonymous_12)
FN:177,(anonymous_13)
FN:181,(anonymous_14)
FNF:14
FNH:0
FNDA:0,UserModel
FNDA:0,(anonymous_2)
FNDA:0,(anonymous_3)
FNDA:0,(anonymous_4)
FNDA:0,(anonymous_5)
FNDA:0,(anonymous_6)
FNDA:0,(anonymous_7)
FNDA:0,(anonymous_8)
FNDA:0,(anonymous_9)
FNDA:0,(anonymous_10)
FNDA:0,(anonymous_11)
FNDA:0,(anonymous_12)
FNDA:0,(anonymous_13)
FNDA:0,(anonymous_14)
DA:1,1
DA:2,1
DA:3,1
DA:4,1
DA:6,1
DA:7,0
DA:8,0
DA:9,0
DA:10,0
DA:11,0
DA:12,0
DA:13,0
DA:15,0
DA:16,0
DA:17,0
DA:18,0
DA:19,0
DA:20,0
DA:21,0
DA:22,0
DA:23,0
DA:25,0
DA:26,0
DA:27,0
DA:30,0
DA:37,0
DA:38,0
DA:39,0
DA:40,0
DA:41,0
DA:43,0
DA:44,0
DA:45,0
DA:47,0
DA:48,0
DA:49,0
DA:50,0
DA:52,0
DA:53,0
DA:54,0
DA:55,0
DA:56,0
DA:57,0
DA:58,0
DA:59,0
DA:62,0
DA:66,0
DA:70,0
DA:71,0
DA:72,0
DA:73,0
DA:74,0
DA:76,0
DA:77,0
DA:78,0
DA:79,0
DA:80,0
DA:81,0
DA:83,0
DA:84,0
DA:85,0
DA:88,0
DA:89,0
DA:90,0
DA:91,0
DA:93,0
DA:94,0
DA:97,0
DA:101,0
DA:102,0
DA:108,0
DA:109,0
DA:110,0
DA:111,0
DA:112,0
DA:114,0
DA:115,0
DA:116,0
DA:117,0
DA:118,0
DA:119,0
DA:121,0
DA:122,0
DA:123,0
DA:126,0
DA:127,0
DA:128,0
DA:129,0
DA:131,0
DA:133,0
DA:135,0
DA:136,0
DA:137,0
DA:139,0
DA:140,0
DA:142,0
DA:143,0
DA:144,0
DA:146,0
DA:153,0
DA:154,0
DA:158,0
DA:162,0
DA:163,0
DA:169,0
DA:170,0
DA:173,0
DA:174,0
DA:177,0
DA:178,0
DA:181,0
DA:188,1
LF:112
LH:6
BRDA:21,1,0,0
BRDA:21,1,1,0
BRDA:26,2,0,0
BRDA:26,2,1,0
BRDA:39,3,0,0
BRDA:39,3,1,0
BRDA:39,4,0,0
BRDA:39,4,1,0
BRDA:43,5,0,0
BRDA:43,5,1,0
BRDA:49,6,0,0
BRDA:49,6,1,0
BRDA:58,7,0,0
BRDA:58,7,1,0
BRDA:72,8,0,0
BRDA:72,8,1,0
BRDA:72,9,0,0
BRDA:72,9,1,0
BRDA:72,9,2,0
BRDA:79,10,0,0
BRDA:79,10,1,0
BRDA:84,11,0,0
BRDA:84,11,1,0
BRDA:93,12,0,0
BRDA:93,12,1,0
BRDA:110,13,0,0
BRDA:110,13,1,0
BRDA:110,14,0,0
BRDA:110,14,1,0
BRDA:110,14,2,0
BRDA:110,14,3,0
BRDA:117,15,0,0
BRDA:117,15,1,0
BRDA:122,16,0,0
BRDA:122,16,1,0
BRDA:131,17,0,0
BRDA:131,17,1,0
BRDA:143,18,0,0
BRDA:143,18,1,0
BRF:39
BRH:0
end_of_record
TN:
SF:C:\Users\Kevin.Jia\Documents\CS169\Cooking Buddy\HistoryModel.js
FN:10,HistoryModel
FN:25,(anonymous_2)
FN:28,(anonymous_3)
FN:36,(anonymous_4)
FN:45,(anonymous_5)
FN:62,(anonymous_6)
FN:64,(anonymous_7)
FN:71,(anonymous_8)
FN:82,(anonymous_9)
FN:84,(anonymous_10)
FN:91,(anonymous_11)
FN:102,(anonymous_12)
FN:104,(anonymous_13)
FN:111,(anonymous_14)
FN:122,(anonymous_15)
FN:125,(anonymous_16)
FN:129,(anonymous_17)
FN:132,(anonymous_18)
FN:136,(anonymous_19)
FN:140,(anonymous_20)
FN:144,(anonymous_21)
FN:151,(anonymous_22)
FN:155,(anonymous_23)
FNF:23
FNH:0
FNDA:0,HistoryModel
FNDA:0,(anonymous_2)
FNDA:0,(anonymous_3)
FNDA:0,(anonymous_4)
FNDA:0,(anonymous_5)
FNDA:0,(anonymous_6)
FNDA:0,(anonymous_7)
FNDA:0,(anonymous_8)
FNDA:0,(anonymous_9)
FNDA:0,(anonymous_10)
FNDA:0,(anonymous_11)
FNDA:0,(anonymous_12)
FNDA:0,(anonymous_13)
FNDA:0,(anonymous_14)
FNDA:0,(anonymous_15)
FNDA:0,(anonymous_16)
FNDA:0,(anonymous_17)
FNDA:0,(anonymous_18)
FNDA:0,(anonymous_19)
FNDA:0,(anonymous_20)
FNDA:0,(anonymous_21)
FNDA:0,(anonymous_22)
FNDA:0,(anonymous_23)
DA:1,1
DA:2,1
DA:3,1
DA:4,1
DA:5,1
DA:10,1
DA:11,0
DA:12,0
DA:13,0
DA:14,0
DA:15,0
DA:16,0
DA:17,0
DA:18,0
DA:20,0
DA:25,0
DA:27,0
DA:28,0
DA:29,0
DA:30,0
DA:31,0
DA:33,0
DA:34,0
DA:36,0
DA:37,0
DA:38,0
DA:39,0
DA:42,0
DA:44,0
DA:45,0
DA:46,0
DA:47,0
DA:50,0
DA:55,0
DA:62,0
DA:63,0
DA:64,0
DA:65,0
DA:66,0
DA:67,0
DA:69,0
DA:70,0
DA:71,0
DA:72,0
DA:73,0
DA:76,0
DA:82,0
DA:83,0
DA:84,0
DA:85,0
DA:86,0
DA:87,0
DA:89,0
DA:90,0
DA:91,0
DA:92,0
DA:93,0
DA:96,0
DA:102,0
DA:103,0
DA:104,0
DA:105,0
DA:106,0
DA:107,0
DA:109,0
DA:110,0
DA:111,0
DA:112,0
DA:113,0
DA:116,0
DA:122,0
DA:125,0
DA:126,0
DA:129,0
DA:132,0
DA:133,0
DA:136,0
DA:137,0
DA:140,0
DA:141,0
DA:144,0
DA:145,0
DA:146,0
DA:147,0
DA:151,0
DA:152,0
DA:153,0
DA:154,0
DA:155,0
DA:157,0
DA:158,0
DA:159,0
DA:162,0
DA:163,0
DA:164,0
DA:165,0
DA:168,0
DA:169,0
DA:174,1
LF:99
LH:7
BRDA:29,1,0,0
BRDA:29,1,1,0
BRDA:37,2,0,0
BRDA:37,2,1,0
BRDA:44,3,0,0
BRDA:44,3,1,0
BRDA:46,4,0,0
BRDA:46,4,1,0
BRDA:65,5,0,0
BRDA:65,5,1,0
BRDA:72,6,0,0
BRDA:72,6,1,0
BRDA:85,7,0,0
BRDA:85,7,1,0
BRDA:92,8,0,0
BRDA:92,8,1,0
BRDA:105,9,0,0
BRDA:105,9,1,0
BRDA:112,10,0,0
BRDA:112,10,1,0
BRDA:157,11,0,0
BRDA:157,11,1,0
BRDA:163,12,0,0
BRDA:163,12,1,0
BRF:24
BRH:0
end_of_record
TN:
SF:C:\Users\Kevin.Jia\Documents\CS169\Cooking Buddy\RecipeRecord.js
FN:4,RecipeRecord
FNF:1
FNH:0
FNDA:0,RecipeRecord
DA:1,1
DA:2,1
DA:4,1
DA:5,0
DA:6,0
DA:7,0
DA:8,0
DA:9,0
DA:10,0
DA:12,1
DA:13,1
DA:15,1
LF:12
LH:6
BRF:0
BRH:0
end_of_record
TN:
SF:C:\Users\Kevin.Jia\Documents\CS169\Cooking Buddy\RatingModel.js
FN:9,RatingModel
FN:24,(anonymous_2)
FN:26,(anonymous_3)
FN:33,(anonymous_4)
FN:47,(anonymous_5)
FN:50,(anonymous_6)
FN:58,(anonymous_7)
FN:70,(anonymous_8)
FN:91,(anonymous_9)
FN:117,(anonymous_10)
FN:120,(anonymous_11)
FN:124,(anonymous_12)
FN:127,(anonymous_13)
FN:131,(anonymous_14)
FN:135,(anonymous_15)
FN:139,(anonymous_16)
FN:146,(anonymous_17)
FN:150,(anonymous_18)
FNF:18
FNH:0
FNDA:0,RatingModel
FNDA:0,(anonymous_2)
FNDA:0,(anonymous_3)
FNDA:0,(anonymous_4)
FNDA:0,(anonymous_5)
FNDA:0,(anonymous_6)
FNDA:0,(anonymous_7)
FNDA:0,(anonymous_8)
FNDA:0,(anonymous_9)
FNDA:0,(anonymous_10)
FNDA:0,(anonymous_11)
FNDA:0,(anonymous_12)
FNDA:0,(anonymous_13)
FNDA:0,(anonymous_14)
FNDA:0,(anonymous_15)
FNDA:0,(anonymous_16)
FNDA:0,(anonymous_17)
FNDA:0,(anonymous_18)
DA:1,1
DA:2,1
DA:3,1
DA:4,1
DA:5,1
DA:9,1
DA:10,0
DA:11,0
DA:12,0
DA:14,0
DA:15,0
DA:17,0
DA:18,0
DA:19,0
DA:22,0
DA:24,0
DA:25,0
DA:26,0
DA:27,0
DA:28,0
DA:29,0
DA:31,0
DA:32,0
DA:33,0
DA:34,0
DA:35,0
DA:38,0
DA:39,0
DA:47,0
DA:49,0
DA:50,0
DA:51,0
DA:52,0
DA:53,0
DA:55,0
DA:56,0
DA:58,0
DA:59,0
DA:60,0
DA:61,0
DA:62,0
DA:65,0
DA:67,0
DA:68,0
DA:69,0
DA:70,0
DA:71,0
DA:72,0
DA:73,0
DA:76,0
DA:77,0
DA:82,0
DA:83,0
DA:84,0
DA:88,0
DA:89,0
DA:90,0
DA:91,0
DA:92,0
DA:93,0
DA:94,0
DA:97,0
DA:98,0
DA:103,0
DA:104,0
DA:108,0
DA:109,0
DA:117,0
DA:120,0
DA:121,0
DA:124,0
DA:127,0
DA:128,0
DA:131,0
DA:132,0
DA:135,0
DA:136,0
DA:139,0
DA:140,0
DA:141,0
DA:142,0
DA:146,0
DA:147,0
DA:148,0
DA:149,0
DA:150,0
DA:152,0
DA:153,0
DA:154,0
DA:157,0
DA:158,0
DA:159,0
DA:160,0
DA:163,0
DA:164,0
DA:169,1
LF:96
LH:7
BRDA:27,1,0,0
BRDA:27,1,1,0
BRDA:34,2,0,0
BRDA:34,2,1,0
BRDA:51,3,0,0
BRDA:51,3,1,0
BRDA:59,4,0,0
BRDA:59,4,1,0
BRDA:67,5,0,0
BRDA:67,5,1,0
BRDA:68,6,0,0
BRDA:68,6,1,0
BRDA:68,7,0,0
BRDA:68,7,1,0
BRDA:71,8,0,0
BRDA:71,8,1,0
BRDA:88,9,0,0
BRDA:88,9,1,0
BRDA:89,10,0,0
BRDA:89,10,1,0
BRDA:89,11,0,0
BRDA:89,11,1,0
BRDA:92,12,0,0
BRDA:92,12,1,0
BRDA:152,13,0,0
BRDA:152,13,1,0
BRDA:158,14,0,0
BRDA:158,14,1,0
BRF:28
BRH:0
end_of_record
TN:
SF:C:\Users\Kevin.Jia\Documents\CS169\Cooking Buddy\RatingRecord.js
FN:4,RatingRecord
FNF:1
FNH:0
FNDA:0,RatingRecord
DA:1,1
DA:2,1
DA:4,1
DA:5,0
DA:6,0
DA:7,0
DA:8,0
DA:9,0
DA:10,0
DA:12,1
DA:13,1
DA:15,1
LF:12
LH:6
BRF:0
BRH:0
end_of_record
TN:
SF:C:\Users\Kevin.Jia\Documents\CS169\Cooking Buddy\DatabaseModel.js
FN:2,DatabaseModel
FN:6,(anonymous_2)
FN:11,(anonymous_3)
FN:17,(anonymous_4)
FNF:4
FNH:0
FNDA:0,DatabaseModel
FNDA:0,(anonymous_2)
FNDA:0,(anonymous_3)
FNDA:0,(anonymous_4)
DA:2,1
DA:6,0
DA:11,0
DA:17,0
DA:21,1
DA:22,1
DA:23,1
DA:24,1
DA:25,1
DA:27,1
LF:10
LH:7
BRF:0
BRH:0
end_of_record
